IQ-TREE version 3.0.1 for Linux x86 64-bit built Jul  9 2025
Developed by Bui Quang Minh, Thomas Wong, Nhan Ly-Trong, Huaiyan Ren
Contributed by Lam-Tung Nguyen, Dominik Schrempf, Chris Bielow,
Olga Chernomor, Michael Woodhams, Diep Thi Hoang, Heiko Schmidt

Host:    ON44C03637251 (AVX2, FMA3, 31 GB RAM)
Command: iqtree -s ../CanadianKClade/British_Columbia.fasta -m MFP -B 10000 -alrt 10000 --prefix British_Columbia -T auto
Seed:    214076 (Using SPRNG - Scalable Parallel Random Number Generator)
Time:    Thu Jan  8 15:31:55 2026
Kernel:  AVX+FMA - auto-detect threads (20 CPU cores detected)

Reading alignment file ../CanadianKClade/British_Columbia.fasta ... Fasta format detected
Reading fasta file: done in 0.00243435 secs using 42.64% CPU
Alignment most likely contains DNA/RNA sequences
Constructing alignment: done in 0.00174232 secs using 15.38% CPU
Alignment has 54 sequences with 1653 columns, 48 distinct patterns
13 parsimony-informative, 32 singleton sites, 1608 constant sites
                  Gap/Ambiguity  Composition  p-value
Analyzing sequences: done in 0.100088 secs using 250.5% CPU
   1  EPI_ISL_20212945    0.00%    passed    100.00%
   2  EPI_ISL_20212955    0.00%    passed     99.72%
   3  EPI_ISL_20212992    0.00%    passed    100.00%
   4  EPI_ISL_20249456    0.00%    passed    100.00%
   5  EPI_ISL_20249457    0.00%    passed     99.99%
   6  EPI_ISL_20249459    0.00%    passed    100.00%
   7  EPI_ISL_20258550    0.00%    passed     99.99%
   8  EPI_ISL_20258552    0.00%    passed    100.00%
   9  EPI_ISL_20258554    0.00%    passed     99.98%
  10  EPI_ISL_20258555    0.00%    passed    100.00%
  11  EPI_ISL_20258556    0.00%    passed    100.00%
  12  EPI_ISL_20258558    0.00%    passed     99.98%
  13  EPI_ISL_20258567    0.00%    passed     99.87%
  14  EPI_ISL_20258571    0.00%    passed     99.99%
  15  EPI_ISL_20258572    0.00%    passed     99.99%
  16  EPI_ISL_20258581    0.00%    passed    100.00%
  17  EPI_ISL_20258582    0.00%    passed     99.99%
  18  EPI_ISL_20258593    0.00%    passed    100.00%
  19  EPI_ISL_20258597    0.00%    passed     99.99%
  20  EPI_ISL_20258599    0.00%    passed     99.99%
  21  EPI_ISL_20258600    0.00%    passed    100.00%
  22  EPI_ISL_20258601    0.00%    passed    100.00%
  23  EPI_ISL_20258603    0.00%    passed    100.00%
  24  EPI_ISL_20258605    0.00%    passed     99.90%
  25  EPI_ISL_20258607    0.00%    passed     99.99%
  26  EPI_ISL_20258610    0.00%    passed    100.00%
  27  EPI_ISL_20258612    0.00%    passed    100.00%
  28  EPI_ISL_20258621    0.12%    passed     99.99%
  29  EPI_ISL_20258623    0.00%    passed     99.99%
  30  EPI_ISL_20258624    0.00%    passed    100.00%
  31  EPI_ISL_20258629    0.00%    passed    100.00%
  32  EPI_ISL_20260282    0.00%    passed    100.00%
  33  EPI_ISL_20266585    0.00%    passed     99.99%
  34  EPI_ISL_20266586    0.00%    passed     99.98%
  35  EPI_ISL_20266591    0.00%    passed    100.00%
  36  EPI_ISL_20266592    0.06%    passed     99.98%
  37  EPI_ISL_20289536    0.00%    passed    100.00%
  38  EPI_ISL_20289556    0.00%    passed     99.95%
  39  EPI_ISL_20289568    0.00%    passed    100.00%
  40  EPI_ISL_20289572    0.00%    passed     99.99%
  41  EPI_ISL_20289575    0.00%    passed     99.87%
  42  EPI_ISL_20289579    0.00%    passed     99.99%
  43  EPI_ISL_20289583    0.00%    passed     99.86%
  44  EPI_ISL_20289687    0.00%    passed     99.99%
  45  EPI_ISL_20289688    0.00%    passed     99.86%
  46  EPI_ISL_20289689    0.00%    passed     99.96%
  47  EPI_ISL_20289691    0.00%    passed    100.00%
  48  EPI_ISL_20289693    0.00%    passed     99.98%
  49  EPI_ISL_20289695    0.00%    passed    100.00%
  50  EPI_ISL_20292469    0.00%    passed     99.99%
  51  EPI_ISL_20292470    0.00%    passed     99.96%
  52  EPI_ISL_20292472    0.00%    passed     99.93%
  53  EPI_ISL_20292473    0.00%    passed    100.00%
  54  EPI_ISL_20292476    0.00%    passed     99.99%
****  TOTAL               0.00%  0 sequences failed composition chi2 test (p-value<5%; df=3)
NOTE: EPI_ISL_20249459 is identical to EPI_ISL_20249456 but kept for subsequent analysis
NOTE: EPI_ISL_20258571 is identical to EPI_ISL_20249457 but kept for subsequent analysis
NOTE: EPI_ISL_20258572 is identical to EPI_ISL_20258550 but kept for subsequent analysis
NOTE: EPI_ISL_20258600 is identical to EPI_ISL_20258556 but kept for subsequent analysis
NOTE: EPI_ISL_20258629 is identical to EPI_ISL_20258581 but kept for subsequent analysis
NOTE: EPI_ISL_20289688 is identical to EPI_ISL_20289583 but kept for subsequent analysis
Checking for duplicate sequences: done in 0.0741424 secs using 299% CPU
Identifying sites to remove: done in 0.000527632 secs using 97.42% CPU
NOTE: 20 identical sequences (see below) will be ignored for subsequent analysis
NOTE: EPI_ISL_20258552 (identical to EPI_ISL_20249456) is ignored but added at the end
NOTE: EPI_ISL_20258555 (identical to EPI_ISL_20249456) is ignored but added at the end
NOTE: EPI_ISL_20258593 (identical to EPI_ISL_20249456) is ignored but added at the end
NOTE: EPI_ISL_20258601 (identical to EPI_ISL_20249456) is ignored but added at the end
NOTE: EPI_ISL_20258603 (identical to EPI_ISL_20249456) is ignored but added at the end
NOTE: EPI_ISL_20258610 (identical to EPI_ISL_20249456) is ignored but added at the end
NOTE: EPI_ISL_20258612 (identical to EPI_ISL_20249456) is ignored but added at the end
NOTE: EPI_ISL_20258624 (identical to EPI_ISL_20249456) is ignored but added at the end
NOTE: EPI_ISL_20260282 (identical to EPI_ISL_20249456) is ignored but added at the end
NOTE: EPI_ISL_20258582 (identical to EPI_ISL_20249457) is ignored but added at the end
NOTE: EPI_ISL_20258623 (identical to EPI_ISL_20249457) is ignored but added at the end
NOTE: EPI_ISL_20266585 (identical to EPI_ISL_20249457) is ignored but added at the end
NOTE: EPI_ISL_20289572 (identical to EPI_ISL_20249457) is ignored but added at the end
NOTE: EPI_ISL_20289579 (identical to EPI_ISL_20249457) is ignored but added at the end
NOTE: EPI_ISL_20289687 (identical to EPI_ISL_20249457) is ignored but added at the end
NOTE: EPI_ISL_20292469 (identical to EPI_ISL_20249457) is ignored but added at the end
NOTE: EPI_ISL_20292476 (identical to EPI_ISL_20249457) is ignored but added at the end
NOTE: EPI_ISL_20258597 (identical to EPI_ISL_20258550) is ignored but added at the end
NOTE: EPI_ISL_20258599 (identical to EPI_ISL_20258550) is ignored but added at the end
NOTE: EPI_ISL_20289695 (identical to EPI_ISL_20258556) is ignored but added at the end
Alignment was printed to British_Columbia.uniqueseq.phy

For your convenience alignment with unique sequences printed to British_Columbia.uniqueseq.phy


Create initial parsimony tree by phylogenetic likelihood library (PLL)... 0.004 seconds
Measuring multi-threading efficiency up to 20 CPU cores
Increase to 10 rounds for branch lengths
18993 trees examined
Threads: 1 / Time: 20.000 sec / Speedup: 1.000 / Efficiency: 100% / LogL: -2815
Threads: 2 / Time: 28.223 sec / Speedup: 0.709 / Efficiency: 35% / LogL: -2815
Determining AUTO threadcount: done in 48.225 secs using 154.2% CPU
BEST NUMBER OF THREADS: 1

Perform fast likelihood tree search using GTR+I+G model...
Estimate model parameters (epsilon = 5.000)
Perform nearest neighbor interchange...
Optimizing NNI: done in 0.00369834 secs using 99.94% CPU
Estimate model parameters (epsilon = 1.000)
1. Initial log-likelihood: -2629.134
Optimal log-likelihood: -2628.921
Rate parameters:  A-C: 2.44755  A-G: 21.01574  A-T: 0.00010  C-G: 0.00010  C-T: 14.24294  G-T: 1.00000
Warning! Some parameters hit the boundaries
Base frequencies:  A: 0.346  C: 0.192  G: 0.230  T: 0.232
Proportion of invariable sites: 0.486
Gamma shape alpha: 0.549
Parameters optimization took 1 rounds (0.006 sec)
Time for fast ML tree search: 0.028 seconds

NOTE: ModelFinder requires 2 MB RAM!
ModelFinder will test up to 968 DNA models (sample size: 1653 epsilon: 0.100) ...
 No. Model         -LnL         df  AIC          AICc         BIC
  1  JC            2712.296     65  5554.591     5559.998     5906.264
  2  JC+I          2709.905     66  5551.811     5557.387     5908.894
  3  JC+G4         2709.950     66  5551.899     5557.475     5908.982
  4  JC+I+G4       2709.929     67  5553.859     5559.608     5916.352
  5  JC+R2         2710.803     67  5555.606     5561.355     5918.100
+R3 reinitialized from +R2 with factor 0.500
+R3 reinitialized from +R2 with factor 0.250
  6  JC+R3         2710.860     69  5559.720     5565.822     5933.034
 14  JC+I+R2       2709.963     68  5555.926     5561.850     5923.829
+I+R3 reinitialized from +I+R2 with factor 0.500
 15  JC+I+R3       2710.020     70  5560.040     5566.324     5938.765
 23  JC            2712.296     65  5554.591     5559.998     5906.264
 24  JC+I          2709.905     66  5551.811     5557.387     5908.894
 25  JC+G4         2709.950     66  5551.899     5557.475     5908.982
 45  F81           2712.296     65  5554.591     5559.998     5906.264
 46  F81+I         2709.905     66  5551.811     5557.387     5908.894
 47  F81+G4        2709.950     66  5551.899     5557.475     5908.982
 67  F81+F         2666.821     68  5469.642     5475.566     5837.545
 68  F81+F+I       2664.499     69  5466.997     5473.100     5840.311
 69  F81+F+G4      2664.530     69  5467.060     5473.162     5840.374
 89  K2P           2679.068     66  5490.137     5495.713     5847.220
 90  K2P+I         2676.662     67  5487.323     5493.072     5849.816
 91  K2P+G4        2676.709     67  5487.418     5493.167     5849.911
111  K2P           2679.068     66  5490.137     5495.713     5847.220
112  K2P+I         2676.662     67  5487.323     5493.072     5849.816
113  K2P+G4        2676.709     67  5487.418     5493.167     5849.911
133  HKY           2679.068     66  5490.137     5495.713     5847.219
134  HKY+I         2676.661     67  5487.323     5493.072     5849.816
135  HKY+G4        2676.709     67  5487.418     5493.167     5849.911
155  HKY+F         2634.035     69  5406.070     5412.173     5779.384
156  HKY+F+I       2631.928     70  5403.857     5410.140     5782.581
157  HKY+F+G4      2631.933     70  5403.866     5410.149     5782.590
177  TNe           2678.193     67  5490.386     5496.135     5852.879
178  TNe+I         2675.829     68  5487.658     5493.583     5855.562
179  TNe+G4        2675.867     68  5487.733     5493.658     5855.637
199  TNe           2678.193     67  5490.386     5496.135     5852.879
200  TNe+I         2675.829     68  5487.658     5493.583     5855.562
201  TNe+G4        2675.867     68  5487.733     5493.658     5855.637
221  TN            2678.193     67  5490.386     5496.135     5852.879
222  TN+I          2675.829     68  5487.658     5493.582     5855.561
223  TN+G4         2675.866     68  5487.733     5493.657     5855.636
243  TN+F          2633.932     70  5407.864     5414.147     5786.588
244  TN+F+I        2631.834     71  5405.668     5412.135     5789.803
245  TN+F+G4       2631.838     71  5405.676     5412.143     5789.811
265  K3P           2675.606     67  5485.212     5490.961     5847.705
266  K3P+I         2673.229     68  5482.458     5488.382     5850.361
267  K3P+G4        2673.269     68  5482.539     5488.463     5850.442
287  K3P           2675.606     67  5485.212     5490.961     5847.705
288  K3P+I         2673.229     68  5482.458     5488.382     5850.361
289  K3P+G4        2673.269     68  5482.539     5488.463     5850.442
309  K3Pu          2675.605     67  5485.209     5490.958     5847.702
310  K3Pu+I        2673.228     68  5482.456     5488.380     5850.359
311  K3Pu+G4       2673.269     68  5482.539     5488.463     5850.442
331  K3Pu+F        2630.481     70  5400.962     5407.245     5779.686
332  K3Pu+F+I      2628.410     71  5398.820     5405.287     5782.955
333  K3Pu+F+G4     2628.413     71  5398.825     5405.292     5782.960
353  TPM2          2679.046     67  5492.091     5497.840     5854.585
354  TPM2+I        2676.627     68  5489.254     5495.179     5857.158
355  TPM2+G4       2676.677     68  5489.355     5495.279     5857.258
375  TPM2          2679.046     67  5492.091     5497.840     5854.585
376  TPM2+I        2676.627     68  5489.254     5495.179     5857.158
377  TPM2+G4       2676.677     68  5489.355     5495.279     5857.258
397  TPM2u         2679.045     67  5492.090     5497.839     5854.583
398  TPM2u+I       2676.627     68  5489.254     5495.179     5857.158
399  TPM2u+G4      2676.677     68  5489.354     5495.278     5857.258
419  TPM2u+F       2634.035     70  5408.070     5414.353     5786.794
420  TPM2u+F+I     2631.924     71  5405.849     5412.316     5789.984
421  TPM2u+F+G4    2631.929     71  5405.859     5412.326     5789.994
441  TPM3          2678.918     67  5491.836     5497.585     5854.329
442  TPM3+I        2676.519     68  5489.038     5494.963     5856.942
443  TPM3+G4       2676.565     68  5489.130     5495.054     5857.034
463  TPM3          2678.918     67  5491.836     5497.585     5854.329
464  TPM3+I        2676.519     68  5489.038     5494.963     5856.942
465  TPM3+G4       2676.565     68  5489.130     5495.054     5857.034
485  TPM3u         2678.918     67  5491.836     5497.585     5854.329
486  TPM3u+I       2676.519     68  5489.038     5494.963     5856.942
487  TPM3u+G4      2676.565     68  5489.130     5495.054     5857.034
507  TPM3u+F       2633.817     70  5407.633     5413.917     5786.358
508  TPM3u+F+I     2631.714     71  5405.429     5411.895     5789.563
509  TPM3u+F+G4    2631.719     71  5405.437     5411.904     5789.572
529  TIMe          2674.776     68  5485.552     5491.476     5853.455
530  TIMe+I        2672.412     69  5482.824     5488.926     5856.138
531  TIMe+G4       2672.445     69  5482.889     5488.992     5856.203
551  TIMe          2674.776     68  5485.552     5491.476     5853.455
552  TIMe+I        2672.412     69  5482.824     5488.926     5856.138
553  TIMe+G4       2672.445     69  5482.889     5488.992     5856.203
573  TIM           2674.753     68  5485.506     5491.430     5853.409
574  TIM+I         2672.412     69  5482.824     5488.926     5856.138
575  TIM+G4        2672.445     69  5482.889     5488.992     5856.203
595  TIM+F         2630.434     71  5402.868     5409.335     5787.003
596  TIM+F+I       2628.370     72  5400.740     5407.393     5790.285
597  TIM+F+G4      2628.372     72  5400.744     5407.397     5790.289
617  TIM2e         2678.171     68  5492.343     5498.267     5860.246
618  TIM2e+I       2675.799     69  5489.598     5495.700     5862.912
619  TIM2e+G4      2675.838     69  5489.676     5495.779     5862.990
639  TIM2e         2678.171     68  5492.343     5498.267     5860.246
640  TIM2e+I       2675.799     69  5489.598     5495.700     5862.912
641  TIM2e+G4      2675.838     69  5489.676     5495.779     5862.990
661  TIM2          2678.171     68  5492.343     5498.267     5860.246
662  TIM2+I        2675.798     69  5489.597     5495.699     5862.911
663  TIM2+G4       2675.838     69  5489.676     5495.779     5862.990
683  TIM2+F        2633.927     71  5409.853     5416.320     5793.988
684  TIM2+F+I      2631.826     72  5407.652     5414.305     5797.197
685  TIM2+F+G4     2631.830     72  5407.660     5414.314     5797.205
705  TIM3e         2678.045     68  5492.089     5498.013     5859.993
706  TIM3e+I       2675.689     69  5489.378     5495.480     5862.692
707  TIM3e+G4      2675.725     69  5489.451     5495.553     5862.765
727  TIM3e         2678.045     68  5492.089     5498.013     5859.993
728  TIM3e+I       2675.689     69  5489.378     5495.480     5862.692
729  TIM3e+G4      2675.725     69  5489.451     5495.553     5862.765
749  TIM3          2678.044     68  5492.089     5498.013     5859.993
750  TIM3+I        2675.689     69  5489.378     5495.480     5862.692
751  TIM3+G4       2675.725     69  5489.451     5495.553     5862.765
771  TIM3+F        2633.708     71  5409.416     5415.883     5793.551
772  TIM3+F+I      2631.615     72  5407.231     5413.884     5796.776
773  TIM3+F+G4     2631.619     72  5407.238     5413.891     5796.783
793  TVMe          2676.043     69  5490.086     5496.188     5863.400
794  TVMe+I        2673.603     70  5487.206     5493.489     5865.930
795  TVMe+G4       2673.643     70  5487.285     5493.568     5866.009
815  TVMe          2676.043     69  5490.086     5496.188     5863.400
816  TVMe+I        2673.603     70  5487.206     5493.489     5865.930
817  TVMe+G4       2673.643     70  5487.285     5493.568     5866.009
837  TVM           2675.585     69  5489.170     5495.273     5862.484
838  TVM+I         2673.203     70  5486.406     5492.689     5865.130
839  TVM+G4        2673.245     70  5486.490     5492.773     5865.214
859  TVM+F         2630.462     72  5404.923     5411.577     5794.468
860  TVM+F+I       2628.388     73  5402.775     5409.617     5797.730
861  TVM+F+G4      2628.390     73  5402.779     5409.622     5797.735
881  SYM           2674.694     70  5489.389     5495.672     5868.113
882  SYM+I         2672.343     71  5486.686     5493.152     5870.820
883  SYM+G4        2672.378     71  5486.755     5493.222     5870.890
903  SYM           2674.694     70  5489.389     5495.672     5868.113
904  SYM+I         2672.343     71  5486.686     5493.152     5870.820
905  SYM+G4        2672.378     71  5486.755     5493.222     5870.890
925  GTR           2674.693     70  5489.385     5495.668     5868.109
926  GTR+I         2672.343     71  5486.686     5493.152     5870.820
927  GTR+G4        2672.378     71  5486.755     5493.222     5870.890
947  GTR+F         2630.390     73  5406.780     5413.622     5801.735
948  GTR+F+I       2628.326     74  5404.653     5411.687     5805.019
949  GTR+F+G4      2628.334     74  5404.669     5411.703     5805.035
Akaike Information Criterion:           K3Pu+F+I
Corrected Akaike Information Criterion: K3Pu+F+I
Bayesian Information Criterion:         HKY+F
Best-fit model: HKY+F chosen according to BIC

All model information printed to British_Columbia.model.gz
CPU time for ModelFinder: 75.396 seconds (0h:1m:15s)
Wall-clock time for ModelFinder: 48.820 seconds (0h:0m:48s)
Generating 10000 samples for ultrafast bootstrap (seed: 214076)...

NOTE: 2 MB RAM (0 GB) is required!
Estimate model parameters (epsilon = 0.100)
1. Initial log-likelihood: -2634.030
Optimal log-likelihood: -2634.030
Rate parameters:  A-C: 1.00000  A-G: 16.65263  A-T: 1.00000  C-G: 1.00000  C-T: 16.65263  G-T: 1.00000
Base frequencies:  A: 0.346  C: 0.192  G: 0.230  T: 0.232
Parameters optimization took 1 rounds (0.002 sec)
Wrote distance file to... 
Computing ML distances based on estimated model parameters...
Calculating distance matrix: done in 0.00265189 secs using 99.93% CPU
Computing ML distances took 0.003418 sec (of wall-clock time) 0.002836 sec (of CPU time)
Setting up auxiliary I and S matrices: done in 9.6448e-05 secs using 98.5% CPU
Constructing RapidNJ tree: done in 0.000223723 secs using 99.23% CPU
Computing RapidNJ tree took 0.001114 sec (of wall-clock time) 0.000569 sec (of CPU time)
Log-likelihood of RapidNJ tree: -2634.083
--------------------------------------------------------------------
|             INITIALIZING CANDIDATE TREE SET                      |
--------------------------------------------------------------------
Generating 98 parsimony trees... 0.061 second
Computing log-likelihood of 98 initial trees ... 0.051 seconds
Current best score: -2632.244

Do NNI search on 20 best initial trees
Optimizing NNI: done in 0.0148062 secs using 99.97% CPU
Estimate model parameters (epsilon = 0.100)
BETTER TREE FOUND at iteration 1: -2632.244
Optimizing NNI: done in 0.0113478 secs using 99.97% CPU
Optimizing NNI: done in 0.0101165 secs using 99.98% CPU
BETTER TREE FOUND at iteration 3: -2632.244
Optimizing NNI: done in 0.0105011 secs using 99.96% CPU
Optimizing NNI: done in 0.00935146 secs using 99.97% CPU
Optimizing NNI: done in 0.00942396 secs using 99.95% CPU
Optimizing NNI: done in 0.00931215 secs using 99.97% CPU
Optimizing NNI: done in 0.00944795 secs using 99.95% CPU
Optimizing NNI: done in 0.00858386 secs using 99.97% CPU
Optimizing NNI: done in 0.00923981 secs using 99.96% CPU
Iteration 10 / LogL: -2632.244 / Time: 0h:0m:49s
Optimizing NNI: done in 0.00793925 secs using 99.96% CPU
Optimizing NNI: done in 0.00797303 secs using 99.97% CPU
Optimizing NNI: done in 0.0117097 secs using 99.97% CPU
Optimizing NNI: done in 0.00840971 secs using 99.94% CPU
Optimizing NNI: done in 0.0088425 secs using 99.96% CPU
Optimizing NNI: done in 0.0124811 secs using 99.97% CPU
Optimizing NNI: done in 0.0135744 secs using 99.98% CPU
Optimizing NNI: done in 0.0129961 secs using 99.98% CPU
Optimizing NNI: done in 0.00817788 secs using 99.96% CPU
Optimizing NNI: done in 0.0141558 secs using 99.97% CPU
Iteration 20 / LogL: -2632.244 / Time: 0h:0m:49s
Finish initializing candidate tree set (20)
Current best tree score: -2632.244 / CPU time: 0.371
Number of iterations: 20
--------------------------------------------------------------------
|               OPTIMIZING CANDIDATE TREE SET                      |
--------------------------------------------------------------------
Optimizing NNI: done in 0.014222 secs using 99.98% CPU
Optimizing NNI: done in 0.00656854 secs using 99.98% CPU
Optimizing NNI: done in 0.00687873 secs using 99.96% CPU
Optimizing NNI: done in 0.0146788 secs using 99.98% CPU
Optimizing NNI: done in 0.0177127 secs using 99.98% CPU
Optimizing NNI: done in 0.0121695 secs using 99.97% CPU
Optimizing NNI: done in 0.0166404 secs using 99.97% CPU
Optimizing NNI: done in 0.0153899 secs using 99.97% CPU
Optimizing NNI: done in 0.00724347 secs using 99.92% CPU
Optimizing NNI: done in 0.0142506 secs using 99.97% CPU
Iteration 30 / LogL: -2632.249 / Time: 0h:0m:49s (0h:0m:1s left)
Optimizing NNI: done in 0.0285002 secs using 99.99% CPU
Optimizing NNI: done in 0.00728474 secs using 99.96% CPU
Optimizing NNI: done in 0.0122409 secs using 99.98% CPU
Optimizing NNI: done in 0.0124714 secs using 99.97% CPU
Optimizing NNI: done in 0.00695581 secs using 99.96% CPU
Optimizing NNI: done in 0.0217142 secs using 99.99% CPU
Optimizing NNI: done in 0.013369 secs using 99.97% CPU
Optimizing NNI: done in 0.0155453 secs using 75.4% CPU
Optimizing NNI: done in 0.00857153 secs using 99.94% CPU
Optimizing NNI: done in 0.0126177 secs using 99.97% CPU
Iteration 40 / LogL: -2632.246 / Time: 0h:0m:49s (0h:0m:1s left)
Optimizing NNI: done in 0.00743845 secs using 99.95% CPU
Optimizing NNI: done in 0.0158145 secs using 99.98% CPU
Optimizing NNI: done in 0.00841918 secs using 99.96% CPU
Optimizing NNI: done in 0.0143562 secs using 99.98% CPU
Optimizing NNI: done in 0.0126846 secs using 99.96% CPU
Optimizing NNI: done in 0.0157199 secs using 99.98% CPU
Optimizing NNI: done in 0.0184555 secs using 99.97% CPU
Optimizing NNI: done in 0.0144023 secs using 99.97% CPU
Optimizing NNI: done in 0.0181093 secs using 99.97% CPU
Optimizing NNI: done in 0.0166642 secs using 99.98% CPU
Iteration 50 / LogL: -2632.265 / Time: 0h:0m:50s (0h:0m:1s left)
Log-likelihood cutoff on original alignment: -2671.902
Optimizing NNI: done in 0.0172266 secs using 99.77% CPU
Optimizing NNI: done in 0.0130273 secs using 99.97% CPU
Optimizing NNI: done in 0.0140382 secs using 99.98% CPU
Optimizing NNI: done in 0.0123335 secs using 99.97% CPU
Optimizing NNI: done in 0.0190778 secs using 99.98% CPU
Optimizing NNI: done in 0.00865512 secs using 99.86% CPU
Optimizing NNI: done in 0.00968754 secs using 99.73% CPU
Optimizing NNI: done in 0.00704817 secs using 99.96% CPU
Optimizing NNI: done in 0.0079291 secs using 99.92% CPU
Optimizing NNI: done in 0.0188035 secs using 99.97% CPU
Iteration 60 / LogL: -2632.253 / Time: 0h:0m:51s (0h:0m:1s left)
Optimizing NNI: done in 0.00801227 secs using 99.97% CPU
Optimizing NNI: done in 0.00794863 secs using 99.98% CPU
Optimizing NNI: done in 0.00998044 secs using 99.97% CPU
Optimizing NNI: done in 0.0235426 secs using 99.98% CPU
Optimizing NNI: done in 0.0222349 secs using 99.99% CPU
Optimizing NNI: done in 0.0137967 secs using 99.97% CPU
Optimizing NNI: done in 0.0116764 secs using 99.97% CPU
Optimizing NNI: done in 0.0122138 secs using 99.98% CPU
Optimizing NNI: done in 0.00840673 secs using 99.96% CPU
Optimizing NNI: done in 0.0074102 secs using 99.97% CPU
Iteration 70 / LogL: -2639.053 / Time: 0h:0m:51s (0h:0m:1s left)
Optimizing NNI: done in 0.0110676 secs using 99.99% CPU
Optimizing NNI: done in 0.00812189 secs using 99.96% CPU
Optimizing NNI: done in 0.00811807 secs using 99.95% CPU
Optimizing NNI: done in 0.0318738 secs using 99.93% CPU
Optimizing NNI: done in 0.0116397 secs using 99.97% CPU
Optimizing NNI: done in 0.006782 secs using 99.94% CPU
Optimizing NNI: done in 0.0103578 secs using 99.97% CPU
Optimizing NNI: done in 0.0170833 secs using 76.89% CPU
Optimizing NNI: done in 0.0116622 secs using 99.95% CPU
Optimizing NNI: done in 0.0210015 secs using 99.85% CPU
Iteration 80 / LogL: -2632.256 / Time: 0h:0m:51s (0h:0m:0s left)
Optimizing NNI: done in 0.00844229 secs using 99.38% CPU
Optimizing NNI: done in 0.014247 secs using 99.97% CPU
Optimizing NNI: done in 0.0202658 secs using 80.68% CPU
Optimizing NNI: done in 0.0156223 secs using 99.59% CPU
Optimizing NNI: done in 0.00769869 secs using 99.97% CPU
Optimizing NNI: done in 0.0133697 secs using 99.97% CPU
Optimizing NNI: done in 0.0123814 secs using 99.97% CPU
Optimizing NNI: done in 0.0148542 secs using 99.97% CPU
Optimizing NNI: done in 0.00790308 secs using 99.95% CPU
Optimizing NNI: done in 0.0121119 secs using 99.98% CPU
Iteration 90 / LogL: -2632.252 / Time: 0h:0m:52s (0h:0m:0s left)
Optimizing NNI: done in 0.00799575 secs using 99.95% CPU
Optimizing NNI: done in 0.0137694 secs using 99.97% CPU
Optimizing NNI: done in 0.0128779 secs using 99.98% CPU
Optimizing NNI: done in 0.0131354 secs using 99.97% CPU
Optimizing NNI: done in 0.0148763 secs using 99.98% CPU
Optimizing NNI: done in 0.0160001 secs using 99.99% CPU
Optimizing NNI: done in 0.0123687 secs using 69.59% CPU
Optimizing NNI: done in 0.0167732 secs using 99.68% CPU
Optimizing NNI: done in 0.00899381 secs using 99.97% CPU
Optimizing NNI: done in 0.0133691 secs using 99.98% CPU
Iteration 100 / LogL: -2644.461 / Time: 0h:0m:52s (0h:0m:0s left)
Log-likelihood cutoff on original alignment: -2672.225
NOTE: Bootstrap correlation coefficient of split occurrence frequencies: 0.950
NOTE: UFBoot does not converge, continue at least 100 more iterations
Optimizing NNI: done in 0.0101264 secs using 99.62% CPU
Optimizing NNI: done in 0.0137385 secs using 99.97% CPU
Optimizing NNI: done in 0.0130921 secs using 99.97% CPU
Optimizing NNI: done in 0.0187295 secs using 99.76% CPU
Optimizing NNI: done in 0.00565958 secs using 99.95% CPU
Optimizing NNI: done in 0.0186408 secs using 99.98% CPU
Optimizing NNI: done in 0.0210439 secs using 99.99% CPU
Optimizing NNI: done in 0.0171266 secs using 99.99% CPU
Optimizing NNI: done in 0.0142133 secs using 99.97% CPU
Optimizing NNI: done in 0.00875449 secs using 99.97% CPU
Iteration 110 / LogL: -2632.260 / Time: 0h:0m:53s (0h:0m:3s left)
Optimizing NNI: done in 0.00767287 secs using 99.64% CPU
Optimizing NNI: done in 0.00789578 secs using 99.96% CPU
Optimizing NNI: done in 0.00820636 secs using 99.95% CPU
Optimizing NNI: done in 0.00696751 secs using 99.96% CPU
Optimizing NNI: done in 0.00943365 secs using 99.93% CPU
Optimizing NNI: done in 0.0198445 secs using 99.72% CPU
Optimizing NNI: done in 0.0111312 secs using 99.97% CPU
Optimizing NNI: done in 0.0207935 secs using 80.78% CPU
Optimizing NNI: done in 0.0163131 secs using 99.98% CPU
Optimizing NNI: done in 0.0228746 secs using 99.98% CPU
Iteration 120 / LogL: -2632.250 / Time: 0h:0m:53s (0h:0m:3s left)
Optimizing NNI: done in 0.0134456 secs using 99.97% CPU
Optimizing NNI: done in 0.0102254 secs using 99.98% CPU
Optimizing NNI: done in 0.00326921 secs using 99.93% CPU
Optimizing NNI: done in 0.0160523 secs using 99.98% CPU
Optimizing NNI: done in 0.0217643 secs using 99.98% CPU
Optimizing NNI: done in 0.0083909 secs using 99.95% CPU
Optimizing NNI: done in 0.0216503 secs using 99.99% CPU
Optimizing NNI: done in 0.0173656 secs using 99.99% CPU
Optimizing NNI: done in 0.0124696 secs using 99.96% CPU
Optimizing NNI: done in 0.0136048 secs using 99.96% CPU
Iteration 130 / LogL: -2632.251 / Time: 0h:0m:54s (0h:0m:2s left)
Optimizing NNI: done in 0.0112723 secs using 99.98% CPU
Optimizing NNI: done in 0.0128699 secs using 99.97% CPU
Optimizing NNI: done in 0.0125528 secs using 99.97% CPU
Optimizing NNI: done in 0.00785321 secs using 99.98% CPU
Optimizing NNI: done in 0.0100731 secs using 99.98% CPU
Optimizing NNI: done in 0.0119372 secs using 99.96% CPU
Optimizing NNI: done in 0.00784823 secs
Optimizing NNI: done in 0.0121054 secs using 99.62% CPU
Optimizing NNI: done in 0.018374 secs using 99.96% CPU
Optimizing NNI: done in 0.0171112 secs using 99.98% CPU
Iteration 140 / LogL: -2638.345 / Time: 0h:0m:54s (0h:0m:2s left)
Optimizing NNI: done in 0.00781105 secs using 99.95% CPU
Optimizing NNI: done in 0.0137494 secs using 71.4% CPU
Optimizing NNI: done in 0.0087408 secs using 99.33% CPU
Optimizing NNI: done in 0.0105306 secs using 99.97% CPU
Optimizing NNI: done in 0.0153269 secs using 99.98% CPU
Optimizing NNI: done in 0.0143175 secs using 99.98% CPU
Optimizing NNI: done in 0.0146796 secs using 99.98% CPU
Optimizing NNI: done in 0.0205649 secs using 99.99% CPU
Optimizing NNI: done in 0.0138607 secs using 99.88% CPU
Optimizing NNI: done in 0.011133 secs using 99.96% CPU
Iteration 150 / LogL: -2639.055 / Time: 0h:0m:54s (0h:0m:1s left)
Log-likelihood cutoff on original alignment: -2672.225
Optimizing NNI: done in 0.0170224 secs using 99.97% CPU
Optimizing NNI: done in 0.0147334 secs using 99.98% CPU
Optimizing NNI: done in 0.0130368 secs using 99.98% CPU
Optimizing NNI: done in 0.0116104 secs using 99.97% CPU
Optimizing NNI: done in 0.00803738 secs using 99.97% CPU
Optimizing NNI: done in 0.0195154 secs using 99.98% CPU
Optimizing NNI: done in 0.01332 secs using 99.98% CPU
Optimizing NNI: done in 0.015791 secs using 99.99% CPU
Optimizing NNI: done in 0.0106037 secs using 99.97% CPU
Optimizing NNI: done in 0.0130911 secs using 99.98% CPU
Iteration 160 / LogL: -2632.251 / Time: 0h:0m:55s (0h:0m:1s left)
Optimizing NNI: done in 0.0112408 secs using 99.98% CPU
Optimizing NNI: done in 0.00805101 secs using 99.95% CPU
Optimizing NNI: done in 0.0126759 secs using 99.98% CPU
Optimizing NNI: done in 0.011893 secs using 99.97% CPU
Optimizing NNI: done in 0.0199472 secs using 99.98% CPU
Optimizing NNI: done in 0.0122832 secs using 99.98% CPU
Optimizing NNI: done in 0.0153517 secs using 99.98% CPU
Optimizing NNI: done in 0.00937764 secs using 99.96% CPU
Optimizing NNI: done in 0.00777405 secs using 99.96% CPU
Optimizing NNI: done in 0.00700396 secs using 99.97% CPU
Iteration 170 / LogL: -2632.268 / Time: 0h:0m:55s (0h:0m:1s left)
Optimizing NNI: done in 0.0181773 secs using 99.97% CPU
Optimizing NNI: done in 0.0223188 secs using 99.99% CPU
Optimizing NNI: done in 0.0133842 secs using 99.98% CPU
Optimizing NNI: done in 0.013251 secs using 99.97% CPU
Optimizing NNI: done in 0.0131063 secs using 99.97% CPU
Optimizing NNI: done in 0.0101176 secs using 99.97% CPU
Optimizing NNI: done in 0.00733145 secs using 99.95% CPU
Optimizing NNI: done in 0.0122512 secs using 99.97% CPU
Optimizing NNI: done in 0.00833785 secs using 99.95% CPU
Optimizing NNI: done in 0.0159034 secs using 99.98% CPU
Iteration 180 / LogL: -2632.254 / Time: 0h:0m:56s (0h:0m:0s left)
Optimizing NNI: done in 0.00738046 secs using 99.97% CPU
Optimizing NNI: done in 0.0209545 secs using 99.98% CPU
Optimizing NNI: done in 0.0146151 secs using 99.98% CPU
Optimizing NNI: done in 0.0082697 secs using 99.96% CPU
Optimizing NNI: done in 0.0128692 secs using 99.97% CPU
Optimizing NNI: done in 0.0242791 secs using 99.98% CPU
Optimizing NNI: done in 0.00687651 secs using 99.96% CPU
Optimizing NNI: done in 0.0128143 secs using 99.97% CPU
Optimizing NNI: done in 0.0220884 secs using 99.98% CPU
Optimizing NNI: done in 0.0112372 secs using 99.98% CPU
Iteration 190 / LogL: -2632.252 / Time: 0h:0m:56s (0h:0m:0s left)
Optimizing NNI: done in 0.00753955 secs using 99.98% CPU
Optimizing NNI: done in 0.0143824 secs using 99.98% CPU
Optimizing NNI: done in 0.00798069 secs using 99.95% CPU
Optimizing NNI: done in 0.0212978 secs using 99.99% CPU
Optimizing NNI: done in 0.0078931 secs using 99.97% CPU
Optimizing NNI: done in 0.00679363 secs using 99.96% CPU
Optimizing NNI: done in 0.0156487 secs using 99.98% CPU
Optimizing NNI: done in 0.015443 secs using 99.97% CPU
Optimizing NNI: done in 0.0214208 secs using 99.99% CPU
Optimizing NNI: done in 0.00750945 secs using 99.94% CPU
Iteration 200 / LogL: -2639.052 / Time: 0h:0m:57s (0h:0m:0s left)
Log-likelihood cutoff on original alignment: -2673.718
NOTE: Bootstrap correlation coefficient of split occurrence frequencies: 0.966
NOTE: UFBoot does not converge, continue at least 100 more iterations
Optimizing NNI: done in 0.0153743 secs using 99.97% CPU
Optimizing NNI: done in 0.0128284 secs using 99.97% CPU
Optimizing NNI: done in 0.0220763 secs using 99.98% CPU
Optimizing NNI: done in 0.0155247 secs using 99.99% CPU
Optimizing NNI: done in 0.00792397 secs using 99.95% CPU
Optimizing NNI: done in 0.0111125 secs using 99.98% CPU
Optimizing NNI: done in 0.0113233 secs using 99.97% CPU
Optimizing NNI: done in 0.0168177 secs using 99.97% CPU
Optimizing NNI: done in 0.0173492 secs using 78.07% CPU
Optimizing NNI: done in 0.0113517 secs using 99.97% CPU
Iteration 210 / LogL: -2632.249 / Time: 0h:0m:58s (0h:0m:3s left)
Optimizing NNI: done in 0.0267368 secs using 99.99% CPU
Optimizing NNI: done in 0.0128172 secs using 99.97% CPU
Optimizing NNI: done in 0.00818322 secs using 99.96% CPU
Optimizing NNI: done in 0.0115324 secs using 99.95% CPU
Optimizing NNI: done in 0.0078694 secs using 99.97% CPU
Optimizing NNI: done in 0.0129808 secs using 99.96% CPU
Optimizing NNI: done in 0.00773483 secs using 99.94% CPU
Optimizing NNI: done in 0.0213917 secs using 99.98% CPU
Optimizing NNI: done in 0.00758491 secs using 99.95% CPU
Optimizing NNI: done in 0.0113698 secs using 99.98% CPU
Iteration 220 / LogL: -2632.246 / Time: 0h:0m:58s (0h:0m:3s left)
Optimizing NNI: done in 0.00717408 secs using 99.94% CPU
Optimizing NNI: done in 0.018093 secs using 99.99% CPU
Optimizing NNI: done in 0.0075933 secs using 99.97% CPU
Optimizing NNI: done in 0.0119714 secs using 99.97% CPU
Optimizing NNI: done in 0.0112313 secs using 99.98% CPU
Optimizing NNI: done in 0.0224254 secs using 99.98% CPU
Optimizing NNI: done in 0.0150285 secs using 99.98% CPU
Optimizing NNI: done in 0.0135072 secs using 99.98% CPU
Optimizing NNI: done in 0.0112324 secs using 99.97% CPU
Optimizing NNI: done in 0.0180736 secs using 99.97% CPU
Iteration 230 / LogL: -2632.254 / Time: 0h:0m:58s (0h:0m:3s left)
Optimizing NNI: done in 0.01409 secs using 99.98% CPU
Optimizing NNI: done in 0.00877455 secs using 99.97% CPU
Optimizing NNI: done in 0.017472 secs using 99.98% CPU
Optimizing NNI: done in 0.00762983 secs using 99.96% CPU
Optimizing NNI: done in 0.0134774 secs using 99.98% CPU
Optimizing NNI: done in 0.0175121 secs using 99.99% CPU
Optimizing NNI: done in 0.012693 secs using 99.97% CPU
Optimizing NNI: done in 0.00784395 secs using 99.98% CPU
Optimizing NNI: done in 0.00732083 secs using 99.96% CPU
Optimizing NNI: done in 0.0181399 secs using 99.98% CPU
Iteration 240 / LogL: -2632.255 / Time: 0h:0m:59s (0h:0m:2s left)
Optimizing NNI: done in 0.00943474 secs using 99.96% CPU
Optimizing NNI: done in 0.00711417 secs using 99.93% CPU
Optimizing NNI: done in 0.0120152 secs using 99.96% CPU
Optimizing NNI: done in 0.0212736 secs using 99.97% CPU
Optimizing NNI: done in 0.0155316 secs using 99.98% CPU
Optimizing NNI: done in 0.012645 secs using 99.97% CPU
Optimizing NNI: done in 0.00742334 secs using 99.97% CPU
Optimizing NNI: done in 0.00690516 secs using 99.95% CPU
Optimizing NNI: done in 0.0260825 secs using 99.99% CPU
Optimizing NNI: done in 0.0189845 secs using 99.97% CPU
Iteration 250 / LogL: -2632.249 / Time: 0h:0m:59s (0h:0m:2s left)
Log-likelihood cutoff on original alignment: -2674.505
Optimizing NNI: done in 0.0135586 secs using 99.97% CPU
Optimizing NNI: done in 0.0155696 secs using 99.98% CPU
Optimizing NNI: done in 0.0158831 secs using 99.98% CPU
Optimizing NNI: done in 0.0138528 secs using 99.98% CPU
Optimizing NNI: done in 0.00976483 secs using 99.98% CPU
Optimizing NNI: done in 0.00680139 secs using 99.95% CPU
Optimizing NNI: done in 0.0196522 secs using 99.98% CPU
Optimizing NNI: done in 0.0195863 secs using 81.44% CPU
Optimizing NNI: done in 0.00712716 secs using 99.96% CPU
Optimizing NNI: done in 0.0190473 secs using 99.97% CPU
Iteration 260 / LogL: -2632.255 / Time: 0h:1m:0s (0h:0m:1s left)
Optimizing NNI: done in 0.0134978 secs using 99.94% CPU
Optimizing NNI: done in 0.0166099 secs using 99.97% CPU
Optimizing NNI: done in 0.0122961 secs using 99.98% CPU
Optimizing NNI: done in 0.0156851 secs using 99.94% CPU
Optimizing NNI: done in 0.0126139 secs using 99.98% CPU
Optimizing NNI: done in 0.010664 secs using 99.98% CPU
Optimizing NNI: done in 0.00744517 secs using 47.63% CPU
Optimizing NNI: done in 0.0122691 secs using 99.84% CPU
Optimizing NNI: done in 0.0115403 secs using 99.98% CPU
Optimizing NNI: done in 0.00739141 secs using 99.97% CPU
Iteration 270 / LogL: -2632.244 / Time: 0h:1m:0s (0h:0m:1s left)
Optimizing NNI: done in 0.00728572 secs using 99.94% CPU
Optimizing NNI: done in 0.0123954 secs using 99.96% CPU
Optimizing NNI: done in 0.0080804 secs using 99.97% CPU
Optimizing NNI: done in 0.00671583 secs using 99.94% CPU
Optimizing NNI: done in 0.00944277 secs using 99.97% CPU
Optimizing NNI: done in 0.00741492 secs using 99.96% CPU
Optimizing NNI: done in 0.0136107 secs using 99.98% CPU
Optimizing NNI: done in 0.00738973 secs using 99.96% CPU
Optimizing NNI: done in 0.0173328 secs using 99.99% CPU
Optimizing NNI: done in 0.00738473 secs using 99.95% CPU
Iteration 280 / LogL: -2632.257 / Time: 0h:1m:1s (0h:0m:0s left)
Optimizing NNI: done in 0.0180653 secs using 99.98% CPU
Optimizing NNI: done in 0.0199213 secs using 99.99% CPU
Optimizing NNI: done in 0.00781758 secs using 99.95% CPU
Optimizing NNI: done in 0.00703643 secs using 99.97% CPU
Optimizing NNI: done in 0.0198295 secs using 99.99% CPU
Optimizing NNI: done in 0.00776043 secs using 99.97% CPU
Optimizing NNI: done in 0.00732794 secs using 99.97% CPU
Optimizing NNI: done in 0.0073715 secs using 99.97% CPU
Optimizing NNI: done in 0.00771999 secs using 99.96% CPU
Optimizing NNI: done in 0.0116626 secs using 99.69% CPU
Iteration 290 / LogL: -2632.246 / Time: 0h:1m:1s (0h:0m:0s left)
Optimizing NNI: done in 0.0133404 secs using 99.94% CPU
Optimizing NNI: done in 0.00722465 secs using 99.96% CPU
Optimizing NNI: done in 0.0114746 secs using 99.9% CPU
Optimizing NNI: done in 0.00705848 secs using 99.67% CPU
Optimizing NNI: done in 0.0120066 secs using 99.98% CPU
Optimizing NNI: done in 0.0144586 secs using 99.99% CPU
Optimizing NNI: done in 0.0156097 secs using 99.98% CPU
Optimizing NNI: done in 0.0152948 secs using 99.98% CPU
Optimizing NNI: done in 0.0118119 secs using 99.98% CPU
Optimizing NNI: done in 0.00685289 secs using 99.97% CPU
Iteration 300 / LogL: -2638.348 / Time: 0h:1m:1s (0h:0m:0s left)
Log-likelihood cutoff on original alignment: -2674.789
NOTE: Bootstrap correlation coefficient of split occurrence frequencies: 0.971
NOTE: UFBoot does not converge, continue at least 100 more iterations
Optimizing NNI: done in 0.00719272 secs using 99.42% CPU
Optimizing NNI: done in 0.00987054 secs using 99.27% CPU
Optimizing NNI: done in 0.0120821 secs using 99.97% CPU
Optimizing NNI: done in 0.0171563 secs using 99.99% CPU
Optimizing NNI: done in 0.0127825 secs using 99.96% CPU
Optimizing NNI: done in 0.0240983 secs using 99.98% CPU
Optimizing NNI: done in 0.014634 secs using 99.88% CPU
Optimizing NNI: done in 0.0117739 secs using 99.68% CPU
Optimizing NNI: done in 0.0174731 secs using 99.98% CPU
Optimizing NNI: done in 0.00838016 secs using 99.96% CPU
Iteration 310 / LogL: -2652.492 / Time: 0h:1m:2s (0h:0m:4s left)
Optimizing NNI: done in 0.0160666 secs using 99.97% CPU
Optimizing NNI: done in 0.0112523 secs using 65.13% CPU
Optimizing NNI: done in 0.0116276 secs using 99.66% CPU
Optimizing NNI: done in 0.00777162 secs using 99.95% CPU
Optimizing NNI: done in 0.012848 secs using 99.98% CPU
Optimizing NNI: done in 0.00715956 secs using 99.96% CPU
Optimizing NNI: done in 0.0195885 secs using 99.99% CPU
Optimizing NNI: done in 0.00676141 secs using 99.95% CPU
Optimizing NNI: done in 0.00763244 secs using 99.94% CPU
Optimizing NNI: done in 0.0166965 secs using 99.97% CPU
Iteration 320 / LogL: -2632.256 / Time: 0h:1m:3s (0h:0m:3s left)
Optimizing NNI: done in 0.0235035 secs using 99.98% CPU
Optimizing NNI: done in 0.0212522 secs using 99.98% CPU
Optimizing NNI: done in 0.0140768 secs using 99.97% CPU
Optimizing NNI: done in 0.0126199 secs using 99.97% CPU
Optimizing NNI: done in 0.00759212 secs using 99.97% CPU
Optimizing NNI: done in 0.0165416 secs using 99.98% CPU
Optimizing NNI: done in 0.0128222 secs using 99.98% CPU
Optimizing NNI: done in 0.0205064 secs using 99.99% CPU
Optimizing NNI: done in 0.0116006 secs using 99.96% CPU
Optimizing NNI: done in 0.0133166 secs using 99.98% CPU
Iteration 330 / LogL: -2632.251 / Time: 0h:1m:3s (0h:0m:3s left)
Optimizing NNI: done in 0.00751915 secs using 99.96% CPU
Optimizing NNI: done in 0.00783137 secs using 99.85% CPU
Optimizing NNI: done in 0.00837912 secs using 99.84% CPU
Optimizing NNI: done in 0.012799 secs using 99.97% CPU
Optimizing NNI: done in 0.00731305 secs using 99.82% CPU
Optimizing NNI: done in 0.0143937 secs using 99.97% CPU
Optimizing NNI: done in 0.0169325 secs using 99.77% CPU
Optimizing NNI: done in 0.00754009 secs using 99.95% CPU
Optimizing NNI: done in 0.00984975 secs using 99.98% CPU
Optimizing NNI: done in 0.0140044 secs using 99.97% CPU
Iteration 340 / LogL: -2632.250 / Time: 0h:1m:3s (0h:0m:2s left)
Optimizing NNI: done in 0.00740141 secs using 99.97% CPU
Optimizing NNI: done in 0.0118048 secs using 99.97% CPU
Optimizing NNI: done in 0.00615819 secs using 99.92% CPU
Optimizing NNI: done in 0.00608845 secs using 99.96% CPU
Optimizing NNI: done in 0.019088 secs using 99.97% CPU
Optimizing NNI: done in 0.0103659 secs using 99.4% CPU
Optimizing NNI: done in 0.0117868 secs using 99.98% CPU
Optimizing NNI: done in 0.0105015 secs using 99.37% CPU
Optimizing NNI: done in 0.00623627 secs using 99.95% CPU
Optimizing NNI: done in 0.0102133 secs using 99.98% CPU
Iteration 350 / LogL: -2640.433 / Time: 0h:1m:4s (0h:0m:2s left)
Log-likelihood cutoff on original alignment: -2674.789
Optimizing NNI: done in 0.00752498 secs using 99.96% CPU
Optimizing NNI: done in 0.013538 secs using 71.7% CPU
Optimizing NNI: done in 0.0110497 secs using 99.53% CPU
Optimizing NNI: done in 0.0138423 secs using 99.89% CPU
Optimizing NNI: done in 0.00892476 secs using 99.97% CPU
Optimizing NNI: done in 0.0151855 secs using 99.98% CPU
Optimizing NNI: done in 0.0220858 secs using 99.99% CPU
Optimizing NNI: done in 0.00960057 secs using 99.98% CPU
Optimizing NNI: done in 0.0147121 secs using 99.98% CPU
Optimizing NNI: done in 0.0123776 secs using 99.98% CPU
Iteration 360 / LogL: -2638.341 / Time: 0h:1m:5s (0h:0m:1s left)
Optimizing NNI: done in 0.0163583 secs using 76.07% CPU
Optimizing NNI: done in 0.00915791 secs using 99.46% CPU
Optimizing NNI: done in 0.0116846 secs using 99.86% CPU
Optimizing NNI: done in 0.0130162 secs using 99.98% CPU
Optimizing NNI: done in 0.0159714 secs using 99.98% CPU
Optimizing NNI: done in 0.0121585 secs using 66.43% CPU
Optimizing NNI: done in 0.00774821 secs using 99.97% CPU
Optimizing NNI: done in 0.00752369 secs using 99.98% CPU
Optimizing NNI: done in 0.011433 secs using 99.99% CPU
Optimizing NNI: done in 0.0159438 secs using 99.99% CPU
Iteration 370 / LogL: -2632.256 / Time: 0h:1m:5s (0h:0m:1s left)
Optimizing NNI: done in 0.0109522 secs using 99.26% CPU
Optimizing NNI: done in 0.0116613 secs using 99.97% CPU
Optimizing NNI: done in 0.0154014 secs using 99.98% CPU
Optimizing NNI: done in 0.0174726 secs using 77.25% CPU
Optimizing NNI: done in 0.0125172 secs using 99.97% CPU
Optimizing NNI: done in 0.0160528 secs using 99.98% CPU
Optimizing NNI: done in 0.00735273 secs using 99.96% CPU
Optimizing NNI: done in 0.0134108 secs using 99.97% CPU
Optimizing NNI: done in 0.00800984 secs using 99.96% CPU
Optimizing NNI: done in 0.0122102 secs using 67.95% CPU
Iteration 380 / LogL: -2638.594 / Time: 0h:1m:6s (0h:0m:0s left)
Optimizing NNI: done in 0.018161 secs using 99.86% CPU
Optimizing NNI: done in 0.0270247 secs using 99.99% CPU
Optimizing NNI: done in 0.00621436 secs using 99.93% CPU
Optimizing NNI: done in 0.0124443 secs using 99.97% CPU
Optimizing NNI: done in 0.0103522 secs using 99.98% CPU
Optimizing NNI: done in 0.0113416 secs using 65.2% CPU
Optimizing NNI: done in 0.012445 secs using 99.89% CPU
Optimizing NNI: done in 0.0190766 secs using 99.79% CPU
Optimizing NNI: done in 0.0102447 secs using 99.97% CPU
Optimizing NNI: done in 0.00657961 secs using 99.96% CPU
Iteration 390 / LogL: -2643.876 / Time: 0h:1m:6s (0h:0m:0s left)
Optimizing NNI: done in 0.0132864 secs using 99.98% CPU
Optimizing NNI: done in 0.0167363 secs using 99.98% CPU
Optimizing NNI: done in 0.0174361 secs using 99.98% CPU
Optimizing NNI: done in 0.0198972 secs using 99.98% CPU
Optimizing NNI: done in 0.022865 secs using 99.99% CPU
Optimizing NNI: done in 0.0163897 secs using 99.89% CPU
Optimizing NNI: done in 0.00721507 secs using 99.93% CPU
Optimizing NNI: done in 0.0108147 secs using 99.97% CPU
Optimizing NNI: done in 0.0106793 secs using 99.96% CPU
Optimizing NNI: done in 0.0122964 secs using 99.97% CPU
Iteration 400 / LogL: -2632.256 / Time: 0h:1m:6s (0h:0m:0s left)
Log-likelihood cutoff on original alignment: -2674.789
NOTE: Bootstrap correlation coefficient of split occurrence frequencies: 0.972
NOTE: UFBoot does not converge, continue at least 100 more iterations
Optimizing NNI: done in 0.0121981 secs using 99.97% CPU
Optimizing NNI: done in 0.0106109 secs using 99.97% CPU
Optimizing NNI: done in 0.00624019 secs using 99.93% CPU
Optimizing NNI: done in 0.0194601 secs using 99.98% CPU
Optimizing NNI: done in 0.0205762 secs using 99.99% CPU
Optimizing NNI: done in 0.00640015 secs using 99.97% CPU
Optimizing NNI: done in 0.00753469 secs using 99.95% CPU
Optimizing NNI: done in 0.00742834 secs using 99.97% CPU
Optimizing NNI: done in 0.00672954 secs using 99.93% CPU
Optimizing NNI: done in 0.00828077 secs using 99.95% CPU
Iteration 410 / LogL: -2632.247 / Time: 0h:1m:7s (0h:0m:4s left)
Optimizing NNI: done in 0.0128561 secs using 99.98% CPU
Optimizing NNI: done in 0.00701055 secs using 99.95% CPU
Optimizing NNI: done in 0.011086 secs using 99.96% CPU
Optimizing NNI: done in 0.00758701 secs using 49.12% CPU
Optimizing NNI: done in 0.0108277 secs using 99.73% CPU
Optimizing NNI: done in 0.0113489 secs using 65.24% CPU
Optimizing NNI: done in 0.00747655 secs using 99.94% CPU
Optimizing NNI: done in 0.0159028 secs using 99.98% CPU
Optimizing NNI: done in 0.00764534 secs using 99.59% CPU
Optimizing NNI: done in 0.0232245 secs using 99.98% CPU
Iteration 420 / LogL: -2632.252 / Time: 0h:1m:8s (0h:0m:3s left)
Optimizing NNI: done in 0.00738418 secs using 99.28% CPU
Optimizing NNI: done in 0.011215 secs using 99.96% CPU
Optimizing NNI: done in 0.0117643 secs using 99.97% CPU
Optimizing NNI: done in 0.0128554 secs using 99.97% CPU
Optimizing NNI: done in 0.0162546 secs using 99.98% CPU
Optimizing NNI: done in 0.0166551 secs using 99.98% CPU
Optimizing NNI: done in 0.00659001 secs using 99.95% CPU
BETTER TREE FOUND at iteration 427: -2632.244
Optimizing NNI: done in 0.0111645 secs using 99.97% CPU
Optimizing NNI: done in 0.0105633 secs using 99.96% CPU
Optimizing NNI: done in 0.00706666 secs using 99.95% CPU
Iteration 430 / LogL: -2632.250 / Time: 0h:1m:8s (0h:0m:4s left)
Optimizing NNI: done in 0.0172476 secs using 99.98% CPU
Optimizing NNI: done in 0.0124786 secs using 99.97% CPU
Optimizing NNI: done in 0.00684176 secs using 99.95% CPU
Optimizing NNI: done in 0.0166879 secs using 99.98% CPU
Optimizing NNI: done in 0.00746114 secs using 99.97% CPU
Optimizing NNI: done in 0.010936 secs using 99.96% CPU
Optimizing NNI: done in 0.0125408 secs using 99.98% CPU
Optimizing NNI: done in 0.0125043 secs using 99.97% CPU
Optimizing NNI: done in 0.0069919 secs using 99.97% CPU
Optimizing NNI: done in 0.0180623 secs using 99.99% CPU
Iteration 440 / LogL: -2632.254 / Time: 0h:1m:9s (0h:0m:4s left)
Optimizing NNI: done in 0.0112326 secs using 99.98% CPU
Optimizing NNI: done in 0.0058872 secs using 99.95% CPU
Optimizing NNI: done in 0.0102367 secs using 99.97% CPU
Optimizing NNI: done in 0.0107201 secs using 99.97% CPU
Optimizing NNI: done in 0.0112219 secs using 99.97% CPU
Optimizing NNI: done in 0.0119317 secs using 99.99% CPU
Optimizing NNI: done in 0.00887559 secs using 99.96% CPU
Optimizing NNI: done in 0.00722999 secs using 99.96% CPU
Optimizing NNI: done in 0.0123747 secs using 99.97% CPU
Optimizing NNI: done in 0.0206204 secs using 99.98% CPU
Iteration 450 / LogL: -2632.255 / Time: 0h:1m:9s (0h:0m:3s left)
Log-likelihood cutoff on original alignment: -2675.244
Optimizing NNI: done in 0.00760933 secs using 99.97% CPU
Optimizing NNI: done in 0.025437 secs using 100% CPU
Optimizing NNI: done in 0.018529 secs using 99.98% CPU
Optimizing NNI: done in 0.0163842 secs using 76.45% CPU
Optimizing NNI: done in 0.00848315 secs using 99.95% CPU
Optimizing NNI: done in 0.0175175 secs using 99.93% CPU
Optimizing NNI: done in 0.0112213 secs using 99.97% CPU
Optimizing NNI: done in 0.0170516 secs using 99.84% CPU
Optimizing NNI: done in 0.0116202 secs using 99.95% CPU
Optimizing NNI: done in 0.0075352 secs using 99.94% CPU
Iteration 460 / LogL: -2632.251 / Time: 0h:1m:10s (0h:0m:3s left)
Optimizing NNI: done in 0.00557272 secs using 99.93% CPU
Optimizing NNI: done in 0.0149193 secs using 99.97% CPU
Optimizing NNI: done in 0.0165729 secs using 99.98% CPU
Optimizing NNI: done in 0.0166394 secs using 99.98% CPU
Optimizing NNI: done in 0.0108486 secs using 99.98% CPU
Optimizing NNI: done in 0.017204 secs using 99.99% CPU
Optimizing NNI: done in 0.0124305 secs using 68.73% CPU
Optimizing NNI: done in 0.0113459 secs using 99.56% CPU
Optimizing NNI: done in 0.0185562 secs using 99.99% CPU
Optimizing NNI: done in 0.00711485 secs using 99.97% CPU
Iteration 470 / LogL: -2638.343 / Time: 0h:1m:10s (0h:0m:2s left)
Optimizing NNI: done in 0.0218514 secs using 99.99% CPU
Optimizing NNI: done in 0.0110112 secs using 99.96% CPU
Optimizing NNI: done in 0.0115602 secs using 99.97% CPU
Optimizing NNI: done in 0.0113362 secs using 99.96% CPU
Optimizing NNI: done in 0.0120089 secs using 99.96% CPU
Optimizing NNI: done in 0.0115579 secs using 99.22% CPU
Optimizing NNI: done in 0.00951902 secs using 99.8% CPU
Optimizing NNI: done in 0.00634895 secs using 99.95% CPU
Optimizing NNI: done in 0.0173595 secs using 99.99% CPU
Optimizing NNI: done in 0.00762365 secs using 99.95% CPU
Iteration 480 / LogL: -2646.152 / Time: 0h:1m:11s (0h:0m:2s left)
Optimizing NNI: done in 0.0142987 secs using 99.97% CPU
Optimizing NNI: done in 0.00746899 secs using 99.96% CPU
Optimizing NNI: done in 0.0167148 secs using 99.97% CPU
Optimizing NNI: done in 0.00779929 secs using 99.93% CPU
Optimizing NNI: done in 0.00911681 secs using 99.98% CPU
Optimizing NNI: done in 0.0070061 secs using 99.96% CPU
Optimizing NNI: done in 0.00668365 secs using 99.96% CPU
Optimizing NNI: done in 0.00691778 secs using 99.95% CPU
Optimizing NNI: done in 0.0167421 secs using 99.98% CPU
Optimizing NNI: done in 0.0162418 secs using 99.98% CPU
Iteration 490 / LogL: -2632.252 / Time: 0h:1m:11s (0h:0m:1s left)
Optimizing NNI: done in 0.0116394 secs using 99.97% CPU
Optimizing NNI: done in 0.0122762 secs using 99.97% CPU
Optimizing NNI: done in 0.0180839 secs using 99.98% CPU
Optimizing NNI: done in 0.0142423 secs using 99.98% CPU
Optimizing NNI: done in 0.011421 secs using 99.97% CPU
Optimizing NNI: done in 0.0130484 secs using 70.78% CPU
Optimizing NNI: done in 0.0164584 secs using 99.91% CPU
Optimizing NNI: done in 0.00578942 secs using 99.96% CPU
Optimizing NNI: done in 0.00668382 secs using 99.97% CPU
Optimizing NNI: done in 0.00810187 secs using 99.96% CPU
Iteration 500 / LogL: -2632.255 / Time: 0h:1m:12s (0h:0m:1s left)
Log-likelihood cutoff on original alignment: -2675.673
NOTE: Bootstrap correlation coefficient of split occurrence frequencies: 0.975
NOTE: UFBoot does not converge, continue at least 100 more iterations
Optimizing NNI: done in 0.012915 secs using 99.98% CPU
Optimizing NNI: done in 0.00978055 secs using 99.95% CPU
Optimizing NNI: done in 0.00603752 secs using 99.91% CPU
Optimizing NNI: done in 0.0218931 secs using 99.98% CPU
Optimizing NNI: done in 0.015848 secs using 75.53% CPU
Optimizing NNI: done in 0.0100715 secs using 99.31% CPU
Optimizing NNI: done in 0.0115024 secs using 99.97% CPU
Optimizing NNI: done in 0.0117313 secs using 99.82% CPU
Optimizing NNI: done in 0.00740765 secs using 99.98% CPU
Optimizing NNI: done in 0.0107626 secs using 99.97% CPU
Iteration 510 / LogL: -2632.257 / Time: 0h:1m:13s (0h:0m:4s left)
Optimizing NNI: done in 0.00680946 secs using 99.95% CPU
Optimizing NNI: done in 0.0148025 secs using 99.98% CPU
Optimizing NNI: done in 0.0163157 secs using 99.98% CPU
Optimizing NNI: done in 0.0170782 secs using 99.98% CPU
Optimizing NNI: done in 0.00933142 secs using 99.95% CPU
Optimizing NNI: done in 0.0147579 secs using 99.97% CPU
Optimizing NNI: done in 0.00725435 secs using 99.94% CPU
Optimizing NNI: done in 0.0115313 secs using 99.97% CPU
Optimizing NNI: done in 0.00715612 secs using 99.93% CPU
Optimizing NNI: done in 0.0153488 secs using 99.75% CPU
Iteration 520 / LogL: -2632.255 / Time: 0h:1m:13s (0h:0m:3s left)
Optimizing NNI: done in 0.0108967 secs using 99.96% CPU
Optimizing NNI: done in 0.0123295 secs using 99.96% CPU
Optimizing NNI: done in 0.011919 secs using 67.28% CPU
Optimizing NNI: done in 0.0178386 secs using 99.91% CPU
Optimizing NNI: done in 0.0103225 secs using 99.78% CPU
Optimizing NNI: done in 0.0183899 secs using 99.96% CPU
Optimizing NNI: done in 0.0126679 secs using 99.86% CPU
Optimizing NNI: done in 0.0107917 secs using 99.96% CPU
Optimizing NNI: done in 0.0143329 secs using 99.98% CPU
Optimizing NNI: done in 0.0120529 secs using 67.7% CPU
Iteration 530 / LogL: -2643.889 / Time: 0h:1m:14s (0h:0m:3s left)
Optimizing NNI: done in 0.00769843 secs using 99.64% CPU
Optimizing NNI: done in 0.0123208 secs using 99.92% CPU
Optimizing NNI: done in 0.0163849 secs using 99.93% CPU
Optimizing NNI: done in 0.00746227 secs using 99.93% CPU
Optimizing NNI: done in 0.00774479 secs using 99.95% CPU
Optimizing NNI: done in 0.00322128 secs using 99.93% CPU
Optimizing NNI: done in 0.0156924 secs using 99.75% CPU
Optimizing NNI: done in 0.0158086 secs using 99.97% CPU
Optimizing NNI: done in 0.0121696 secs using 99.97% CPU
Optimizing NNI: done in 0.0172566 secs using 99.98% CPU
Iteration 540 / LogL: -2632.261 / Time: 0h:1m:14s (0h:0m:2s left)
Optimizing NNI: done in 0.00705693 secs using 99.94% CPU
Optimizing NNI: done in 0.0154677 secs using 99.98% CPU
Optimizing NNI: done in 0.0070475 secs using 99.95% CPU
Optimizing NNI: done in 0.00768134 secs using 99.61% CPU
Optimizing NNI: done in 0.0194869 secs using 99.92% CPU
Optimizing NNI: done in 0.0116268 secs using 65.62% CPU
Optimizing NNI: done in 0.0175993 secs using 99.96% CPU
Optimizing NNI: done in 0.00780321 secs using 99.93% CPU
Optimizing NNI: done in 0.0107104 secs using 99.98% CPU
Optimizing NNI: done in 0.00822789 secs using 99.95% CPU
Iteration 550 / LogL: -2632.247 / Time: 0h:1m:14s (0h:0m:2s left)
Log-likelihood cutoff on original alignment: -2675.970
Optimizing NNI: done in 0.0109255 secs using 99.97% CPU
Optimizing NNI: done in 0.00592819 secs using 99.95% CPU
Optimizing NNI: done in 0.00696057 secs using 99.92% CPU
Optimizing NNI: done in 0.00649194 secs using 99.94% CPU
Optimizing NNI: done in 0.0159051 secs using 99.99% CPU
Optimizing NNI: done in 0.0114938 secs using 99.97% CPU
Optimizing NNI: done in 0.00777571 secs using 99.93% CPU
Optimizing NNI: done in 0.00754154 secs using 99.93% CPU
Optimizing NNI: done in 0.011839 secs using 99.97% CPU
Optimizing NNI: done in 0.0144279 secs using 99.98% CPU
Iteration 560 / LogL: -2632.258 / Time: 0h:1m:15s (0h:0m:1s left)
Optimizing NNI: done in 0.00764643 secs using 99.96% CPU
Optimizing NNI: done in 0.00777915 secs using 99.95% CPU
Optimizing NNI: done in 0.0119908 secs using 99.96% CPU
Optimizing NNI: done in 0.0126978 secs using 99.98% CPU
Optimizing NNI: done in 0.0116683 secs using 99.97% CPU
Optimizing NNI: done in 0.0168985 secs using 99.97% CPU
Optimizing NNI: done in 0.013517 secs using 99.97% CPU
Optimizing NNI: done in 0.0170904 secs using 99.97% CPU
Optimizing NNI: done in 0.012433 secs using 99.57% CPU
Optimizing NNI: done in 0.0120384 secs using 67.44% CPU
Iteration 570 / LogL: -2632.251 / Time: 0h:1m:16s (0h:0m:1s left)
Optimizing NNI: done in 0.0111013 secs using 99.56% CPU
Optimizing NNI: done in 0.0146762 secs using 99.98% CPU
Optimizing NNI: done in 0.0273353 secs using 99.99% CPU
Optimizing NNI: done in 0.0163758 secs using 99.98% CPU
Optimizing NNI: done in 0.0160817 secs using 99.98% CPU
Optimizing NNI: done in 0.00752819 secs using 99.94% CPU
Optimizing NNI: done in 0.0145785 secs using 99.98% CPU
Optimizing NNI: done in 0.0107167 secs using 99.96% CPU
Optimizing NNI: done in 0.0156942 secs using 99.99% CPU
Optimizing NNI: done in 0.00713555 secs using 99.96% CPU
Iteration 580 / LogL: -2645.054 / Time: 0h:1m:16s (0h:0m:0s left)
Optimizing NNI: done in 0.00743505 secs using 99.95% CPU
Optimizing NNI: done in 0.013507 secs using 99.97% CPU
Optimizing NNI: done in 0.0161247 secs using 99.99% CPU
Optimizing NNI: done in 0.0108211 secs using 99.97% CPU
Optimizing NNI: done in 0.00794512 secs using 99.96% CPU
Optimizing NNI: done in 0.0130034 secs using 99.97% CPU
Optimizing NNI: done in 0.0150328 secs using 99.98% CPU
Optimizing NNI: done in 0.0117527 secs using 99.96% CPU
Optimizing NNI: done in 0.0271952 secs using 99.99% CPU
Optimizing NNI: done in 0.0166315 secs using 99.98% CPU
Iteration 590 / LogL: -2632.258 / Time: 0h:1m:17s (0h:0m:0s left)
Optimizing NNI: done in 0.0118713 secs using 99.96% CPU
Optimizing NNI: done in 0.0148839 secs using 99.98% CPU
Optimizing NNI: done in 0.00675595 secs using 99.93% CPU
Optimizing NNI: done in 0.00747496 secs using 99.93% CPU
Optimizing NNI: done in 0.0153766 secs using 99.98% CPU
Optimizing NNI: done in 0.0111183 secs using 99.97% CPU
Optimizing NNI: done in 0.0168758 secs using 99.98% CPU
Optimizing NNI: done in 0.00789594 secs using 99.9% CPU
Optimizing NNI: done in 0.0155739 secs using 99.98% CPU
Optimizing NNI: done in 0.0104067 secs using 99.96% CPU
Iteration 600 / LogL: -2632.251 / Time: 0h:1m:17s (0h:0m:0s left)
Log-likelihood cutoff on original alignment: -2677.417
NOTE: Bootstrap correlation coefficient of split occurrence frequencies: 0.973
NOTE: UFBoot does not converge, continue at least 100 more iterations
Optimizing NNI: done in 0.0115129 secs using 99.97% CPU
Optimizing NNI: done in 0.00641429 secs using 99.93% CPU
Optimizing NNI: done in 0.0124675 secs using 99.96% CPU
Optimizing NNI: done in 0.0139655 secs using 99.97% CPU
Optimizing NNI: done in 0.0163744 secs using 99.97% CPU
Optimizing NNI: done in 0.0118062 secs using 99.96% CPU
Optimizing NNI: done in 0.0169362 secs using 99.99% CPU
Optimizing NNI: done in 0.00674874 secs using 99.93% CPU
Optimizing NNI: done in 0.0125215 secs using 99.95% CPU
Optimizing NNI: done in 0.0112118 secs using 99.96% CPU
Iteration 610 / LogL: -2639.055 / Time: 0h:1m:18s (0h:0m:4s left)
Optimizing NNI: done in 0.00677864 secs using 99.96% CPU
Optimizing NNI: done in 0.0111388 secs using 99.96% CPU
Optimizing NNI: done in 0.0126178 secs using 99.98% CPU
Optimizing NNI: done in 0.0140704 secs using 73.4% CPU
Optimizing NNI: done in 0.0116183 secs using 99.97% CPU
Optimizing NNI: done in 0.0106469 secs using 74.1% CPU
Optimizing NNI: done in 0.0150079 secs using 99.79% CPU
Optimizing NNI: done in 0.0101887 secs using 99.94% CPU
Optimizing NNI: done in 0.0160573 secs using 99.97% CPU
Optimizing NNI: done in 0.0115933 secs using 99.98% CPU
Iteration 620 / LogL: -2632.252 / Time: 0h:1m:19s (0h:0m:3s left)
Optimizing NNI: done in 0.0102504 secs using 99.98% CPU
Optimizing NNI: done in 0.0210014 secs using 99.98% CPU
Optimizing NNI: done in 0.00740823 secs using 99.94% CPU
Optimizing NNI: done in 0.0146494 secs using 73.04% CPU
Optimizing NNI: done in 0.0104568 secs using 99.97% CPU
Optimizing NNI: done in 0.0180249 secs using 77.84% CPU
Optimizing NNI: done in 0.0165185 secs using 99.88% CPU
Optimizing NNI: done in 0.0115155 secs using 99.95% CPU
Optimizing NNI: done in 0.0109802 secs using 99.97% CPU
Optimizing NNI: done in 0.0180642 secs using 99.98% CPU
Iteration 630 / LogL: -2632.257 / Time: 0h:1m:20s (0h:0m:3s left)
Optimizing NNI: done in 0.0229997 secs using 99.98% CPU
Optimizing NNI: done in 0.0194101 secs using 99.98% CPU
Optimizing NNI: done in 0.0115543 secs using 99.97% CPU
Optimizing NNI: done in 0.00684932 secs using 99.95% CPU
Optimizing NNI: done in 0.0167145 secs using 99.97% CPU
Optimizing NNI: done in 0.00841684 secs using 99.95% CPU
Optimizing NNI: done in 0.0154202 secs using 99.98% CPU
Optimizing NNI: done in 0.0205779 secs using 80.64% CPU
Optimizing NNI: done in 0.0117882 secs using 99.96% CPU
Optimizing NNI: done in 0.0131549 secs using 99.98% CPU
Iteration 640 / LogL: -2632.250 / Time: 0h:1m:20s (0h:0m:2s left)
Optimizing NNI: done in 0.011331 secs using 99.97% CPU
Optimizing NNI: done in 0.0125701 secs using 99.98% CPU
Optimizing NNI: done in 0.00736889 secs using 99.93% CPU
Optimizing NNI: done in 0.0112078 secs using 99.97% CPU
Optimizing NNI: done in 0.0114384 secs using 99.97% CPU
Optimizing NNI: done in 0.00697277 secs using 99.95% CPU
Optimizing NNI: done in 0.0179805 secs using 99.91% CPU
Optimizing NNI: done in 0.0153638 secs using 99.99% CPU
Optimizing NNI: done in 0.00652763 secs using 99.94% CPU
Optimizing NNI: done in 0.0124933 secs using 99.98% CPU
Iteration 650 / LogL: -2637.940 / Time: 0h:1m:21s (0h:0m:2s left)
Log-likelihood cutoff on original alignment: -2677.417
Optimizing NNI: done in 0.0110797 secs using 99.96% CPU
Optimizing NNI: done in 0.0143897 secs using 99.98% CPU
Optimizing NNI: done in 0.0104257 secs using 99.96% CPU
Optimizing NNI: done in 0.0137226 secs using 99.92% CPU
Optimizing NNI: done in 0.0157472 secs using 99.98% CPU
Optimizing NNI: done in 0.0112101 secs using 99.47% CPU
Optimizing NNI: done in 0.0107185 secs using 99.87% CPU
Optimizing NNI: done in 0.0164692 secs using 99.99% CPU
Optimizing NNI: done in 0.0117494 secs using 99.96% CPU
Optimizing NNI: done in 0.0128804 secs using 99.99% CPU
Iteration 660 / LogL: -2637.937 / Time: 0h:1m:22s (0h:0m:2s left)
Optimizing NNI: done in 0.00735508 secs using 99.94% CPU
Optimizing NNI: done in 0.0130929 secs using 99.98% CPU
Optimizing NNI: done in 0.0112989 secs using 99.95% CPU
Optimizing NNI: done in 0.0203727 secs using 99.98% CPU
Optimizing NNI: done in 0.0180553 secs using 99.99% CPU
Optimizing NNI: done in 0.00761513 secs using 99.83% CPU
Optimizing NNI: done in 0.00706187 secs using 99.96% CPU
Optimizing NNI: done in 0.0115303 secs using 99.96% CPU
Optimizing NNI: done in 0.0156415 secs using 99.99% CPU
Optimizing NNI: done in 0.0110093 secs using 99.99% CPU
BETTER TREE FOUND at iteration 670: -2632.244
Iteration 670 / LogL: -2632.244 / Time: 0h:1m:22s (0h:0m:5s left)
Optimizing NNI: done in 0.0112987 secs using 99.98% CPU
Optimizing NNI: done in 0.0111053 secs using 99.98% CPU
Optimizing NNI: done in 0.0111385 secs using 99.97% CPU
Optimizing NNI: done in 0.00663333 secs using 99.96% CPU
Optimizing NNI: done in 0.0194882 secs using 99.98% CPU
Optimizing NNI: done in 0.0113902 secs using 99.98% CPU
Optimizing NNI: done in 0.00651998 secs using 99.94% CPU
Optimizing NNI: done in 0.0108311 secs using 64.58% CPU
Optimizing NNI: done in 0.00731969 secs using 99.53% CPU
Optimizing NNI: done in 0.0153942 secs using 74.01% CPU
Iteration 680 / LogL: -2632.256 / Time: 0h:1m:23s (0h:0m:4s left)
Optimizing NNI: done in 0.0105424 secs using 99.97% CPU
Optimizing NNI: done in 0.0130678 secs using 99.98% CPU
Optimizing NNI: done in 0.0057157 secs using 99.95% CPU
Optimizing NNI: done in 0.00646173 secs using 99.96% CPU
Optimizing NNI: done in 0.011485 secs using 99.97% CPU
Optimizing NNI: done in 0.0142291 secs using 99.89% CPU
Optimizing NNI: done in 0.0144106 secs using 99.98% CPU
Optimizing NNI: done in 0.0165916 secs using 99.98% CPU
Optimizing NNI: done in 0.00705855 secs using 99.95% CPU
Optimizing NNI: done in 0.00644634 secs using 99.95% CPU
Iteration 690 / LogL: -2632.251 / Time: 0h:1m:23s (0h:0m:4s left)
Optimizing NNI: done in 0.0110732 secs using 99.98% CPU
Optimizing NNI: done in 0.0193822 secs using 99.98% CPU
Optimizing NNI: done in 0.0117277 secs using 67.3% CPU
Optimizing NNI: done in 0.00848745 secs using 99.92% CPU
Optimizing NNI: done in 0.0225024 secs using 99.98% CPU
Optimizing NNI: done in 0.017069 secs using 99.98% CPU
Optimizing NNI: done in 0.0117911 secs using 99.97% CPU
Optimizing NNI: done in 0.00718345 secs using 99.92% CPU
Optimizing NNI: done in 0.0162139 secs using 99.98% CPU
Optimizing NNI: done in 0.0145928 secs using 99.97% CPU
Iteration 700 / LogL: -2632.262 / Time: 0h:1m:24s (0h:0m:3s left)
Log-likelihood cutoff on original alignment: -2678.325
NOTE: Bootstrap correlation coefficient of split occurrence frequencies: 0.972
NOTE: UFBoot does not converge, continue at least 100 more iterations
Optimizing NNI: done in 0.00764459 secs using 49.34% CPU
Optimizing NNI: done in 0.0143768 secs using 99.98% CPU
Optimizing NNI: done in 0.00709389 secs using 99.95% CPU
Optimizing NNI: done in 0.00758043 secs using 99.95% CPU
Optimizing NNI: done in 0.00766412 secs using 99.93% CPU
Optimizing NNI: done in 0.00615731 secs using 99.95% CPU
Optimizing NNI: done in 0.00731948 secs using 99.94% CPU
Optimizing NNI: done in 0.0253022 secs using 99.99% CPU
Optimizing NNI: done in 0.00826843 secs using 99.93% CPU
Optimizing NNI: done in 0.0162054 secs using 99.95% CPU
Iteration 710 / LogL: -2632.249 / Time: 0h:1m:25s (0h:0m:4s left)
Optimizing NNI: done in 0.0133048 secs using 99.98% CPU
Optimizing NNI: done in 0.00644256 secs using 99.96% CPU
Optimizing NNI: done in 0.0103294 secs using 99.65% CPU
Optimizing NNI: done in 0.00712355 secs using 99.94% CPU
Optimizing NNI: done in 0.0168064 secs using 99.97% CPU
Optimizing NNI: done in 0.0106659 secs using 99.97% CPU
Optimizing NNI: done in 0.0143929 secs using 99.97% CPU
Optimizing NNI: done in 0.0272573 secs using 85.5% CPU
Optimizing NNI: done in 0.0109923 secs using 99.71% CPU
Optimizing NNI: done in 0.00980765 secs using 99.97% CPU
Iteration 720 / LogL: -2632.249 / Time: 0h:1m:26s (0h:0m:4s left)
Optimizing NNI: done in 0.0121796 secs using 99.97% CPU
Optimizing NNI: done in 0.0115965 secs using 99.97% CPU
Optimizing NNI: done in 0.012966 secs using 99.97% CPU
Optimizing NNI: done in 0.00668205 secs using 99.94% CPU
Optimizing NNI: done in 0.0128207 secs using 99.98% CPU
Optimizing NNI: done in 0.0119055 secs using 99.97% CPU
Optimizing NNI: done in 0.0124462 secs using 99.97% CPU
Optimizing NNI: done in 0.00658072 secs using 40.89% CPU
Optimizing NNI: done in 0.0130325 secs using 99.93% CPU
Optimizing NNI: done in 0.0109999 secs using 99.86% CPU
Iteration 730 / LogL: -2632.255 / Time: 0h:1m:26s (0h:0m:3s left)
Optimizing NNI: done in 0.0100825 secs using 99.96% CPU
Optimizing NNI: done in 0.0144868 secs using 99.97% CPU
Optimizing NNI: done in 0.00741238 secs using 99.95% CPU
Optimizing NNI: done in 0.00814336 secs using 99.95% CPU
Optimizing NNI: done in 0.0167039 secs using 99.98% CPU
Optimizing NNI: done in 0.0245866 secs using 84.01% CPU
Optimizing NNI: done in 0.0126545 secs using 99.85% CPU
Optimizing NNI: done in 0.013353 secs using 99.73% CPU
Optimizing NNI: done in 0.0159732 secs using 99.98% CPU
Optimizing NNI: done in 0.0117133 secs using 99.95% CPU
Iteration 740 / LogL: -2632.255 / Time: 0h:1m:27s (0h:0m:3s left)
Optimizing NNI: done in 0.00640853 secs using 99.94% CPU
Optimizing NNI: done in 0.00668534 secs using 99.89% CPU
Optimizing NNI: done in 0.0137642 secs using 99.98% CPU
Optimizing NNI: done in 0.011132 secs using 99.96% CPU
Optimizing NNI: done in 0.0224313 secs using 99.99% CPU
Optimizing NNI: done in 0.0108221 secs using 99.95% CPU
Optimizing NNI: done in 0.0121323 secs using 99.96% CPU
Optimizing NNI: done in 0.0115661 secs using 99.96% CPU
Optimizing NNI: done in 0.0108122 secs using 64.72% CPU
Optimizing NNI: done in 0.0172954 secs using 99.98% CPU
Iteration 750 / LogL: -2632.246 / Time: 0h:1m:27s (0h:0m:2s left)
Log-likelihood cutoff on original alignment: -2679.149
Optimizing NNI: done in 0.014487 secs using 99.85% CPU
Optimizing NNI: done in 0.0151232 secs using 99.97% CPU
Optimizing NNI: done in 0.00764768 secs using 99.95% CPU
Optimizing NNI: done in 0.01089 secs using 99.96% CPU
Optimizing NNI: done in 0.0126134 secs using 99.96% CPU
Optimizing NNI: done in 0.0101581 secs using 99.97% CPU
Optimizing NNI: done in 0.0189865 secs using 99.99% CPU
Optimizing NNI: done in 0.013002 secs using 99.98% CPU
Optimizing NNI: done in 0.0149355 secs using 99.95% CPU
Optimizing NNI: done in 0.0151759 secs using 73.75% CPU
Iteration 760 / LogL: -2632.249 / Time: 0h:1m:28s (0h:0m:2s left)
Optimizing NNI: done in 0.0171863 secs using 99.98% CPU
Optimizing NNI: done in 0.0155338 secs using 99.87% CPU
Optimizing NNI: done in 0.0106889 secs using 99.38% CPU
Optimizing NNI: done in 0.00757608 secs using 99.95% CPU
Optimizing NNI: done in 0.0146296 secs using 99.98% CPU
Optimizing NNI: done in 0.0112825 secs using 99.97% CPU
Optimizing NNI: done in 0.0148683 secs using 99.98% CPU
Optimizing NNI: done in 0.0129915 secs using 99.97% CPU
Optimizing NNI: done in 0.00635819 secs using 99.97% CPU
Optimizing NNI: done in 0.0165162 secs using 99.9% CPU
Iteration 770 / LogL: -2632.252 / Time: 0h:1m:29s (0h:0m:1s left)
Optimizing NNI: done in 0.0161707 secs using 75.58% CPU
Optimizing NNI: done in 0.0146781 secs using 99.84% CPU
Optimizing NNI: done in 0.0112685 secs using 99.97% CPU
Optimizing NNI: done in 0.019497 secs using 99.98% CPU
Optimizing NNI: done in 0.0110251 secs using 99.65% CPU
Optimizing NNI: done in 0.0083362 secs using 52.46% CPU
Optimizing NNI: done in 0.0111162 secs using 99.52% CPU
Optimizing NNI: done in 0.0121153 secs using 99.95% CPU
Optimizing NNI: done in 0.0166749 secs using 99.98% CPU
Optimizing NNI: done in 0.0139253 secs using 99.98% CPU
Iteration 780 / LogL: -2632.251 / Time: 0h:1m:30s (0h:0m:1s left)
Optimizing NNI: done in 0.015128 secs using 99.98% CPU
Optimizing NNI: done in 0.00536556 secs using 99.93% CPU
Optimizing NNI: done in 0.0160776 secs using 99.98% CPU
Optimizing NNI: done in 0.0069761 secs using 99.94% CPU
Optimizing NNI: done in 0.0159403 secs using 99.97% CPU
Optimizing NNI: done in 0.0108912 secs using 99.94% CPU
Optimizing NNI: done in 0.00570816 secs using 99.91% CPU
Optimizing NNI: done in 0.00685837 secs using 99.97% CPU
Optimizing NNI: done in 0.0117982 secs using 99.98% CPU
Optimizing NNI: done in 0.0129733 secs using 99.98% CPU
Iteration 790 / LogL: -2632.259 / Time: 0h:1m:30s (0h:0m:0s left)
Optimizing NNI: done in 0.0168715 secs using 99.97% CPU
Optimizing NNI: done in 0.0243594 secs using 99.99% CPU
Optimizing NNI: done in 0.0149547 secs using 99.97% CPU
Optimizing NNI: done in 0.0126867 secs using 99.97% CPU
Optimizing NNI: done in 0.0120743 secs using 99.97% CPU
Optimizing NNI: done in 0.0119596 secs using 99.95% CPU
Optimizing NNI: done in 0.0108945 secs using 99.96% CPU
Optimizing NNI: done in 0.0114122 secs using 99.96% CPU
Optimizing NNI: done in 0.0128594 secs using 99.97% CPU
Optimizing NNI: done in 0.0156358 secs using 99.98% CPU
Iteration 800 / LogL: -2632.259 / Time: 0h:1m:31s (0h:0m:0s left)
Log-likelihood cutoff on original alignment: -2679.843
NOTE: Bootstrap correlation coefficient of split occurrence frequencies: 0.960
NOTE: UFBoot does not converge, continue at least 100 more iterations
Optimizing NNI: done in 0.00607097 secs using 99.21% CPU
BETTER TREE FOUND at iteration 801: -2632.244
Optimizing NNI: done in 0.0159997 secs using 99.95% CPU
Optimizing NNI: done in 0.0134355 secs using 99.97% CPU
Optimizing NNI: done in 0.0115473 secs using 99.96% CPU
Optimizing NNI: done in 0.0187487 secs using 99.98% CPU
Optimizing NNI: done in 0.0152045 secs using 99.98% CPU
Optimizing NNI: done in 0.00606341 secs using 99.94% CPU
Optimizing NNI: done in 0.011717 secs using 99.96% CPU
Optimizing NNI: done in 0.0148923 secs using 99.96% CPU
Optimizing NNI: done in 0.0212038 secs using 99.76% CPU
Iteration 810 / LogL: -2632.252 / Time: 0h:1m:32s (0h:0m:4s left)
Optimizing NNI: done in 0.0106646 secs using 99.43% CPU
Optimizing NNI: done in 0.0108859 secs using 99.39% CPU
Optimizing NNI: done in 0.018098 secs using 99.6% CPU
Optimizing NNI: done in 0.0103738 secs using 99.95% CPU
Optimizing NNI: done in 0.0124235 secs using 99.97% CPU
Optimizing NNI: done in 0.0114113 secs using 99.98% CPU
Optimizing NNI: done in 0.00653111 secs using 99.95% CPU
Optimizing NNI: done in 0.0225957 secs using 99.97% CPU
Optimizing NNI: done in 0.00698947 secs using 99.96% CPU
Optimizing NNI: done in 0.0112203 secs using 99.94% CPU
Iteration 820 / LogL: -2638.195 / Time: 0h:1m:33s (0h:0m:4s left)
Optimizing NNI: done in 0.0154001 secs using 99.99% CPU
Optimizing NNI: done in 0.0067871 secs using 99.94% CPU
Optimizing NNI: done in 0.0112405 secs using 99.96% CPU
Optimizing NNI: done in 0.00750356 secs using 99.94% CPU
Optimizing NNI: done in 0.0160232 secs using 99.99% CPU
Optimizing NNI: done in 0.00779869 secs using 99.95% CPU
Optimizing NNI: done in 0.00746005 secs using 99.93% CPU
Optimizing NNI: done in 0.0158072 secs using 99.97% CPU
Optimizing NNI: done in 0.0103679 secs using 99.87% CPU
Optimizing NNI: done in 0.0185804 secs using 99.95% CPU
Iteration 830 / LogL: -2632.253 / Time: 0h:1m:33s (0h:0m:3s left)
Optimizing NNI: done in 0.00774731 secs using 99.93% CPU
Optimizing NNI: done in 0.0073262 secs using 99.94% CPU
Optimizing NNI: done in 0.0192304 secs using 99.98% CPU
Optimizing NNI: done in 0.0108466 secs using 99.97% CPU
Optimizing NNI: done in 0.0102873 secs using 99.75% CPU
Optimizing NNI: done in 0.00675552 secs using 99.95% CPU
Optimizing NNI: done in 0.0115085 secs using 99.97% CPU
Optimizing NNI: done in 0.0101048 secs using 99.97% CPU
Optimizing NNI: done in 0.0149497 secs using 74.07% CPU
Optimizing NNI: done in 0.0114431 secs using 99.54% CPU
Iteration 840 / LogL: -2632.251 / Time: 0h:1m:34s (0h:0m:3s left)
Optimizing NNI: done in 0.012698 secs using 99.98% CPU
Optimizing NNI: done in 0.01487 secs using 99.98% CPU
Optimizing NNI: done in 0.0108947 secs using 99.97% CPU
Optimizing NNI: done in 0.0119998 secs using 99.98% CPU
Optimizing NNI: done in 0.0120271 secs using 99.97% CPU
Optimizing NNI: done in 0.00728764 secs using 99.94% CPU
Optimizing NNI: done in 0.0182013 secs using 99.98% CPU
Optimizing NNI: done in 0.00824314 secs using 99.97% CPU
Optimizing NNI: done in 0.00746782 secs using 99.94% CPU
Optimizing NNI: done in 0.0181021 secs using 99.98% CPU
Iteration 850 / LogL: -2632.248 / Time: 0h:1m:34s (0h:0m:2s left)
Log-likelihood cutoff on original alignment: -2680.501
Optimizing NNI: done in 0.00961521 secs using 99.95% CPU
Optimizing NNI: done in 0.0164261 secs using 99.99% CPU
Optimizing NNI: done in 0.00704098 secs using 99.96% CPU
Optimizing NNI: done in 0.00667667 secs using 99.95% CPU
Optimizing NNI: done in 0.0138786 secs using 99.98% CPU
Optimizing NNI: done in 0.0167533 secs using 99.99% CPU
Optimizing NNI: done in 0.0145336 secs using 99.97% CPU
Optimizing NNI: done in 0.00655275 secs using 99.94% CPU
Optimizing NNI: done in 0.0174011 secs using 99.86% CPU
Optimizing NNI: done in 0.00637102 secs using 99.95% CPU
Iteration 860 / LogL: -2632.249 / Time: 0h:1m:36s (0h:0m:2s left)
Optimizing NNI: done in 0.0126174 secs using 99.97% CPU
Optimizing NNI: done in 0.01192 secs using 99.97% CPU
Optimizing NNI: done in 0.0135803 secs using 99.98% CPU
Optimizing NNI: done in 0.0118109 secs using 99.98% CPU
Optimizing NNI: done in 0.0188255 secs using 99.99% CPU
Optimizing NNI: done in 0.0111221 secs using 99.85% CPU
Optimizing NNI: done in 0.013543 secs using 99.99% CPU
Optimizing NNI: done in 0.0104934 secs using 99.98% CPU
Optimizing NNI: done in 0.0154068 secs using 99.98% CPU
Optimizing NNI: done in 0.0161893 secs using 99.99% CPU
Iteration 870 / LogL: -2637.936 / Time: 0h:1m:36s (0h:0m:1s left)
Optimizing NNI: done in 0.0106657 secs using 99.97% CPU
Optimizing NNI: done in 0.0113581 secs using 99.98% CPU
Optimizing NNI: done in 0.00679221 secs using 99.83% CPU
Optimizing NNI: done in 0.00966078 secs using 99.82% CPU
Optimizing NNI: done in 0.0108993 secs using 99.98% CPU
Optimizing NNI: done in 0.00631417 secs using 99.97% CPU
Optimizing NNI: done in 0.0116266 secs using 99.97% CPU
Optimizing NNI: done in 0.0065337 secs using 99.96% CPU
Optimizing NNI: done in 0.0112577 secs using 99.97% CPU
Optimizing NNI: done in 0.00895381 secs using 99.98% CPU
Iteration 880 / LogL: -2654.510 / Time: 0h:1m:37s (0h:0m:1s left)
Optimizing NNI: done in 0.0107778 secs using 99.96% CPU
Optimizing NNI: done in 0.0195969 secs using 99.98% CPU
Optimizing NNI: done in 0.0134205 secs using 99.97% CPU
Optimizing NNI: done in 0.0146933 secs using 99.99% CPU
Optimizing NNI: done in 0.0275106 secs using 99.99% CPU
Optimizing NNI: done in 0.0105881 secs using 62.92% CPU
Optimizing NNI: done in 0.0106475 secs using 99.86% CPU
Optimizing NNI: done in 0.0104594 secs using 99.96% CPU
Optimizing NNI: done in 0.0175655 secs using 99.99% CPU
Optimizing NNI: done in 0.0168345 secs using 99.84% CPU
Iteration 890 / LogL: -2632.260 / Time: 0h:1m:38s (0h:0m:0s left)
Optimizing NNI: done in 0.0116406 secs using 99.99% CPU
Optimizing NNI: done in 0.0147189 secs using 99.96% CPU
Optimizing NNI: done in 0.0113936 secs using 99.7% CPU
Optimizing NNI: done in 0.0162623 secs using 99.98% CPU
Optimizing NNI: done in 0.00993174 secs using 99.96% CPU
Optimizing NNI: done in 0.0128063 secs using 99.97% CPU
Optimizing NNI: done in 0.0106895 secs using 99.96% CPU
Optimizing NNI: done in 0.0110737 secs using 99.98% CPU
Optimizing NNI: done in 0.0223501 secs using 99.98% CPU
Optimizing NNI: done in 0.0151309 secs using 99.97% CPU
Iteration 900 / LogL: -2632.252 / Time: 0h:1m:38s (0h:0m:0s left)
Log-likelihood cutoff on original alignment: -2680.501
NOTE: Bootstrap correlation coefficient of split occurrence frequencies: 0.948
NOTE: UFBoot does not converge, continue at least 100 more iterations
Optimizing NNI: done in 0.0125872 secs using 99.97% CPU
Optimizing NNI: done in 0.0165174 secs using 52.38% CPU
Optimizing NNI: done in 0.00974889 secs using 99.59% CPU
Optimizing NNI: done in 0.011701 secs using 99.77% CPU
Optimizing NNI: done in 0.0113218 secs using 99.64% CPU
Optimizing NNI: done in 0.00715271 secs using 99.95% CPU
Optimizing NNI: done in 0.0114977 secs using 99.97% CPU
Optimizing NNI: done in 0.0105642 secs using 99.97% CPU
Optimizing NNI: done in 0.0176657 secs using 99.98% CPU
Optimizing NNI: done in 0.0114175 secs using 99.98% CPU
Iteration 910 / LogL: -2632.255 / Time: 0h:1m:39s (0h:0m:5s left)
Optimizing NNI: done in 0.00745603 secs using 99.95% CPU
Optimizing NNI: done in 0.0236913 secs using 99.99% CPU
Optimizing NNI: done in 0.00841128 secs using 99.98% CPU
Optimizing NNI: done in 0.00693026 secs using 43.5% CPU
Optimizing NNI: done in 0.0127703 secs using 99.97% CPU
Optimizing NNI: done in 0.0081009 secs using 50.92% CPU
Optimizing NNI: done in 0.0114547 secs using 99.96% CPU
Optimizing NNI: done in 0.0076448 secs using 99.94% CPU
Optimizing NNI: done in 0.0167919 secs using 99.98% CPU
Optimizing NNI: done in 0.0194249 secs using 99.98% CPU
Iteration 920 / LogL: -2632.265 / Time: 0h:1m:40s (0h:0m:4s left)
Optimizing NNI: done in 0.00602447 secs using 99.94% CPU
Optimizing NNI: done in 0.0152652 secs using 99.98% CPU
Optimizing NNI: done in 0.013762 secs using 99.98% CPU
Optimizing NNI: done in 0.0085469 secs using 99.94% CPU
Optimizing NNI: done in 0.0124973 secs using 99.89% CPU
Optimizing NNI: done in 0.0106391 secs using 99.96% CPU
Optimizing NNI: done in 0.0115415 secs using 99.93% CPU
Optimizing NNI: done in 0.00714411 secs using 99.09% CPU
Optimizing NNI: done in 0.0122708 secs using 99.45% CPU
Optimizing NNI: done in 0.0080869 secs using 99.95% CPU
Iteration 930 / LogL: -2632.248 / Time: 0h:1m:41s (0h:0m:3s left)
Optimizing NNI: done in 0.0143965 secs using 99.98% CPU
Optimizing NNI: done in 0.0161598 secs using 99.98% CPU
Optimizing NNI: done in 0.00734446 secs using 99.97% CPU
Optimizing NNI: done in 0.00693292 secs using 99.94% CPU
Optimizing NNI: done in 0.0106439 secs using 99.97% CPU
Optimizing NNI: done in 0.0113545 secs using 65.51% CPU
Optimizing NNI: done in 0.0120031 secs using 99.67% CPU
Optimizing NNI: done in 0.0147108 secs using 99.96% CPU
Optimizing NNI: done in 0.0109287 secs using 99.87% CPU
Optimizing NNI: done in 0.00691502 secs using 99.97% CPU
Iteration 940 / LogL: -2632.244 / Time: 0h:1m:42s (0h:0m:3s left)
Optimizing NNI: done in 0.0174179 secs using 99.99% CPU
Optimizing NNI: done in 0.00745021 secs using 99.94% CPU
Optimizing NNI: done in 0.00999907 secs using 99.98% CPU
Optimizing NNI: done in 0.0122448 secs using 99.98% CPU
Optimizing NNI: done in 0.00664527 secs using 99.95% CPU
Optimizing NNI: done in 0.0108827 secs using 99.96% CPU
Optimizing NNI: done in 0.01444 secs using 99.98% CPU
Optimizing NNI: done in 0.0102331 secs using 99.98% CPU
Optimizing NNI: done in 0.0140927 secs using 99.99% CPU
Optimizing NNI: done in 0.00976286 secs using 99.98% CPU
Iteration 950 / LogL: -2632.248 / Time: 0h:1m:42s (0h:0m:2s left)
Log-likelihood cutoff on original alignment: -2680.927
Optimizing NNI: done in 0.0142715 secs using 72.78% CPU
Optimizing NNI: done in 0.0112283 secs using 99.84% CPU
Optimizing NNI: done in 0.00942529 secs using 99.93% CPU
Optimizing NNI: done in 0.016409 secs using 99.99% CPU
Optimizing NNI: done in 0.0126097 secs using 99.99% CPU
Optimizing NNI: done in 0.00841447 secs using 99.89% CPU
Optimizing NNI: done in 0.0111698 secs using 64.81% CPU
Optimizing NNI: done in 0.0111897 secs using 99.78% CPU
Optimizing NNI: done in 0.00716287 secs using 99.97% CPU
Optimizing NNI: done in 0.0139697 secs using 99.98% CPU
Iteration 960 / LogL: -2639.058 / Time: 0h:1m:43s (0h:0m:2s left)
Optimizing NNI: done in 0.0116189 secs using 99.97% CPU
Optimizing NNI: done in 0.0150503 secs using 99.99% CPU
Optimizing NNI: done in 0.00663367 secs using 99.96% CPU
Optimizing NNI: done in 0.0142133 secs using 99.99% CPU
Optimizing NNI: done in 0.0108803 secs using 99.98% CPU
Optimizing NNI: done in 0.0130575 secs using 99.98% CPU
Optimizing NNI: done in 0.011078 secs using 99.98% CPU
Optimizing NNI: done in 0.0136478 secs using 99.98% CPU
Optimizing NNI: done in 0.006251 secs using 99.97% CPU
Optimizing NNI: done in 0.0108288 secs using 99.99% CPU
Iteration 970 / LogL: -2632.249 / Time: 0h:1m:44s (0h:0m:1s left)
Optimizing NNI: done in 0.0101945 secs using 99.98% CPU
Optimizing NNI: done in 0.00702946 secs using 99.98% CPU
Optimizing NNI: done in 0.0102898 secs using 99.97% CPU
Optimizing NNI: done in 0.0149468 secs using 99.99% CPU
Optimizing NNI: done in 0.0104241 secs using 99.66% CPU
Optimizing NNI: done in 0.0121028 secs using 99.98% CPU
Optimizing NNI: done in 0.0066485 secs using 99.62% CPU
Optimizing NNI: done in 0.00726499 secs using 99.97% CPU
Optimizing NNI: done in 0.0101473 secs using 99.98% CPU
Optimizing NNI: done in 0.0178631 secs using 99.99% CPU
Iteration 980 / LogL: -2632.257 / Time: 0h:1m:45s (0h:0m:1s left)
Optimizing NNI: done in 0.0114179 secs using 99.95% CPU
Optimizing NNI: done in 0.0108871 secs using 99.97% CPU
Optimizing NNI: done in 0.0106947 secs using 99.97% CPU
Optimizing NNI: done in 0.0132137 secs using 99.98% CPU
Optimizing NNI: done in 0.0096123 secs using 99.96% CPU
Optimizing NNI: done in 0.0158792 secs using 99.98% CPU
Optimizing NNI: done in 0.00860662 secs using 99.96% CPU
Optimizing NNI: done in 0.0105629 secs using 99.98% CPU
Optimizing NNI: done in 0.0114182 secs using 99.97% CPU
Optimizing NNI: done in 0.00718769 secs using 99.96% CPU
Iteration 990 / LogL: -2632.258 / Time: 0h:1m:46s (0h:0m:0s left)
Optimizing NNI: done in 0.0117734 secs using 99.97% CPU
Optimizing NNI: done in 0.0204701 secs using 99.99% CPU
Optimizing NNI: done in 0.0193235 secs using 99.99% CPU
Optimizing NNI: done in 0.0138394 secs using 99.99% CPU
Optimizing NNI: done in 0.0143613 secs using 73.02% CPU
Optimizing NNI: done in 0.0105937 secs using 99.95% CPU
Optimizing NNI: done in 0.0125183 secs using 99.97% CPU
Optimizing NNI: done in 0.0155963 secs using 99.99% CPU
Optimizing NNI: done in 0.0127696 secs using 99.97% CPU
Optimizing NNI: done in 0.00603154 secs using 99.96% CPU
Iteration 1000 / LogL: -2639.056 / Time: 0h:1m:46s (0h:0m:0s left)
Log-likelihood cutoff on original alignment: -2680.927
NOTE: Bootstrap correlation coefficient of split occurrence frequencies: 0.954
NOTE: UFBoot does not converge, continue at least 100 more iterations
Optimizing NNI: done in 0.00756329 secs using 47.4% CPU
WARNING: bootstrap analysis did not converge. You should rerun with higher number of iterations (-nm option)
TREE SEARCH COMPLETED AFTER 1001 ITERATIONS / Time: 0h:1m:47s

--------------------------------------------------------------------
|                    FINALIZING TREE SEARCH                        |
--------------------------------------------------------------------
Performs final model parameters optimization
Estimate model parameters (epsilon = 0.010)
1. Initial log-likelihood: -2632.244
Optimal log-likelihood: -2632.244
Rate parameters:  A-C: 1.00000  A-G: 16.66190  A-T: 1.00000  C-G: 1.00000  C-T: 16.66190  G-T: 1.00000
Base frequencies:  A: 0.346  C: 0.192  G: 0.230  T: 0.232
Parameters optimization took 1 rounds (0.003 sec)
BEST SCORE FOUND : -2632.244

Testing tree branches by SH-like aLRT with 10000 replicates...
0.506 sec.
Creating bootstrap support values...
Split supports printed to NEXUS file British_Columbia.splits.nex
Total tree length: 0.029

Total number of iterations: 1001
CPU time used for tree search: 56.227 sec (0h:0m:56s)
Wall-clock time used for tree search: 58.411 sec (0h:0m:58s)
Total CPU time used: 132.675 sec (0h:2m:12s)
Total wall-clock time used: 109.112 sec (0h:1m:49s)

Computing bootstrap consensus tree...
Reading input file British_Columbia.splits.nex...
34 taxa and 2306 splits.
Consensus tree written to British_Columbia.contree
Reading input trees file British_Columbia.contree
Log-likelihood of consensus tree: -2632.320

Analysis results written to: 
  IQ-TREE report:                British_Columbia.iqtree
  Maximum-likelihood tree:       British_Columbia.treefile
  Likelihood distances:          British_Columbia.mldist

Ultrafast bootstrap approximation results written to:
  Split support values:          British_Columbia.splits.nex
  Consensus tree:                British_Columbia.contree
  Screen log file:               British_Columbia.log

Date and Time: Thu Jan  8 15:33:45 2026
