IQ-TREE version 3.0.1 for Linux x86 64-bit built Jul  9 2025
Developed by Bui Quang Minh, Thomas Wong, Nhan Ly-Trong, Huaiyan Ren
Contributed by Lam-Tung Nguyen, Dominik Schrempf, Chris Bielow,
Olga Chernomor, Michael Woodhams, Diep Thi Hoang, Heiko Schmidt

Host:    ON44C03637251 (AVX2, FMA3, 31 GB RAM)
Command: iqtree -s ../CanadianKCladeTempestFiltered/CanadaOnly.fasta -m MFP -B 10000 -alrt 10000 --prefix CanadaOnly -T auto
Seed:    765219 (Using SPRNG - Scalable Parallel Random Number Generator)
Time:    Fri Jan  9 09:20:38 2026
Kernel:  AVX+FMA - auto-detect threads (20 CPU cores detected)

Reading alignment file ../CanadianKCladeTempestFiltered/CanadaOnly.fasta ... Fasta format detected
Reading fasta file: done in 0.121049 secs using 4.447% CPU
Alignment most likely contains DNA/RNA sequences
Constructing alignment: done in 0.0267526 secs using 214.3% CPU
Alignment has 396 sequences with 1653 columns, 203 distinct patterns
83 parsimony-informative, 100 singleton sites, 1470 constant sites
                  Gap/Ambiguity  Composition  p-value
Analyzing sequences: done in 0.0555999 secs using 257% CPU
   1  EPI_ISL_20212945    0.00%    passed    100.00%
   2  EPI_ISL_20212992    0.00%    passed    100.00%
   3  EPI_ISL_20236994    0.00%    passed     99.99%
   4  EPI_ISL_20244506    0.06%    passed     99.99%
   5  EPI_ISL_20244507    0.00%    passed     99.96%
   6  EPI_ISL_20244508    0.06%    passed     99.98%
   7  EPI_ISL_20244509    0.00%    passed     99.96%
   8  EPI_ISL_20244510    0.00%    passed     99.96%
   9  EPI_ISL_20244511    0.06%    passed     99.98%
  10  EPI_ISL_20244512    0.00%    passed     99.96%
  11  EPI_ISL_20244513    0.06%    passed     99.90%
  12  EPI_ISL_20249456    0.00%    passed    100.00%
  13  EPI_ISL_20249457    0.00%    passed     99.95%
  14  EPI_ISL_20249459    0.00%    passed    100.00%
  15  EPI_ISL_20249460    0.00%    passed     99.98%
  16  EPI_ISL_20249461    0.00%    passed     99.97%
  17  EPI_ISL_20249462    0.00%    passed     99.99%
  18  EPI_ISL_20249463    0.00%    passed     99.97%
  19  EPI_ISL_20249466    0.00%    passed    100.00%
  20  EPI_ISL_20253218    0.00%    passed     99.97%
  21  EPI_ISL_20255430    0.00%    passed     99.96%
  22  EPI_ISL_20255431    0.00%    passed     99.96%
  23  EPI_ISL_20255434    0.00%    passed     99.96%
  24  EPI_ISL_20255435    0.00%    passed     99.96%
  25  EPI_ISL_20255436    0.00%    passed     99.96%
  26  EPI_ISL_20255437    0.00%    passed     99.96%
  27  EPI_ISL_20255438    0.00%    passed     99.96%
  28  EPI_ISL_20255439    0.18%    passed     99.94%
  29  EPI_ISL_20257572    0.00%    passed     99.99%
  30  EPI_ISL_20257584    0.00%    passed     99.97%
  31  EPI_ISL_20257585    0.00%    passed    100.00%
  32  EPI_ISL_20257586    0.00%    passed     99.77%
  33  EPI_ISL_20257587    0.00%    passed    100.00%
  34  EPI_ISL_20257589    0.00%    passed     99.86%
  35  EPI_ISL_20257590    0.06%    passed    100.00%
  36  EPI_ISL_20257594    0.00%    passed     99.86%
  37  EPI_ISL_20258550    0.00%    passed     99.95%
  38  EPI_ISL_20258552    0.00%    passed    100.00%
  39  EPI_ISL_20258554    0.00%    passed     99.98%
  40  EPI_ISL_20258555    0.00%    passed    100.00%
  41  EPI_ISL_20258556    0.00%    passed    100.00%
  42  EPI_ISL_20258558    0.00%    passed     99.97%
  43  EPI_ISL_20258567    0.00%    passed     99.96%
  44  EPI_ISL_20258571    0.00%    passed     99.95%
  45  EPI_ISL_20258572    0.00%    passed     99.95%
  46  EPI_ISL_20258581    0.00%    passed    100.00%
  47  EPI_ISL_20258582    0.00%    passed     99.95%
  48  EPI_ISL_20258593    0.00%    passed    100.00%
  49  EPI_ISL_20258597    0.00%    passed     99.95%
  50  EPI_ISL_20258599    0.00%    passed     99.95%
  51  EPI_ISL_20258600    0.00%    passed    100.00%
  52  EPI_ISL_20258601    0.00%    passed    100.00%
  53  EPI_ISL_20258603    0.00%    passed    100.00%
  54  EPI_ISL_20258605    0.00%    passed     99.87%
  55  EPI_ISL_20258607    0.00%    passed     99.95%
  56  EPI_ISL_20258610    0.00%    passed    100.00%
  57  EPI_ISL_20258612    0.00%    passed    100.00%
  58  EPI_ISL_20258621    0.12%    passed     99.97%
  59  EPI_ISL_20258623    0.00%    passed     99.95%
  60  EPI_ISL_20258624    0.00%    passed    100.00%
  61  EPI_ISL_20258629    0.00%    passed    100.00%
  62  EPI_ISL_20260282    0.00%    passed    100.00%
  63  EPI_ISL_20260283    0.00%    passed     99.97%
  64  EPI_ISL_20260285    0.00%    passed    100.00%
  65  EPI_ISL_20260286    0.00%    passed     99.97%
  66  EPI_ISL_20260287    0.00%    passed    100.00%
  67  EPI_ISL_20260288    0.06%    passed     99.92%
  68  EPI_ISL_20266557    0.00%    passed    100.00%
  69  EPI_ISL_20266558    0.00%    passed     99.99%
  70  EPI_ISL_20266559    0.00%    passed     99.87%
  71  EPI_ISL_20266566    0.00%    passed     99.97%
  72  EPI_ISL_20266568    0.00%    passed    100.00%
  73  EPI_ISL_20266569    0.00%    passed    100.00%
  74  EPI_ISL_20266573    0.00%    passed     99.84%
  75  EPI_ISL_20266574    0.00%    passed     99.96%
  76  EPI_ISL_20266578    0.00%    passed     99.96%
  77  EPI_ISL_20266581    0.00%    passed     99.99%
  78  EPI_ISL_20266585    0.00%    passed     99.95%
  79  EPI_ISL_20266586    0.00%    passed     99.97%
  80  EPI_ISL_20266591    0.00%    passed     99.98%
  81  EPI_ISL_20266592    0.06%    passed     99.94%
  82  EPI_ISL_20267204    0.06%    passed     99.90%
  83  EPI_ISL_20267205    0.00%    passed     99.96%
  84  EPI_ISL_20267208    0.06%    passed     99.95%
  85  EPI_ISL_20267209    0.00%    passed     99.96%
  86  EPI_ISL_20267210    0.00%    passed     99.83%
  87  EPI_ISL_20267211    0.00%    passed     99.96%
  88  EPI_ISL_20267212    0.00%    passed     99.96%
  89  EPI_ISL_20267213    0.06%    passed     99.98%
  90  EPI_ISL_20267214    0.00%    passed     99.92%
  91  EPI_ISL_20267215    0.00%    passed     99.96%
  92  EPI_ISL_20267216    0.00%    passed     99.99%
  93  EPI_ISL_20267217    0.06%    passed     99.98%
  94  EPI_ISL_20267219    0.00%    passed     99.96%
  95  EPI_ISL_20267221    0.00%    passed     99.99%
  96  EPI_ISL_20267223    0.06%    passed     99.98%
  97  EPI_ISL_20267224    0.00%    passed     99.99%
  98  EPI_ISL_20267227    0.00%    passed     99.96%
  99  EPI_ISL_20267228    0.00%    passed     99.96%
 100  EPI_ISL_20267229    0.00%    passed     99.96%
 101  EPI_ISL_20267230    0.00%    passed     99.96%
 102  EPI_ISL_20267231    0.00%    passed     99.96%
 103  EPI_ISL_20267232    0.00%    passed     99.96%
 104  EPI_ISL_20267233    0.00%    passed     99.96%
 105  EPI_ISL_20267234    0.00%    passed     99.96%
 106  EPI_ISL_20267235    0.12%    passed     99.95%
 107  EPI_ISL_20267236    0.00%    passed     99.99%
 108  EPI_ISL_20267237    0.00%    passed     99.96%
 109  EPI_ISL_20267238    0.00%    passed     99.99%
 110  EPI_ISL_20267239    0.00%    passed     99.99%
 111  EPI_ISL_20267240    0.06%    passed     99.99%
 112  EPI_ISL_20281590    0.00%    passed     99.77%
 113  EPI_ISL_20281592    0.00%    passed    100.00%
 114  EPI_ISL_20281595    0.00%    passed    100.00%
 115  EPI_ISL_20281596    0.00%    passed     99.77%
 116  EPI_ISL_20281597    0.00%    passed    100.00%
 117  EPI_ISL_20281600    0.00%    passed     99.77%
 118  EPI_ISL_20281604    0.00%    passed    100.00%
 119  EPI_ISL_20281611    0.18%    passed     99.99%
 120  EPI_ISL_20281614    0.00%    passed     99.99%
 121  EPI_ISL_20281615    0.00%    passed    100.00%
 122  EPI_ISL_20281617    0.00%    passed     99.86%
 123  EPI_ISL_20281618    0.00%    passed    100.00%
 124  EPI_ISL_20281621    0.00%    passed    100.00%
 125  EPI_ISL_20281624    0.06%    passed     99.83%
 126  EPI_ISL_20281627    0.00%    passed    100.00%
 127  EPI_ISL_20281629    0.00%    passed    100.00%
 128  EPI_ISL_20281633    0.00%    passed    100.00%
 129  EPI_ISL_20281634    0.00%    passed     99.97%
 130  EPI_ISL_20281636    0.00%    passed    100.00%
 131  EPI_ISL_20281637    0.00%    passed     99.79%
 132  EPI_ISL_20281639    0.00%    passed    100.00%
 133  EPI_ISL_20281642    0.00%    passed    100.00%
 134  EPI_ISL_20281644    0.00%    passed     99.77%
 135  EPI_ISL_20281649    0.00%    passed     99.96%
 136  EPI_ISL_20281651    0.00%    passed    100.00%
 137  EPI_ISL_20281652    0.00%    passed     99.86%
 138  EPI_ISL_20281654    0.00%    passed     99.95%
 139  EPI_ISL_20281655    0.00%    passed     99.96%
 140  EPI_ISL_20281657    0.00%    passed     99.97%
 141  EPI_ISL_20281659    0.00%    passed     99.99%
 142  EPI_ISL_20281661    0.00%    passed    100.00%
 143  EPI_ISL_20281662    0.00%    passed    100.00%
 144  EPI_ISL_20281664    0.00%    passed    100.00%
 145  EPI_ISL_20281665    0.00%    passed     99.91%
 146  EPI_ISL_20281668    0.00%    passed     99.97%
 147  EPI_ISL_20281763    0.00%    passed     99.95%
 148  EPI_ISL_20281784    0.00%    passed     99.95%
 149  EPI_ISL_20281809    0.06%    passed     99.95%
 150  EPI_ISL_20281820    0.00%    passed    100.00%
 151  EPI_ISL_20281863    0.00%    passed     99.99%
 152  EPI_ISL_20281896    0.00%    passed    100.00%
 153  EPI_ISL_20281961    0.00%    passed     99.96%
 154  EPI_ISL_20282022    0.00%    passed     99.97%
 155  EPI_ISL_20282028    0.00%    passed     99.83%
 156  EPI_ISL_20282032    0.00%    passed     99.97%
 157  EPI_ISL_20282034    0.00%    passed     99.96%
 158  EPI_ISL_20282035    0.00%    passed     99.99%
 159  EPI_ISL_20282054    7.20%    passed     99.82%
 160  EPI_ISL_20282056    0.00%    passed     99.97%
 161  EPI_ISL_20282058    0.00%    passed     99.96%
 162  EPI_ISL_20282074    0.00%    passed     99.88%
 163  EPI_ISL_20282075    0.06%    passed     99.97%
 164  EPI_ISL_20282082    0.00%    passed     99.84%
 165  EPI_ISL_20282089    0.00%    passed     99.99%
 166  EPI_ISL_20282094    0.00%    passed     99.99%
 167  EPI_ISL_20282106    0.00%    passed     99.93%
 168  EPI_ISL_20282110    0.00%    passed     99.95%
 169  EPI_ISL_20282111    0.00%    passed     99.95%
 170  EPI_ISL_20282116    0.00%    passed     99.99%
 171  EPI_ISL_20282124    0.00%    passed    100.00%
 172  EPI_ISL_20282126    0.00%    passed    100.00%
 173  EPI_ISL_20283194    0.00%    passed     99.96%
 174  EPI_ISL_20283195    0.06%    passed     99.75%
 175  EPI_ISL_20283196    0.00%    passed     99.91%
 176  EPI_ISL_20283197    0.00%    passed     99.99%
 177  EPI_ISL_20283199    0.00%    passed     99.92%
 178  EPI_ISL_20283200    0.00%    passed     99.92%
 179  EPI_ISL_20283201    0.00%    passed     99.92%
 180  EPI_ISL_20283202    0.00%    passed     99.96%
 181  EPI_ISL_20283204    0.00%    passed     99.84%
 182  EPI_ISL_20283205    0.06%    passed     99.99%
 183  EPI_ISL_20283206    0.00%    passed     99.99%
 184  EPI_ISL_20283207    0.00%    passed     99.96%
 185  EPI_ISL_20283209    0.00%    passed     99.89%
 186  EPI_ISL_20283211    0.00%    passed     99.96%
 187  EPI_ISL_20283212    0.00%    passed     99.99%
 188  EPI_ISL_20283213    0.00%    passed    100.00%
 189  EPI_ISL_20283214    0.00%    passed     99.96%
 190  EPI_ISL_20287733    0.00%    passed    100.00%
 191  EPI_ISL_20287737    0.00%    passed     99.96%
 192  EPI_ISL_20287738    0.00%    passed     99.96%
 193  EPI_ISL_20287741    0.00%    passed     99.96%
 194  EPI_ISL_20287742    0.00%    passed     99.96%
 195  EPI_ISL_20287743    0.00%    passed     99.83%
 196  EPI_ISL_20287744    0.00%    passed     99.96%
 197  EPI_ISL_20287745    0.00%    passed     99.96%
 198  EPI_ISL_20287746    0.00%    passed     99.96%
 199  EPI_ISL_20287747    0.00%    passed     99.96%
 200  EPI_ISL_20287748    0.00%    passed     99.96%
 201  EPI_ISL_20287749    0.00%    passed     99.96%
 202  EPI_ISL_20287750    0.00%    passed     99.96%
 203  EPI_ISL_20287752    0.00%    passed     99.96%
 204  EPI_ISL_20287758    0.06%    passed     99.95%
 205  EPI_ISL_20287759    0.00%    passed     99.96%
 206  EPI_ISL_20287760    0.00%    passed     99.96%
 207  EPI_ISL_20289536    0.00%    passed     99.99%
 208  EPI_ISL_20289538    0.00%    passed     99.96%
 209  EPI_ISL_20289540    0.12%    passed     99.89%
 210  EPI_ISL_20289542    0.00%    passed     99.96%
 211  EPI_ISL_20289544    0.00%    passed     99.96%
 212  EPI_ISL_20289546    0.00%    passed     99.96%
 213  EPI_ISL_20289552    0.00%    passed     99.96%
 214  EPI_ISL_20289554    0.00%    passed     99.96%
 215  EPI_ISL_20289556    0.00%    passed     99.97%
 216  EPI_ISL_20289568    0.00%    passed     99.99%
 217  EPI_ISL_20289572    0.00%    passed     99.95%
 218  EPI_ISL_20289575    0.00%    passed     99.96%
 219  EPI_ISL_20289579    0.00%    passed     99.95%
 220  EPI_ISL_20289583    0.00%    passed     99.86%
 221  EPI_ISL_20289596    0.00%    passed     99.87%
 222  EPI_ISL_20289598    0.00%    passed     99.90%
 223  EPI_ISL_20289600    0.00%    passed     99.90%
 224  EPI_ISL_20289601    0.00%    passed     99.91%
 225  EPI_ISL_20289603    0.00%    passed     99.92%
 226  EPI_ISL_20289607    0.06%    passed     99.92%
 227  EPI_ISL_20289609    0.00%    passed     99.99%
 228  EPI_ISL_20289611    0.00%    passed     99.77%
 229  EPI_ISL_20289613    0.06%    passed     99.90%
 230  EPI_ISL_20289615    0.00%    passed     99.97%
 231  EPI_ISL_20289617    0.00%    passed     99.97%
 232  EPI_ISL_20289619    0.00%    passed    100.00%
 233  EPI_ISL_20289621    0.00%    passed    100.00%
 234  EPI_ISL_20289623    0.06%    passed    100.00%
 235  EPI_ISL_20289627    0.00%    passed     99.99%
 236  EPI_ISL_20289638    0.00%    passed     99.99%
 237  EPI_ISL_20289640    0.06%    passed     99.92%
 238  EPI_ISL_20289646    0.00%    passed    100.00%
 239  EPI_ISL_20289648    0.00%    passed     99.78%
 240  EPI_ISL_20289656    0.00%    passed    100.00%
 241  EPI_ISL_20289658    0.06%    passed     99.92%
 242  EPI_ISL_20289660    0.00%    passed     99.89%
 243  EPI_ISL_20289662    0.00%    passed     99.97%
 244  EPI_ISL_20289664    0.00%    passed     99.96%
 245  EPI_ISL_20289667    0.06%    passed     99.98%
 246  EPI_ISL_20289669    0.00%    passed    100.00%
 247  EPI_ISL_20289671    0.00%    passed    100.00%
 248  EPI_ISL_20289675    0.00%    passed    100.00%
 249  EPI_ISL_20289683    0.00%    passed    100.00%
 250  EPI_ISL_20289684    0.00%    passed     99.86%
 251  EPI_ISL_20289687    0.00%    passed     99.95%
 252  EPI_ISL_20289688    0.00%    passed     99.86%
 253  EPI_ISL_20289689    0.00%    passed     99.96%
 254  EPI_ISL_20289691    0.00%    passed     99.99%
 255  EPI_ISL_20289693    0.00%    passed     99.97%
 256  EPI_ISL_20289695    0.00%    passed    100.00%
 257  EPI_ISL_20289717    0.06%    passed    100.00%
 258  EPI_ISL_20289719    0.00%    passed     99.96%
 259  EPI_ISL_20289721    0.06%    passed    100.00%
 260  EPI_ISL_20289723    0.00%    passed     99.99%
 261  EPI_ISL_20289726    0.00%    passed     99.99%
 262  EPI_ISL_20289728    0.00%    passed    100.00%
 263  EPI_ISL_20289730    0.12%    passed     99.99%
 264  EPI_ISL_20289732    0.06%    passed     99.97%
 265  EPI_ISL_20289735    0.00%    passed     99.95%
 266  EPI_ISL_20289737    0.00%    passed     99.96%
 267  EPI_ISL_20289740    0.00%    passed     99.99%
 268  EPI_ISL_20289743    0.00%    passed    100.00%
 269  EPI_ISL_20289745    0.00%    passed     99.99%
 270  EPI_ISL_20289747    0.00%    passed    100.00%
 271  EPI_ISL_20289754    0.06%    passed     99.98%
 272  EPI_ISL_20289756    0.06%    passed     99.99%
 273  EPI_ISL_20292429    0.00%    passed     99.96%
 274  EPI_ISL_20292432    0.00%    passed     99.96%
 275  EPI_ISL_20292433    0.00%    passed     99.96%
 276  EPI_ISL_20292434    0.00%    passed    100.00%
 277  EPI_ISL_20292435    0.06%    passed     99.92%
 278  EPI_ISL_20292436    0.00%    passed    100.00%
 279  EPI_ISL_20292437    0.00%    passed    100.00%
 280  EPI_ISL_20292438    0.06%    passed     99.98%
 281  EPI_ISL_20292440    0.06%    passed    100.00%
 282  EPI_ISL_20292441    0.00%    passed     99.95%
 283  EPI_ISL_20292442    0.06%    passed     99.99%
 284  EPI_ISL_20292443    0.00%    passed     99.87%
 285  EPI_ISL_20292445    0.06%    passed     99.99%
 286  EPI_ISL_20292446    0.00%    passed    100.00%
 287  EPI_ISL_20292447    0.00%    passed     99.97%
 288  EPI_ISL_20292448    0.00%    passed     99.99%
 289  EPI_ISL_20292449    0.00%    passed     99.95%
 290  EPI_ISL_20292451    0.00%    passed     99.99%
 291  EPI_ISL_20292453    0.00%    passed     99.99%
 292  EPI_ISL_20292454    0.00%    passed     99.96%
 293  EPI_ISL_20292456    0.12%    passed     99.97%
 294  EPI_ISL_20292457    0.00%    passed     99.96%
 295  EPI_ISL_20292459    0.00%    passed     99.96%
 296  EPI_ISL_20292461    0.00%    passed     99.99%
 297  EPI_ISL_20292462    0.00%    passed     99.96%
 298  EPI_ISL_20292464    0.00%    passed     99.96%
 299  EPI_ISL_20292465    0.00%    passed     99.96%
 300  EPI_ISL_20292466    0.00%    passed     99.96%
 301  EPI_ISL_20292467    0.00%    passed     99.96%
 302  EPI_ISL_20292469    0.00%    passed     99.95%
 303  EPI_ISL_20292470    0.00%    passed     99.96%
 304  EPI_ISL_20292472    0.00%    passed     99.79%
 305  EPI_ISL_20292473    0.00%    passed     99.99%
 306  EPI_ISL_20292476    0.00%    passed     99.95%
 307  EPI_ISL_20292488    0.00%    passed     99.97%
 308  EPI_ISL_20292489    0.06%    passed     99.97%
 309  EPI_ISL_20295241    0.00%    passed     99.96%
 310  EPI_ISL_20295243    0.00%    passed    100.00%
 311  EPI_ISL_20295244    0.00%    passed    100.00%
 312  EPI_ISL_20295246    0.00%    passed     99.99%
 313  EPI_ISL_20295248    0.00%    passed     99.95%
 314  EPI_ISL_20295249    0.06%    passed     99.99%
 315  EPI_ISL_20295250    0.00%    passed     99.99%
 316  EPI_ISL_20295251    0.00%    passed    100.00%
 317  EPI_ISL_20295252    0.00%    passed     99.95%
 318  EPI_ISL_20295253    0.00%    passed     99.95%
 319  EPI_ISL_20295256    0.00%    passed    100.00%
 320  EPI_ISL_20295257    0.00%    passed     99.95%
 321  EPI_ISL_20295258    0.00%    passed     99.95%
 322  EPI_ISL_20295259    0.00%    passed     99.95%
 323  EPI_ISL_20295260    0.00%    passed     99.96%
 324  EPI_ISL_20295262    0.00%    passed     99.95%
 325  EPI_ISL_20295300    0.00%    passed     99.99%
 326  EPI_ISL_20295301    0.00%    passed     99.97%
 327  EPI_ISL_20295302    0.00%    passed    100.00%
 328  EPI_ISL_20295304    0.00%    passed    100.00%
 329  EPI_ISL_20295306    0.00%    passed    100.00%
 330  EPI_ISL_20295307    0.00%    passed     99.99%
 331  EPI_ISL_20295308    0.00%    passed     99.97%
 332  EPI_ISL_20295309    0.06%    passed     99.95%
 333  EPI_ISL_20295313    0.00%    passed     99.95%
 334  EPI_ISL_20295314    0.00%    passed     99.95%
 335  EPI_ISL_20295315    0.06%    passed     99.90%
 336  EPI_ISL_20295317    0.00%    passed    100.00%
 337  EPI_ISL_20295318    0.00%    passed     99.96%
 338  EPI_ISL_20295319    0.00%    passed     99.95%
 339  EPI_ISL_20295320    0.00%    passed    100.00%
 340  EPI_ISL_20295321    0.00%    passed     99.95%
 341  EPI_ISL_20295323    0.00%    passed    100.00%
 342  EPI_ISL_20295325    0.00%    passed     99.96%
 343  EPI_ISL_20295326    0.00%    passed    100.00%
 344  EPI_ISL_20295327    0.00%    passed     99.83%
 345  EPI_ISL_20295329    0.00%    passed     99.95%
 346  EPI_ISL_20295330    0.00%    passed     99.99%
 347  EPI_ISL_20295332    0.00%    passed     99.95%
 348  EPI_ISL_20295333    0.00%    passed     99.83%
 349  EPI_ISL_20295365    0.00%    passed     99.97%
 350  EPI_ISL_20295369    0.00%    passed    100.00%
 351  EPI_ISL_20295373    0.00%    passed     99.95%
 352  EPI_ISL_20295375    0.00%    passed     99.95%
 353  EPI_ISL_20295378    0.00%    passed     99.68%
 354  EPI_ISL_20295379    0.00%    passed    100.00%
 355  EPI_ISL_20295380    0.00%    passed     99.79%
 356  EPI_ISL_20297760    0.00%    passed     99.96%
 357  EPI_ISL_20297761    0.00%    passed     99.96%
 358  EPI_ISL_20297762    0.00%    passed     99.97%
 359  EPI_ISL_20297763    0.00%    passed     99.92%
 360  EPI_ISL_20297764    0.00%    passed     99.97%
 361  EPI_ISL_20297765    0.00%    passed     99.95%
 362  EPI_ISL_20297766    0.00%    passed     99.90%
 363  EPI_ISL_20297767    0.00%    passed     99.97%
 364  EPI_ISL_20297768    0.00%    passed     99.96%
 365  EPI_ISL_20297771    0.00%    passed     99.95%
 366  EPI_ISL_20297772    0.00%    passed    100.00%
 367  EPI_ISL_20297773    0.00%    passed     99.99%
 368  EPI_ISL_20297774    0.00%    passed     99.96%
 369  EPI_ISL_20297775    0.00%    passed     99.96%
 370  EPI_ISL_20297777    0.00%    passed     99.96%
 371  EPI_ISL_20297778    0.00%    passed     99.95%
 372  EPI_ISL_20297779    0.00%    passed     99.98%
 373  EPI_ISL_20297780    0.00%    passed     99.96%
 374  EPI_ISL_20297781    0.00%    passed     99.87%
 375  EPI_ISL_20297782    0.00%    passed     99.96%
 376  EPI_ISL_20297783    0.00%    passed     99.97%
 377  EPI_ISL_20297784    0.00%    passed     99.98%
 378  EPI_ISL_20297786    0.00%    passed     99.90%
 379  EPI_ISL_20297787    0.00%    passed     99.97%
 380  EPI_ISL_20297790    0.00%    passed     99.99%
 381  EPI_ISL_20297791    0.00%    passed     99.95%
 382  EPI_ISL_20297792    0.00%    passed     99.92%
 383  EPI_ISL_20297794    0.00%    passed    100.00%
 384  EPI_ISL_20297795    0.00%    passed     99.83%
 385  EPI_ISL_20297796    0.00%    passed     99.98%
 386  EPI_ISL_20297797    0.00%    passed     99.97%
 387  EPI_ISL_20297798    0.00%    passed     99.96%
 388  EPI_ISL_20297799    0.00%    passed     99.97%
 389  EPI_ISL_20297800    0.00%    passed     99.96%
 390  EPI_ISL_20297804    0.00%    passed     99.96%
 391  EPI_ISL_20297805    0.00%    passed     99.96%
 392  EPI_ISL_20297807    0.00%    passed     99.99%
 393  EPI_ISL_20297808    0.00%    passed     99.96%
 394  EPI_ISL_20297809    0.06%    passed     99.98%
 395  EPI_ISL_20297811    0.00%    passed     99.96%
 396  EPI_ISL_20297814    0.00%    passed     99.96%
****  TOTAL               0.03%  0 sequences failed composition chi2 test (p-value<5%; df=3)
NOTE: EPI_ISL_20249462 is identical to EPI_ISL_20236994 but kept for subsequent analysis
NOTE: EPI_ISL_20267240 is identical to EPI_ISL_20244506 but kept for subsequent analysis
NOTE: EPI_ISL_20244509 is identical to EPI_ISL_20244507 but kept for subsequent analysis
NOTE: EPI_ISL_20267213 is identical to EPI_ISL_20244511 but kept for subsequent analysis
NOTE: EPI_ISL_20249459 is identical to EPI_ISL_20249456 but kept for subsequent analysis
NOTE: EPI_ISL_20258571 is identical to EPI_ISL_20249457 but kept for subsequent analysis
NOTE: EPI_ISL_20249463 is identical to EPI_ISL_20249461 but kept for subsequent analysis
NOTE: EPI_ISL_20292433 is identical to EPI_ISL_20255436 but kept for subsequent analysis
NOTE: EPI_ISL_20281590 is identical to EPI_ISL_20257586 but kept for subsequent analysis
NOTE: EPI_ISL_20257594 is identical to EPI_ISL_20257589 but kept for subsequent analysis
NOTE: EPI_ISL_20258572 is identical to EPI_ISL_20258550 but kept for subsequent analysis
NOTE: EPI_ISL_20258600 is identical to EPI_ISL_20258556 but kept for subsequent analysis
NOTE: EPI_ISL_20258629 is identical to EPI_ISL_20258581 but kept for subsequent analysis
NOTE: EPI_ISL_20289596 is identical to EPI_ISL_20258605 but kept for subsequent analysis
NOTE: EPI_ISL_20289621 is identical to EPI_ISL_20266568 but kept for subsequent analysis
NOTE: EPI_ISL_20287745 is identical to EPI_ISL_20266578 but kept for subsequent analysis
NOTE: EPI_ISL_20289745 is identical to EPI_ISL_20266581 but kept for subsequent analysis
NOTE: EPI_ISL_20282028 is identical to EPI_ISL_20267210 but kept for subsequent analysis
NOTE: EPI_ISL_20267221 is identical to EPI_ISL_20267216 but kept for subsequent analysis
NOTE: EPI_ISL_20295365 is identical to EPI_ISL_20281657 but kept for subsequent analysis
NOTE: EPI_ISL_20295252 is identical to EPI_ISL_20281763 but kept for subsequent analysis
NOTE: EPI_ISL_20295313 is identical to EPI_ISL_20281784 but kept for subsequent analysis
NOTE: EPI_ISL_20295256 is identical to EPI_ISL_20281820 but kept for subsequent analysis
NOTE: EPI_ISL_20295320 is identical to EPI_ISL_20283213 but kept for subsequent analysis
NOTE: EPI_ISL_20287748 is identical to EPI_ISL_20287747 but kept for subsequent analysis
NOTE: EPI_ISL_20289658 is identical to EPI_ISL_20289640 but kept for subsequent analysis
NOTE: EPI_ISL_20297773 is identical to EPI_ISL_20292451 but kept for subsequent analysis
NOTE: EPI_ISL_20295306 is identical to EPI_ISL_20295302 but kept for subsequent analysis
NOTE: EPI_ISL_20297764 is identical to EPI_ISL_20297762 but kept for subsequent analysis
NOTE: EPI_ISL_20297786 is identical to EPI_ISL_20297766 but kept for subsequent analysis
NOTE: EPI_ISL_20297783 is identical to EPI_ISL_20297767 but kept for subsequent analysis
NOTE: EPI_ISL_20297775 is identical to EPI_ISL_20297768 but kept for subsequent analysis
NOTE: EPI_ISL_20297784 is identical to EPI_ISL_20297779 but kept for subsequent analysis
Checking for duplicate sequences: done in 0.0791975 secs using 243.9% CPU
Identifying sites to remove: done in 0.00134066 secs using 923.7% CPU
NOTE: 172 identical sequences (see below) will be ignored for subsequent analysis
NOTE: EPI_ISL_20257572 (identical to EPI_ISL_20236994) is ignored but added at the end
NOTE: EPI_ISL_20266558 (identical to EPI_ISL_20236994) is ignored but added at the end
NOTE: EPI_ISL_20281863 (identical to EPI_ISL_20236994) is ignored but added at the end
NOTE: EPI_ISL_20289536 (identical to EPI_ISL_20236994) is ignored but added at the end
NOTE: EPI_ISL_20289627 (identical to EPI_ISL_20236994) is ignored but added at the end
NOTE: EPI_ISL_20289638 (identical to EPI_ISL_20236994) is ignored but added at the end
NOTE: EPI_ISL_20289723 (identical to EPI_ISL_20236994) is ignored but added at the end
NOTE: EPI_ISL_20289726 (identical to EPI_ISL_20236994) is ignored but added at the end
NOTE: EPI_ISL_20292453 (identical to EPI_ISL_20236994) is ignored but added at the end
NOTE: EPI_ISL_20295246 (identical to EPI_ISL_20236994) is ignored but added at the end
NOTE: EPI_ISL_20295300 (identical to EPI_ISL_20236994) is ignored but added at the end
NOTE: EPI_ISL_20295307 (identical to EPI_ISL_20236994) is ignored but added at the end
NOTE: EPI_ISL_20283205 (identical to EPI_ISL_20244506) is ignored but added at the end
NOTE: EPI_ISL_20244510 (identical to EPI_ISL_20244507) is ignored but added at the end
NOTE: EPI_ISL_20244512 (identical to EPI_ISL_20244507) is ignored but added at the end
NOTE: EPI_ISL_20255430 (identical to EPI_ISL_20244507) is ignored but added at the end
NOTE: EPI_ISL_20255431 (identical to EPI_ISL_20244507) is ignored but added at the end
NOTE: EPI_ISL_20255434 (identical to EPI_ISL_20244507) is ignored but added at the end
NOTE: EPI_ISL_20255435 (identical to EPI_ISL_20244507) is ignored but added at the end
NOTE: EPI_ISL_20255437 (identical to EPI_ISL_20244507) is ignored but added at the end
NOTE: EPI_ISL_20255438 (identical to EPI_ISL_20244507) is ignored but added at the end
NOTE: EPI_ISL_20258567 (identical to EPI_ISL_20244507) is ignored but added at the end
NOTE: EPI_ISL_20266574 (identical to EPI_ISL_20244507) is ignored but added at the end
NOTE: EPI_ISL_20267205 (identical to EPI_ISL_20244507) is ignored but added at the end
NOTE: EPI_ISL_20267209 (identical to EPI_ISL_20244507) is ignored but added at the end
NOTE: EPI_ISL_20267215 (identical to EPI_ISL_20244507) is ignored but added at the end
NOTE: EPI_ISL_20267219 (identical to EPI_ISL_20244507) is ignored but added at the end
NOTE: EPI_ISL_20267227 (identical to EPI_ISL_20244507) is ignored but added at the end
NOTE: EPI_ISL_20267228 (identical to EPI_ISL_20244507) is ignored but added at the end
NOTE: EPI_ISL_20267229 (identical to EPI_ISL_20244507) is ignored but added at the end
NOTE: EPI_ISL_20267230 (identical to EPI_ISL_20244507) is ignored but added at the end
NOTE: EPI_ISL_20267231 (identical to EPI_ISL_20244507) is ignored but added at the end
NOTE: EPI_ISL_20267232 (identical to EPI_ISL_20244507) is ignored but added at the end
NOTE: EPI_ISL_20267233 (identical to EPI_ISL_20244507) is ignored but added at the end
NOTE: EPI_ISL_20267234 (identical to EPI_ISL_20244507) is ignored but added at the end
NOTE: EPI_ISL_20267237 (identical to EPI_ISL_20244507) is ignored but added at the end
NOTE: EPI_ISL_20281961 (identical to EPI_ISL_20244507) is ignored but added at the end
NOTE: EPI_ISL_20283202 (identical to EPI_ISL_20244507) is ignored but added at the end
NOTE: EPI_ISL_20283207 (identical to EPI_ISL_20244507) is ignored but added at the end
NOTE: EPI_ISL_20283211 (identical to EPI_ISL_20244507) is ignored but added at the end
NOTE: EPI_ISL_20283214 (identical to EPI_ISL_20244507) is ignored but added at the end
NOTE: EPI_ISL_20287737 (identical to EPI_ISL_20244507) is ignored but added at the end
NOTE: EPI_ISL_20287738 (identical to EPI_ISL_20244507) is ignored but added at the end
NOTE: EPI_ISL_20287741 (identical to EPI_ISL_20244507) is ignored but added at the end
NOTE: EPI_ISL_20287742 (identical to EPI_ISL_20244507) is ignored but added at the end
NOTE: EPI_ISL_20287744 (identical to EPI_ISL_20244507) is ignored but added at the end
NOTE: EPI_ISL_20287752 (identical to EPI_ISL_20244507) is ignored but added at the end
NOTE: EPI_ISL_20287759 (identical to EPI_ISL_20244507) is ignored but added at the end
NOTE: EPI_ISL_20287760 (identical to EPI_ISL_20244507) is ignored but added at the end
NOTE: EPI_ISL_20289538 (identical to EPI_ISL_20244507) is ignored but added at the end
NOTE: EPI_ISL_20289542 (identical to EPI_ISL_20244507) is ignored but added at the end
NOTE: EPI_ISL_20289544 (identical to EPI_ISL_20244507) is ignored but added at the end
NOTE: EPI_ISL_20289546 (identical to EPI_ISL_20244507) is ignored but added at the end
NOTE: EPI_ISL_20289552 (identical to EPI_ISL_20244507) is ignored but added at the end
NOTE: EPI_ISL_20289554 (identical to EPI_ISL_20244507) is ignored but added at the end
NOTE: EPI_ISL_20292429 (identical to EPI_ISL_20244507) is ignored but added at the end
NOTE: EPI_ISL_20292432 (identical to EPI_ISL_20244507) is ignored but added at the end
NOTE: EPI_ISL_20292457 (identical to EPI_ISL_20244507) is ignored but added at the end
NOTE: EPI_ISL_20292459 (identical to EPI_ISL_20244507) is ignored but added at the end
NOTE: EPI_ISL_20292462 (identical to EPI_ISL_20244507) is ignored but added at the end
NOTE: EPI_ISL_20292465 (identical to EPI_ISL_20244507) is ignored but added at the end
NOTE: EPI_ISL_20292467 (identical to EPI_ISL_20244507) is ignored but added at the end
NOTE: EPI_ISL_20295260 (identical to EPI_ISL_20244507) is ignored but added at the end
NOTE: EPI_ISL_20295318 (identical to EPI_ISL_20244507) is ignored but added at the end
NOTE: EPI_ISL_20297760 (identical to EPI_ISL_20244507) is ignored but added at the end
NOTE: EPI_ISL_20297761 (identical to EPI_ISL_20244507) is ignored but added at the end
NOTE: EPI_ISL_20297774 (identical to EPI_ISL_20244507) is ignored but added at the end
NOTE: EPI_ISL_20297777 (identical to EPI_ISL_20244507) is ignored but added at the end
NOTE: EPI_ISL_20297780 (identical to EPI_ISL_20244507) is ignored but added at the end
NOTE: EPI_ISL_20297782 (identical to EPI_ISL_20244507) is ignored but added at the end
NOTE: EPI_ISL_20297798 (identical to EPI_ISL_20244507) is ignored but added at the end
NOTE: EPI_ISL_20297800 (identical to EPI_ISL_20244507) is ignored but added at the end
NOTE: EPI_ISL_20297804 (identical to EPI_ISL_20244507) is ignored but added at the end
NOTE: EPI_ISL_20297805 (identical to EPI_ISL_20244507) is ignored but added at the end
NOTE: EPI_ISL_20297814 (identical to EPI_ISL_20244507) is ignored but added at the end
NOTE: EPI_ISL_20249466 (identical to EPI_ISL_20249456) is ignored but added at the end
NOTE: EPI_ISL_20257585 (identical to EPI_ISL_20249456) is ignored but added at the end
NOTE: EPI_ISL_20257587 (identical to EPI_ISL_20249456) is ignored but added at the end
NOTE: EPI_ISL_20258552 (identical to EPI_ISL_20249456) is ignored but added at the end
NOTE: EPI_ISL_20258555 (identical to EPI_ISL_20249456) is ignored but added at the end
NOTE: EPI_ISL_20258593 (identical to EPI_ISL_20249456) is ignored but added at the end
NOTE: EPI_ISL_20258601 (identical to EPI_ISL_20249456) is ignored but added at the end
NOTE: EPI_ISL_20258603 (identical to EPI_ISL_20249456) is ignored but added at the end
NOTE: EPI_ISL_20258610 (identical to EPI_ISL_20249456) is ignored but added at the end
NOTE: EPI_ISL_20258612 (identical to EPI_ISL_20249456) is ignored but added at the end
NOTE: EPI_ISL_20258624 (identical to EPI_ISL_20249456) is ignored but added at the end
NOTE: EPI_ISL_20260282 (identical to EPI_ISL_20249456) is ignored but added at the end
NOTE: EPI_ISL_20260285 (identical to EPI_ISL_20249456) is ignored but added at the end
NOTE: EPI_ISL_20266557 (identical to EPI_ISL_20249456) is ignored but added at the end
NOTE: EPI_ISL_20266569 (identical to EPI_ISL_20249456) is ignored but added at the end
NOTE: EPI_ISL_20281592 (identical to EPI_ISL_20249456) is ignored but added at the end
NOTE: EPI_ISL_20281604 (identical to EPI_ISL_20249456) is ignored but added at the end
NOTE: EPI_ISL_20281615 (identical to EPI_ISL_20249456) is ignored but added at the end
NOTE: EPI_ISL_20281618 (identical to EPI_ISL_20249456) is ignored but added at the end
NOTE: EPI_ISL_20281621 (identical to EPI_ISL_20249456) is ignored but added at the end
NOTE: EPI_ISL_20281627 (identical to EPI_ISL_20249456) is ignored but added at the end
NOTE: EPI_ISL_20281629 (identical to EPI_ISL_20249456) is ignored but added at the end
NOTE: EPI_ISL_20281636 (identical to EPI_ISL_20249456) is ignored but added at the end
NOTE: EPI_ISL_20281639 (identical to EPI_ISL_20249456) is ignored but added at the end
NOTE: EPI_ISL_20281642 (identical to EPI_ISL_20249456) is ignored but added at the end
NOTE: EPI_ISL_20281651 (identical to EPI_ISL_20249456) is ignored but added at the end
NOTE: EPI_ISL_20281661 (identical to EPI_ISL_20249456) is ignored but added at the end
NOTE: EPI_ISL_20281662 (identical to EPI_ISL_20249456) is ignored but added at the end
NOTE: EPI_ISL_20281664 (identical to EPI_ISL_20249456) is ignored but added at the end
NOTE: EPI_ISL_20281896 (identical to EPI_ISL_20249456) is ignored but added at the end
NOTE: EPI_ISL_20289619 (identical to EPI_ISL_20249456) is ignored but added at the end
NOTE: EPI_ISL_20289646 (identical to EPI_ISL_20249456) is ignored but added at the end
NOTE: EPI_ISL_20289656 (identical to EPI_ISL_20249456) is ignored but added at the end
NOTE: EPI_ISL_20289683 (identical to EPI_ISL_20249456) is ignored but added at the end
NOTE: EPI_ISL_20289743 (identical to EPI_ISL_20249456) is ignored but added at the end
NOTE: EPI_ISL_20292434 (identical to EPI_ISL_20249456) is ignored but added at the end
NOTE: EPI_ISL_20292437 (identical to EPI_ISL_20249456) is ignored but added at the end
NOTE: EPI_ISL_20295244 (identical to EPI_ISL_20249456) is ignored but added at the end
NOTE: EPI_ISL_20295251 (identical to EPI_ISL_20249456) is ignored but added at the end
NOTE: EPI_ISL_20297772 (identical to EPI_ISL_20249456) is ignored but added at the end
NOTE: EPI_ISL_20258582 (identical to EPI_ISL_20249457) is ignored but added at the end
NOTE: EPI_ISL_20258623 (identical to EPI_ISL_20249457) is ignored but added at the end
NOTE: EPI_ISL_20266585 (identical to EPI_ISL_20249457) is ignored but added at the end
NOTE: EPI_ISL_20281654 (identical to EPI_ISL_20249457) is ignored but added at the end
NOTE: EPI_ISL_20289572 (identical to EPI_ISL_20249457) is ignored but added at the end
NOTE: EPI_ISL_20289579 (identical to EPI_ISL_20249457) is ignored but added at the end
NOTE: EPI_ISL_20289687 (identical to EPI_ISL_20249457) is ignored but added at the end
NOTE: EPI_ISL_20292469 (identical to EPI_ISL_20249457) is ignored but added at the end
NOTE: EPI_ISL_20292476 (identical to EPI_ISL_20249457) is ignored but added at the end
NOTE: EPI_ISL_20253218 (identical to EPI_ISL_20249461) is ignored but added at the end
NOTE: EPI_ISL_20257584 (identical to EPI_ISL_20249461) is ignored but added at the end
NOTE: EPI_ISL_20260283 (identical to EPI_ISL_20249461) is ignored but added at the end
NOTE: EPI_ISL_20260286 (identical to EPI_ISL_20249461) is ignored but added at the end
NOTE: EPI_ISL_20281596 (identical to EPI_ISL_20257586) is ignored but added at the end
NOTE: EPI_ISL_20281600 (identical to EPI_ISL_20257586) is ignored but added at the end
NOTE: EPI_ISL_20281617 (identical to EPI_ISL_20257589) is ignored but added at the end
NOTE: EPI_ISL_20281652 (identical to EPI_ISL_20257589) is ignored but added at the end
NOTE: EPI_ISL_20289583 (identical to EPI_ISL_20257589) is ignored but added at the end
NOTE: EPI_ISL_20289684 (identical to EPI_ISL_20257589) is ignored but added at the end
NOTE: EPI_ISL_20289688 (identical to EPI_ISL_20257589) is ignored but added at the end
NOTE: EPI_ISL_20258597 (identical to EPI_ISL_20258550) is ignored but added at the end
NOTE: EPI_ISL_20258599 (identical to EPI_ISL_20258550) is ignored but added at the end
NOTE: EPI_ISL_20289695 (identical to EPI_ISL_20258556) is ignored but added at the end
NOTE: EPI_ISL_20287750 (identical to EPI_ISL_20266578) is ignored but added at the end
NOTE: EPI_ISL_20292464 (identical to EPI_ISL_20266578) is ignored but added at the end
NOTE: EPI_ISL_20295327 (identical to EPI_ISL_20267210) is ignored but added at the end
NOTE: EPI_ISL_20267224 (identical to EPI_ISL_20267216) is ignored but added at the end
NOTE: EPI_ISL_20267236 (identical to EPI_ISL_20267216) is ignored but added at the end
NOTE: EPI_ISL_20267238 (identical to EPI_ISL_20267216) is ignored but added at the end
NOTE: EPI_ISL_20267239 (identical to EPI_ISL_20267216) is ignored but added at the end
NOTE: EPI_ISL_20283197 (identical to EPI_ISL_20267216) is ignored but added at the end
NOTE: EPI_ISL_20283206 (identical to EPI_ISL_20267216) is ignored but added at the end
NOTE: EPI_ISL_20283212 (identical to EPI_ISL_20267216) is ignored but added at the end
NOTE: EPI_ISL_20292461 (identical to EPI_ISL_20267216) is ignored but added at the end
NOTE: EPI_ISL_20297790 (identical to EPI_ISL_20267216) is ignored but added at the end
NOTE: EPI_ISL_20297807 (identical to EPI_ISL_20267216) is ignored but added at the end
NOTE: EPI_ISL_20295253 (identical to EPI_ISL_20281763) is ignored but added at the end
NOTE: EPI_ISL_20295257 (identical to EPI_ISL_20281763) is ignored but added at the end
NOTE: EPI_ISL_20295258 (identical to EPI_ISL_20281763) is ignored but added at the end
NOTE: EPI_ISL_20295259 (identical to EPI_ISL_20281763) is ignored but added at the end
NOTE: EPI_ISL_20295262 (identical to EPI_ISL_20281763) is ignored but added at the end
NOTE: EPI_ISL_20295319 (identical to EPI_ISL_20281763) is ignored but added at the end
NOTE: EPI_ISL_20295329 (identical to EPI_ISL_20281763) is ignored but added at the end
NOTE: EPI_ISL_20295373 (identical to EPI_ISL_20281763) is ignored but added at the end
NOTE: EPI_ISL_20297771 (identical to EPI_ISL_20281763) is ignored but added at the end
NOTE: EPI_ISL_20297778 (identical to EPI_ISL_20281763) is ignored but added at the end
NOTE: EPI_ISL_20297791 (identical to EPI_ISL_20281763) is ignored but added at the end
NOTE: EPI_ISL_20295321 (identical to EPI_ISL_20281784) is ignored but added at the end
NOTE: EPI_ISL_20295375 (identical to EPI_ISL_20281784) is ignored but added at the end
NOTE: EPI_ISL_20295323 (identical to EPI_ISL_20281820) is ignored but added at the end
NOTE: EPI_ISL_20295379 (identical to EPI_ISL_20283213) is ignored but added at the end
NOTE: EPI_ISL_20287749 (identical to EPI_ISL_20287747) is ignored but added at the end
NOTE: EPI_ISL_20297808 (identical to EPI_ISL_20287747) is ignored but added at the end
NOTE: EPI_ISL_20297811 (identical to EPI_ISL_20287747) is ignored but added at the end
NOTE: EPI_ISL_20297799 (identical to EPI_ISL_20297762) is ignored but added at the end
NOTE: EPI_ISL_20297787 (identical to EPI_ISL_20297767) is ignored but added at the end
NOTE: EPI_ISL_20297797 (identical to EPI_ISL_20297767) is ignored but added at the end
Alignment was printed to CanadaOnly.uniqueseq.phy

For your convenience alignment with unique sequences printed to CanadaOnly.uniqueseq.phy


Create initial parsimony tree by phylogenetic likelihood library (PLL)... 0.014 seconds
Measuring multi-threading efficiency up to 20 CPU cores
Increase to 10 rounds for branch lengths
287 trees examined
Threads: 1 / Time: 20.033 sec / Speedup: 1.000 / Efficiency: 100% / LogL: -6809
Threads: 2 / Time: 25.791 sec / Speedup: 0.777 / Efficiency: 39% / LogL: -6809
Determining AUTO threadcount: done in 45.8256 secs using 145.3% CPU
BEST NUMBER OF THREADS: 1

Perform fast likelihood tree search using GTR+I+G model...
Estimate model parameters (epsilon = 5.000)
Perform nearest neighbor interchange...
Optimizing NNI: done in 0.0997398 secs using 93.82% CPU
Estimate model parameters (epsilon = 1.000)
1. Initial log-likelihood: -4107.889
Optimal log-likelihood: -4107.887
Rate parameters:  A-C: 2.41782  A-G: 13.67449  A-T: 0.68027  C-G: 0.18052  C-T: 12.97583  G-T: 1.00000
Base frequencies:  A: 0.346  C: 0.192  G: 0.230  T: 0.232
Proportion of invariable sites: 0.445
Gamma shape alpha: 1.014
Parameters optimization took 1 rounds (0.038 sec)
Time for fast ML tree search: 0.621 seconds

NOTE: ModelFinder requires 23 MB RAM!
ModelFinder will test up to 968 DNA models (sample size: 1653 epsilon: 0.100) ...
 No. Model         -LnL         df  AIC          AICc         BIC
  1  JC            4328.066     445 9546.132     9874.997     11953.737
  2  JC+I          4305.491     446 9502.982     9833.599     11915.997
  3  JC+G4         4304.501     446 9501.001     9831.618     11914.016
  4  JC+I+G4       4303.496     447 9500.992     9833.367     11919.417
  5  JC+R2         4305.568     447 9505.137     9837.512     11923.562
  6  JC+R3         4303.737     449 9505.474     9841.384     11934.720
 14  JC+I+R2       4305.319     448 9506.637     9840.777     11930.473
 15  JC+I+R3       4304.116     450 9508.233     9845.920     11942.889
 24  JC+I          4305.491     446 9502.982     9833.599     11915.997
 25  JC+G4         4304.501     446 9501.001     9831.618     11914.016
 26  JC+I+G4       4303.496     447 9500.992     9833.367     11919.417
 27  JC+R2         4305.568     447 9505.137     9837.512     11923.562
 46  F81+I         4305.408     446 9502.816     9833.433     11915.831
 47  F81+G4        4304.422     446 9500.843     9831.460     11913.858
 48  F81+I+G4      4303.415     447 9500.831     9833.206     11919.256
 49  F81+R2        4305.505     447 9505.011     9837.386     11923.436
 68  F81+F+I       4248.258     449 9394.517     9730.427     11823.763
 69  F81+F+G4      4247.221     449 9392.441     9728.351     11821.687
 70  F81+F+I+G4    4246.267     450 9392.534     9730.221     11827.190
 71  F81+F+R2      4248.208     450 9396.416     9734.103     11831.072
 90  K2P+I         4209.733     447 9313.467     9645.842     11731.892
 91  K2P+G4        4208.760     447 9311.520     9643.895     11729.945
 92  K2P+I+G4      4207.745     448 9311.489     9645.629     11735.325
 93  K2P+R2        4208.885     448 9313.769     9647.909     11737.605
112  K2P+I         4209.733     447 9313.467     9645.842     11731.892
113  K2P+G4        4208.760     447 9311.520     9643.895     11729.945
114  K2P+I+G4      4207.745     448 9311.489     9645.629     11735.325
115  K2P+R2        4208.885     448 9313.769     9647.909     11737.605
134  HKY+I         4209.655     447 9313.311     9645.686     11731.736
135  HKY+G4        4208.678     447 9311.357     9643.732     11729.782
136  HKY+I+G4      4207.665     448 9311.330     9645.470     11735.166
137  HKY+R2        4208.786     448 9313.571     9647.711     11737.407
156  HKY+F+I       4156.387     450 9212.774     9550.461     11647.430
157  HKY+F+G4      4155.270     450 9210.540     9548.227     11645.196
158  HKY+F+I+G4    4154.481     451 9210.961     9550.432     11651.028
159  HKY+F+R2      4156.171     451 9214.342     9553.813     11654.409
178  TNe+I         4170.198     448 9236.395     9570.535     11660.231
179  TNe+G4        4169.206     448 9234.412     9568.551     11658.247
180  TNe+I+G4      4168.227     449 9234.454     9570.364     11663.700
181  TNe+R2        4170.123     449 9238.245     9574.155     11667.491
200  TNe+I         4170.198     448 9236.395     9570.535     11660.231
201  TNe+G4        4169.206     448 9234.412     9568.551     11658.247
202  TNe+I+G4      4168.227     449 9234.454     9570.364     11663.700
203  TNe+R2        4170.123     449 9238.245     9574.155     11667.491
222  TN+I          4170.176     448 9236.353     9570.492     11660.188
223  TN+G4         4169.197     448 9234.394     9568.533     11658.229
224  TN+I+G4       4168.216     449 9234.432     9570.342     11663.678
225  TN+R2         4170.083     449 9238.166     9574.076     11667.412
244  TN+F+I        4156.366     451 9214.732     9554.203     11654.799
245  TN+F+G4       4155.265     451 9212.530     9552.001     11652.597
246  TN+F+I+G4     4154.463     452 9212.927     9554.187     11658.404
247  TN+F+R2       4156.124     452 9216.248     9557.508     11661.725
266  K3P+I         4167.015     448 9230.030     9564.169     11653.865
267  K3P+G4        4166.035     448 9228.070     9562.209     11651.905
268  K3P+I+G4      4165.028     449 9228.056     9563.966     11657.302
269  K3P+R2        4166.712     449 9231.424     9567.334     11660.670
288  K3P+I         4167.015     448 9230.030     9564.169     11653.865
289  K3P+G4        4166.035     448 9228.070     9562.209     11651.905
290  K3P+I+G4      4165.028     449 9228.056     9563.966     11657.302
291  K3P+R2        4166.712     449 9231.424     9567.334     11660.670
310  K3Pu+I        4167.014     448 9230.028     9564.168     11653.864
311  K3Pu+G4       4166.031     448 9228.062     9562.202     11651.898
312  K3Pu+I+G4     4165.026     449 9228.053     9563.963     11657.299
313  K3Pu+R2       4166.693     449 9231.386     9567.296     11660.632
332  K3Pu+F+I      4112.921     451 9127.842     9467.313     11567.909
333  K3Pu+F+G4     4111.803     451 9125.606     9465.077     11565.673
334  K3Pu+F+I+G4   4111.016     452 9126.033     9467.293     11571.510
335  K3Pu+F+R2     4112.550     452 9129.099     9470.359     11574.576
354  TPM2+I        4168.099     448 9232.198     9566.337     11656.033
355  TPM2+G4       4167.153     448 9230.306     9564.446     11654.142
356  TPM2+I+G4     4166.067     449 9230.133     9566.043     11659.379
357  TPM2+R2       4167.848     449 9233.695     9569.606     11662.941
376  TPM2+I        4168.099     448 9232.198     9566.337     11656.033
377  TPM2+G4       4167.153     448 9230.306     9564.446     11654.142
378  TPM2+I+G4     4166.067     449 9230.133     9566.043     11659.379
379  TPM2+R2       4167.848     449 9233.695     9569.606     11662.941
398  TPM2u+I       4168.094     448 9232.188     9566.327     11656.023
399  TPM2u+G4      4167.149     448 9230.298     9564.437     11654.133
400  TPM2u+I+G4    4166.066     449 9230.132     9566.042     11659.378
401  TPM2u+R2      4167.825     449 9233.649     9569.559     11662.895
420  TPM2u+F+I     4115.826     451 9133.652     9473.123     11573.719
421  TPM2u+F+G4    4114.744     451 9131.487     9470.958     11571.554
422  TPM2u+F+I+G4  4113.916     452 9131.832     9473.092     11577.309
423  TPM2u+F+R2    4115.482     452 9134.965     9476.225     11580.441
442  TPM3+I        4171.337     448 9238.673     9572.813     11662.509
443  TPM3+G4       4170.338     448 9236.677     9570.816     11660.512
444  TPM3+I+G4     4169.349     449 9236.698     9572.608     11665.943
445  TPM3+R2       4171.024     449 9240.049     9575.959     11669.295
464  TPM3+I        4171.337     448 9238.673     9572.813     11662.509
465  TPM3+G4       4170.338     448 9236.677     9570.816     11660.512
466  TPM3+I+G4     4169.349     449 9236.698     9572.608     11665.943
467  TPM3+R2       4171.024     449 9240.049     9575.959     11669.295
486  TPM3u+I       4171.339     448 9238.678     9572.818     11662.514
487  TPM3u+G4      4170.333     448 9236.666     9570.806     11660.502
488  TPM3u+I+G4    4169.349     449 9236.699     9572.609     11665.945
489  TPM3u+R2      4171.005     449 9240.010     9575.921     11669.256
508  TPM3u+F+I     4116.885     451 9135.770     9475.241     11575.837
509  TPM3u+F+G4    4115.756     451 9133.512     9472.982     11573.578
510  TPM3u+F+I+G4  4114.980     452 9133.961     9475.221     11579.438
511  TPM3u+F+R2    4116.507     452 9137.013     9478.273     11582.490
530  TIMe+I        4164.841     449 9227.682     9563.592     11656.927
531  TIMe+G4       4163.851     449 9225.701     9561.612     11654.947
532  TIMe+I+G4     4162.872     450 9225.745     9563.432     11660.401
533  TIMe+R2       4164.463     450 9228.927     9566.614     11663.583
552  TIMe+I        4164.841     449 9227.682     9563.592     11656.927
553  TIMe+G4       4163.851     449 9225.701     9561.612     11654.947
554  TIMe+I+G4     4162.872     450 9225.745     9563.432     11660.401
555  TIMe+R2       4164.463     450 9228.927     9566.614     11663.583
574  TIM+I         4164.828     449 9227.657     9563.567     11656.903
575  TIM+G4        4163.847     449 9225.695     9561.605     11654.941
576  TIM+I+G4      4162.868     450 9225.736     9563.424     11660.393
577  TIM+R2        4164.441     450 9228.883     9566.570     11663.539
596  TIM+F+I       4112.883     452 9129.766     9471.026     11575.243
597  TIM+F+G4      4111.780     452 9127.560     9468.820     11573.037
598  TIM+F+I+G4    4110.983     453 9127.966     9471.022     11578.853
599  TIM+F+R2      4112.423     453 9130.845     9473.901     11581.733
618  TIM2e+I       4165.878     449 9229.756     9565.667     11659.002
619  TIM2e+G4      4164.926     449 9227.852     9563.762     11657.098
620  TIM2e+I+G4    4163.867     450 9227.735     9565.422     11662.391
621  TIM2e+R2      4165.515     450 9231.030     9568.717     11665.686
640  TIM2e+I       4165.878     449 9229.756     9565.667     11659.002
641  TIM2e+G4      4164.926     449 9227.852     9563.762     11657.098
642  TIM2e+I+G4    4163.867     450 9227.735     9565.422     11662.391
643  TIM2e+R2      4165.515     450 9231.030     9568.717     11665.686
662  TIM2+I        4165.851     449 9229.703     9565.613     11658.949
663  TIM2+G4       4164.913     449 9227.827     9563.737     11657.072
664  TIM2+I+G4     4163.857     450 9227.714     9565.401     11662.370
665  TIM2+R2       4165.479     450 9230.959     9568.646     11665.615
684  TIM2+F+I      4115.808     452 9135.616     9476.876     11581.093
685  TIM2+F+G4     4114.740     452 9133.480     9474.740     11578.957
686  TIM2+F+I+G4   4113.900     453 9133.801     9476.856     11584.688
687  TIM2+F+R2     4115.373     453 9136.746     9479.802     11587.633
706  TIM3e+I       4169.148     449 9236.295     9572.206     11665.541
707  TIM3e+G4      4168.138     449 9234.277     9570.187     11663.522
708  TIM3e+I+G4    4167.184     450 9234.368     9572.055     11669.024
709  TIM3e+R2      4168.738     450 9237.476     9575.163     11672.132
728  TIM3e+I       4169.148     449 9236.295     9572.206     11665.541
729  TIM3e+G4      4168.138     449 9234.277     9570.187     11663.522
730  TIM3e+I+G4    4167.184     450 9234.368     9572.055     11669.024
731  TIM3e+R2      4168.738     450 9237.476     9575.163     11672.132
750  TIM3+I        4169.130     449 9236.260     9572.170     11665.506
751  TIM3+G4       4168.131     449 9234.263     9570.173     11663.509
752  TIM3+I+G4     4167.175     450 9234.350     9572.038     11669.007
753  TIM3+R2       4168.716     450 9237.433     9575.120     11672.089
772  TIM3+F+I      4116.845     452 9137.689     9478.949     11583.166
773  TIM3+F+G4     4115.730     452 9135.460     9476.720     11580.937
774  TIM3+F+I+G4   4114.945     453 9135.890     9478.946     11586.778
775  TIM3+F+R2     4116.379     453 9138.758     9481.813     11589.645
794  TVMe+I        4162.568     450 9225.136     9562.824     11659.793
795  TVMe+G4       4161.603     450 9223.206     9560.893     11657.862
796  TVMe+I+G4     4160.539     451 9223.079     9562.549     11663.145
797  TVMe+R2       4162.225     451 9226.450     9565.921     11666.517
816  TVMe+I        4162.568     450 9225.136     9562.824     11659.793
817  TVMe+G4       4161.603     450 9223.206     9560.893     11657.862
818  TVMe+I+G4     4160.539     451 9223.079     9562.549     11663.145
819  TVMe+R2       4162.225     451 9226.450     9565.921     11666.517
838  TVM+I         4162.567     450 9225.134     9562.821     11659.790
839  TVM+G4        4161.601     450 9223.202     9560.889     11657.858
840  TVM+I+G4      4160.538     451 9223.077     9562.547     11663.143
841  TVM+R2        4162.191     451 9226.382     9565.853     11666.449
860  TVM+F+I       4109.776     453 9125.553     9468.609     11576.440
861  TVM+F+G4      4108.657     453 9123.314     9466.370     11574.201
862  TVM+F+I+G4    4107.868     454 9123.735     9468.593     11580.033
863  TVM+F+R2      4109.329     454 9126.658     9471.516     11582.956
882  SYM+I         4160.332     451 9222.665     9562.135     11662.731
883  SYM+G4        4159.362     451 9220.724     9560.194     11660.791
884  SYM+I+G4      4158.327     452 9220.654     9561.914     11666.131
885  SYM+R2        4159.867     452 9223.734     9564.994     11669.211
904  SYM+I         4160.332     451 9222.665     9562.135     11662.731
905  SYM+G4        4159.362     451 9220.724     9560.194     11660.791
906  SYM+I+G4      4158.327     452 9220.654     9561.914     11666.131
907  SYM+R2        4159.867     452 9223.734     9564.994     11669.211
926  GTR+I         4160.310     451 9222.620     9562.091     11662.687
927  GTR+G4        4159.352     451 9220.705     9560.175     11660.771
928  GTR+I+G4      4158.318     452 9220.637     9561.897     11666.114
929  GTR+R2        4159.839     452 9223.678     9564.938     11669.155
948  GTR+F+I       4109.746     454 9127.493     9472.351     11583.791
949  GTR+F+G4      4108.642     454 9125.283     9470.141     11581.581
950  GTR+F+I+G4    4107.842     455 9125.685     9472.351     11587.393
951  GTR+F+R2      4109.218     455 9128.437     9475.103     11590.144
Akaike Information Criterion:           TVM+F+G4
Corrected Akaike Information Criterion: K3Pu+F+G4
Bayesian Information Criterion:         K3Pu+F+G4
Best-fit model: K3Pu+F+G4 chosen according to BIC

All model information printed to CanadaOnly.model.gz
CPU time for ModelFinder: 77.282 seconds (0h:1m:17s)
Wall-clock time for ModelFinder: 57.027 seconds (0h:0m:57s)
Generating 10000 samples for ultrafast bootstrap (seed: 765219)...

NOTE: 13 MB RAM (0 GB) is required!
Estimate model parameters (epsilon = 0.100)
1. Initial log-likelihood: -4111.852
Optimal log-likelihood: -4111.802
Rate parameters:  A-C: 1.00000  A-G: 7.57512  A-T: 0.27710  C-G: 0.27710  C-T: 7.57512  G-T: 1.00000
Base frequencies:  A: 0.346  C: 0.192  G: 0.230  T: 0.232
Gamma shape alpha: 0.276
Parameters optimization took 1 rounds (0.054 sec)
Wrote distance file to... 
Computing ML distances based on estimated model parameters...
Calculating distance matrix: done in 0.15461 secs using 90.9% CPU
Computing ML distances took 0.155318 sec (of wall-clock time) 0.140760 sec (of CPU time)
Setting up auxiliary I and S matrices: done in 0.00194952 secs using 89.87% CPU
Constructing RapidNJ tree: done in 0.00612347 secs using 90.81% CPU
Computing RapidNJ tree took 0.008925 sec (of wall-clock time) 0.007484 sec (of CPU time)
Log-likelihood of RapidNJ tree: -4107.159
--------------------------------------------------------------------
|             INITIALIZING CANDIDATE TREE SET                      |
--------------------------------------------------------------------
Generating 98 parsimony trees... 0.984 second
Computing log-likelihood of 98 initial trees ... 0.880 seconds
Current best score: -4102.482

Do NNI search on 20 best initial trees
Optimizing NNI: done in 0.629452 secs using 91.6% CPU
Estimate model parameters (epsilon = 0.100)
BETTER TREE FOUND at iteration 1: -4102.478
Optimizing NNI: done in 0.564891 secs using 93.81% CPU
Estimate model parameters (epsilon = 0.100)
BETTER TREE FOUND at iteration 2: -4101.529
Optimizing NNI: done in 0.542657 secs using 95.81% CPU
Optimizing NNI: done in 0.425041 secs using 95.51% CPU
Optimizing NNI: done in 0.410812 secs using 93.66% CPU
Optimizing NNI: done in 0.426564 secs using 94.58% CPU
Optimizing NNI: done in 0.544479 secs using 94.58% CPU
Optimizing NNI: done in 0.538087 secs using 93.88% CPU
Optimizing NNI: done in 0.364511 secs using 94.58% CPU
Optimizing NNI: done in 0.390566 secs using 94.57% CPU
Iteration 10 / LogL: -4103.901 / Time: 0h:1m:4s
Optimizing NNI: done in 0.206573 secs using 94.58% CPU
Optimizing NNI: done in 0.379952 secs using 94.58% CPU
Optimizing NNI: done in 0.360727 secs using 93.55% CPU
Optimizing NNI: done in 0.37217 secs using 94.58% CPU
Optimizing NNI: done in 0.375244 secs using 94.59% CPU
Optimizing NNI: done in 0.552549 secs using 94.58% CPU
Optimizing NNI: done in 0.380325 secs using 93.6% CPU
Optimizing NNI: done in 0.5101 secs using 94.58% CPU
Optimizing NNI: done in 0.525507 secs using 94.58% CPU
Optimizing NNI: done in 0.510315 secs using 94.58% CPU
Iteration 20 / LogL: -4102.075 / Time: 0h:1m:8s
Finish initializing candidate tree set (20)
Current best tree score: -4101.529 / CPU time: 11.080
Number of iterations: 20
--------------------------------------------------------------------
|               OPTIMIZING CANDIDATE TREE SET                      |
--------------------------------------------------------------------
Optimizing NNI: done in 0.413665 secs using 93.66% CPU
Optimizing NNI: done in 0.397567 secs using 93.63% CPU
Optimizing NNI: done in 0.544621 secs using 93.24% CPU
Optimizing NNI: done in 0.672461 secs using 91.95% CPU
Optimizing NNI: done in 0.557546 secs using 94.75% CPU
Optimizing NNI: done in 0.389257 secs using 94.74% CPU
Optimizing NNI: done in 0.440713 secs using 93.05% CPU
Optimizing NNI: done in 0.55935 secs using 94.74% CPU
Optimizing NNI: done in 0.3572 secs using 90.52% CPU
Optimizing NNI: done in 0.801977 secs using 94.28% CPU
Iteration 30 / LogL: -4103.251 / Time: 0h:1m:14s (0h:0m:42s left)
Optimizing NNI: done in 0.586219 secs using 94.75% CPU
Optimizing NNI: done in 0.427197 secs using 92.98% CPU
Optimizing NNI: done in 0.58757 secs using 94.1% CPU
Optimizing NNI: done in 0.496878 secs using 93.23% CPU
Estimate model parameters (epsilon = 0.100)
BETTER TREE FOUND at iteration 34: -4100.541
Optimizing NNI: done in 0.526533 secs using 94.03% CPU
Optimizing NNI: done in 0.61406 secs using 94.13% CPU
Optimizing NNI: done in 0.219739 secs using 94.74% CPU
Optimizing NNI: done in 0.679095 secs using 93.02% CPU
Optimizing NNI: done in 0.6615 secs using 93.92% CPU
Optimizing NNI: done in 0.435544 secs using 94.5% CPU
Iteration 40 / LogL: -4101.631 / Time: 0h:1m:19s (0h:0m:54s left)
Optimizing NNI: done in 0.503217 secs using 93.75% CPU
Optimizing NNI: done in 0.708275 secs using 92.37% CPU
Optimizing NNI: done in 0.779614 secs using 93.04% CPU
Optimizing NNI: done in 0.677858 secs using 93.38% CPU
Optimizing NNI: done in 0.370456 secs using 93.48% CPU
Optimizing NNI: done in 0.443716 secs using 93.65% CPU
Optimizing NNI: done in 0.400088 secs using 93.55% CPU
Optimizing NNI: done in 0.749015 secs using 93.99% CPU
Optimizing NNI: done in 0.522137 secs using 94.49% CPU
Optimizing NNI: done in 0.371036 secs using 94.5% CPU
Iteration 50 / LogL: -4100.576 / Time: 0h:1m:25s (0h:0m:48s left)
Log-likelihood cutoff on original alignment: -4140.874
Optimizing NNI: done in 0.704276 secs using 91.76% CPU
Optimizing NNI: done in 0.582188 secs using 91.05% CPU
Optimizing NNI: done in 0.750807 secs using 92.29% CPU
Optimizing NNI: done in 0.581521 secs using 91.06% CPU
Optimizing NNI: done in 0.434448 secs using 92.29% CPU
Optimizing NNI: done in 0.598616 secs using 92.29% CPU
Optimizing NNI: done in 0.371245 secs using 91.3% CPU
Optimizing NNI: done in 0.67224 secs using 92.29% CPU
Optimizing NNI: done in 0.460064 secs using 92.29% CPU
Optimizing NNI: done in 0.387343 secs using 93.51% CPU
Iteration 60 / LogL: -4112.097 / Time: 0h:1m:36s (0h:0m:49s left)
Optimizing NNI: done in 0.548289 secs using 95.8% CPU
Optimizing NNI: done in 0.4068 secs using 94.61% CPU
Optimizing NNI: done in 0.521998 secs using 93.63% CPU
Optimizing NNI: done in 0.573808 secs using 92.38% CPU
Optimizing NNI: done in 0.479632 secs using 93.56% CPU
Optimizing NNI: done in 0.412267 secs using 94.35% CPU
Optimizing NNI: done in 0.538916 secs using 93.65% CPU
Optimizing NNI: done in 0.318708 secs using 93.16% CPU
Optimizing NNI: done in 0.63713 secs using 93.77% CPU
Optimizing NNI: done in 0.372353 secs using 93.33% CPU
Iteration 70 / LogL: -4100.565 / Time: 0h:1m:41s (0h:0m:41s left)
Optimizing NNI: done in 0.644435 secs using 93.18% CPU
Optimizing NNI: done in 0.462103 secs using 93.54% CPU
Optimizing NNI: done in 0.473977 secs using 91.97% CPU
Optimizing NNI: done in 0.453622 secs using 93.52% CPU
Optimizing NNI: done in 0.479533 secs using 94.35% CPU
Optimizing NNI: done in 0.604057 secs using 93.72% CPU
Optimizing NNI: done in 0.651217 secs using 94.42% CPU
Optimizing NNI: done in 0.315069 secs using 93.48% CPU
Optimizing NNI: done in 0.541213 secs using 93.99% CPU
Optimizing NNI: done in 0.320844 secs using 94.68% CPU
Iteration 80 / LogL: -4100.743 / Time: 0h:1m:47s (0h:0m:34s left)
Optimizing NNI: done in 0.331294 secs using 94.67% CPU
Optimizing NNI: done in 0.373409 secs using 93.68% CPU
Optimizing NNI: done in 0.517342 secs using 93.96% CPU
Optimizing NNI: done in 0.454836 secs using 94.69% CPU
Optimizing NNI: done in 0.509503 secs using 93.94% CPU
Optimizing NNI: done in 0.460051 secs using 93.86% CPU
Optimizing NNI: done in 0.538438 secs using 94% CPU
Optimizing NNI: done in 0.554204 secs using 93.33% CPU
Optimizing NNI: done in 0.415221 secs using 93.78% CPU
Optimizing NNI: done in 0.480562 secs using 94.68% CPU
Iteration 90 / LogL: -4100.739 / Time: 0h:1m:52s (0h:0m:27s left)
Optimizing NNI: done in 0.567398 secs using 93.36% CPU
Optimizing NNI: done in 0.348612 secs using 94.69% CPU
Optimizing NNI: done in 0.331287 secs using 92.4% CPU
Optimizing NNI: done in 0.554646 secs using 92.65% CPU
Optimizing NNI: done in 0.449223 secs using 93.86% CPU
Optimizing NNI: done in 0.663223 secs using 93.56% CPU
Optimizing NNI: done in 0.473493 secs using 93.88% CPU
Optimizing NNI: done in 0.36156 secs using 94.2% CPU
Optimizing NNI: done in 0.500479 secs using 92.94% CPU
Optimizing NNI: done in 0.397091 secs using 92.74% CPU
Iteration 100 / LogL: -4107.580 / Time: 0h:1m:57s (0h:0m:20s left)
Log-likelihood cutoff on original alignment: -4140.874
NOTE: Bootstrap correlation coefficient of split occurrence frequencies: 0.998
Optimizing NNI: done in 0.542392 secs using 92.29% CPU
Optimizing NNI: done in 0.425307 secs using 93.67% CPU
Optimizing NNI: done in 0.756665 secs using 92.71% CPU
Optimizing NNI: done in 0.434134 secs using 93.67% CPU
Optimizing NNI: done in 0.567379 secs using 93.67% CPU
Optimizing NNI: done in 0.494435 secs using 91.71% CPU
Optimizing NNI: done in 0.364143 secs using 91.1% CPU
Optimizing NNI: done in 0.541314 secs using 93.14% CPU
Optimizing NNI: done in 0.475103 secs using 92.38% CPU
Optimizing NNI: done in 0.475504 secs using 91.58% CPU
Iteration 110 / LogL: -4100.548 / Time: 0h:2m:7s (0h:0m:57s left)
Optimizing NNI: done in 0.552867 secs using 93.14% CPU
Optimizing NNI: done in 0.37935 secs using 93.14% CPU
Optimizing NNI: done in 0.337207 secs using 92.08% CPU
Optimizing NNI: done in 0.346499 secs using 92.08% CPU
Optimizing NNI: done in 0.504867 secs using 92.4% CPU
Optimizing NNI: done in 0.304668 secs using 93.14% CPU
Optimizing NNI: done in 0.190515 secs using 91.2% CPU
Optimizing NNI: done in 0.54607 secs using 92.47% CPU
Optimizing NNI: done in 0.407465 secs using 93.14% CPU
Optimizing NNI: done in 0.506601 secs using 93.14% CPU
Iteration 120 / LogL: -4100.551 / Time: 0h:2m:11s (0h:0m:50s left)
Optimizing NNI: done in 0.491328 secs using 94.82% CPU
Optimizing NNI: done in 0.508772 secs using 92.88% CPU
Optimizing NNI: done in 0.288595 secs using 95.45% CPU
Optimizing NNI: done in 0.494865 secs using 94.8% CPU
Optimizing NNI: done in 0.407999 secs using 93.88% CPU
Optimizing NNI: done in 0.337707 secs using 94.8% CPU
Optimizing NNI: done in 0.44813 secs using 93.13% CPU
Optimizing NNI: done in 0.351937 secs using 92.67% CPU
Optimizing NNI: done in 0.660216 secs using 93.66% CPU
Optimizing NNI: done in 0.554667 secs using 93.44% CPU
Iteration 130 / LogL: -4100.556 / Time: 0h:2m:16s (0h:0m:43s left)
Optimizing NNI: done in 0.517349 secs using 93.36% CPU
Optimizing NNI: done in 0.573086 secs using 94.15% CPU
Optimizing NNI: done in 0.331725 secs using 93.67% CPU
Optimizing NNI: done in 0.336381 secs using 94.8% CPU
Optimizing NNI: done in 0.46647 secs using 94% CPU
TREE SEARCH COMPLETED AFTER 135 ITERATIONS / Time: 0h:2m:19s

--------------------------------------------------------------------
|                    FINALIZING TREE SEARCH                        |
--------------------------------------------------------------------
Performs final model parameters optimization
Estimate model parameters (epsilon = 0.010)
1. Initial log-likelihood: -4100.541
Optimal log-likelihood: -4100.541
Rate parameters:  A-C: 1.00000  A-G: 7.57064  A-T: 0.27695  C-G: 0.27695  C-T: 7.57064  G-T: 1.00000
Base frequencies:  A: 0.346  C: 0.192  G: 0.230  T: 0.232
Gamma shape alpha: 0.283
Parameters optimization took 1 rounds (0.019 sec)
BEST SCORE FOUND : -4100.541

Testing tree branches by SH-like aLRT with 10000 replicates...
16.435 sec.
Creating bootstrap support values...
Split supports printed to NEXUS file CanadaOnly.splits.nex
Total tree length: 0.136

Total number of iterations: 135
CPU time used for tree search: 75.629 sec (0h:1m:15s)
Wall-clock time used for tree search: 81.829 sec (0h:1m:21s)
Total CPU time used: 172.682 sec (0h:2m:52s)
Total wall-clock time used: 160.983 sec (0h:2m:40s)

Computing bootstrap consensus tree...
Reading input file CanadaOnly.splits.nex...
224 taxa and 10047 splits.
Consensus tree written to CanadaOnly.contree
Reading input trees file CanadaOnly.contree
Log-likelihood of consensus tree: -4105.056

Analysis results written to: 
  IQ-TREE report:                CanadaOnly.iqtree
  Maximum-likelihood tree:       CanadaOnly.treefile
  Likelihood distances:          CanadaOnly.mldist

Ultrafast bootstrap approximation results written to:
  Split support values:          CanadaOnly.splits.nex
  Consensus tree:                CanadaOnly.contree
  Screen log file:               CanadaOnly.log

Date and Time: Fri Jan  9 09:23:11 2026
