IQ-TREE version 3.0.1 for Linux x86 64-bit built Jul  9 2025
Developed by Bui Quang Minh, Thomas Wong, Nhan Ly-Trong, Huaiyan Ren
Contributed by Lam-Tung Nguyen, Dominik Schrempf, Chris Bielow,
Olga Chernomor, Michael Woodhams, Diep Thi Hoang, Heiko Schmidt

Host:    ON44C03637251 (AVX2, FMA3, 31 GB RAM)
Command: iqtree -s ../CanadianKCladeTempestFiltered/Manitoba.fasta -m MFP -B 10000 -alrt 10000 --prefix Manitoba -T auto
Seed:    765129 (Using SPRNG - Scalable Parallel Random Number Generator)
Time:    Fri Jan  9 09:20:38 2026
Kernel:  AVX+FMA - auto-detect threads (20 CPU cores detected)

Reading alignment file ../CanadianKCladeTempestFiltered/Manitoba.fasta ... Fasta format detected
Reading fasta file: done in 0.0519553 secs using 1.23% CPU
Alignment most likely contains DNA/RNA sequences
Constructing alignment: done in 0.00225599 secs using 186.3% CPU
Alignment has 82 sequences with 1653 columns, 65 distinct patterns
23 parsimony-informative, 36 singleton sites, 1594 constant sites
                  Gap/Ambiguity  Composition  p-value
Analyzing sequences: done in 0.0800027 secs using 261.6% CPU
   1  EPI_ISL_20236994    0.00%    passed     99.99%
   2  EPI_ISL_20249460    0.00%    passed     99.96%
   3  EPI_ISL_20249461    0.00%    passed     99.99%
   4  EPI_ISL_20249462    0.00%    passed     99.99%
   5  EPI_ISL_20249463    0.00%    passed     99.99%
   6  EPI_ISL_20249466    0.00%    passed    100.00%
   7  EPI_ISL_20253218    0.00%    passed     99.99%
   8  EPI_ISL_20260283    0.00%    passed     99.99%
   9  EPI_ISL_20260285    0.00%    passed    100.00%
  10  EPI_ISL_20260286    0.00%    passed     99.99%
  11  EPI_ISL_20260287    0.00%    passed    100.00%
  12  EPI_ISL_20260288    0.06%    passed     99.96%
  13  EPI_ISL_20266557    0.00%    passed    100.00%
  14  EPI_ISL_20266558    0.00%    passed     99.99%
  15  EPI_ISL_20266559    0.00%    passed     99.92%
  16  EPI_ISL_20266566    0.00%    passed     99.98%
  17  EPI_ISL_20266568    0.00%    passed    100.00%
  18  EPI_ISL_20266569    0.00%    passed    100.00%
  19  EPI_ISL_20266581    0.00%    passed     99.99%
  20  EPI_ISL_20289596    0.00%    passed     99.92%
  21  EPI_ISL_20289598    0.00%    passed     99.95%
  22  EPI_ISL_20289600    0.00%    passed     99.95%
  23  EPI_ISL_20289601    0.00%    passed     99.87%
  24  EPI_ISL_20289603    0.00%    passed     99.85%
  25  EPI_ISL_20289607    0.06%    passed     99.96%
  26  EPI_ISL_20289609    0.00%    passed     99.99%
  27  EPI_ISL_20289611    0.00%    passed     99.86%
  28  EPI_ISL_20289613    0.06%    passed     99.84%
  29  EPI_ISL_20289615    0.00%    passed     99.99%
  30  EPI_ISL_20289619    0.00%    passed    100.00%
  31  EPI_ISL_20289621    0.00%    passed    100.00%
  32  EPI_ISL_20289623    0.06%    passed    100.00%
  33  EPI_ISL_20289627    0.00%    passed     99.99%
  34  EPI_ISL_20289638    0.00%    passed     99.99%
  35  EPI_ISL_20289640    0.06%    passed     99.92%
  36  EPI_ISL_20289646    0.00%    passed    100.00%
  37  EPI_ISL_20289648    0.00%    passed     99.70%
  38  EPI_ISL_20289656    0.00%    passed    100.00%
  39  EPI_ISL_20289658    0.06%    passed     99.92%
  40  EPI_ISL_20289660    0.00%    passed     99.87%
  41  EPI_ISL_20289664    0.00%    passed     99.98%
  42  EPI_ISL_20289667    0.06%    passed    100.00%
  43  EPI_ISL_20289669    0.00%    passed    100.00%
  44  EPI_ISL_20289671    0.00%    passed    100.00%
  45  EPI_ISL_20289675    0.00%    passed     99.99%
  46  EPI_ISL_20289717    0.06%    passed    100.00%
  47  EPI_ISL_20289719    0.00%    passed     99.95%
  48  EPI_ISL_20289721    0.06%    passed    100.00%
  49  EPI_ISL_20289723    0.00%    passed     99.99%
  50  EPI_ISL_20289726    0.00%    passed     99.99%
  51  EPI_ISL_20289728    0.00%    passed    100.00%
  52  EPI_ISL_20289730    0.12%    passed     99.98%
  53  EPI_ISL_20289732    0.06%    passed     99.99%
  54  EPI_ISL_20289735    0.00%    passed     99.97%
  55  EPI_ISL_20289737    0.00%    passed     99.96%
  56  EPI_ISL_20289740    0.00%    passed     99.99%
  57  EPI_ISL_20289743    0.00%    passed    100.00%
  58  EPI_ISL_20289745    0.00%    passed     99.99%
  59  EPI_ISL_20289747    0.00%    passed     99.99%
  60  EPI_ISL_20289754    0.06%    passed    100.00%
  61  EPI_ISL_20289756    0.06%    passed     99.98%
  62  EPI_ISL_20292429    0.00%    passed     99.92%
  63  EPI_ISL_20292433    0.00%    passed     99.94%
  64  EPI_ISL_20292434    0.00%    passed    100.00%
  65  EPI_ISL_20292435    0.06%    passed     99.96%
  66  EPI_ISL_20292436    0.00%    passed    100.00%
  67  EPI_ISL_20292437    0.00%    passed    100.00%
  68  EPI_ISL_20292440    0.06%    passed    100.00%
  69  EPI_ISL_20292442    0.06%    passed     99.97%
  70  EPI_ISL_20292443    0.00%    passed     99.92%
  71  EPI_ISL_20292445    0.06%    passed     99.99%
  72  EPI_ISL_20292446    0.00%    passed    100.00%
  73  EPI_ISL_20292447    0.00%    passed     99.98%
  74  EPI_ISL_20292448    0.00%    passed     99.99%
  75  EPI_ISL_20292449    0.00%    passed     99.96%
  76  EPI_ISL_20292451    0.00%    passed     99.99%
  77  EPI_ISL_20292452    0.00%    passed     99.99%
  78  EPI_ISL_20292453    0.00%    passed     99.99%
  79  EPI_ISL_20292454    0.00%    passed     99.92%
  80  EPI_ISL_20292456    0.12%    passed     99.97%
  81  EPI_ISL_20292488    0.00%    passed     99.93%
  82  EPI_ISL_20292489    0.06%    passed     99.99%
****  TOTAL               0.02%  0 sequences failed composition chi2 test (p-value<5%; df=3)
NOTE: EPI_ISL_20249462 is identical to EPI_ISL_20236994 but kept for subsequent analysis
NOTE: EPI_ISL_20249463 is identical to EPI_ISL_20249461 but kept for subsequent analysis
NOTE: EPI_ISL_20260285 is identical to EPI_ISL_20249466 but kept for subsequent analysis
NOTE: EPI_ISL_20289621 is identical to EPI_ISL_20266568 but kept for subsequent analysis
NOTE: EPI_ISL_20289745 is identical to EPI_ISL_20266581 but kept for subsequent analysis
NOTE: EPI_ISL_20289658 is identical to EPI_ISL_20289640 but kept for subsequent analysis
Checking for duplicate sequences: done in 0.0483375 secs using 261.6% CPU
Identifying sites to remove: done in 0.000574509 secs using 91.56% CPU
NOTE: 17 identical sequences (see below) will be ignored for subsequent analysis
NOTE: EPI_ISL_20266558 (identical to EPI_ISL_20236994) is ignored but added at the end
NOTE: EPI_ISL_20289627 (identical to EPI_ISL_20236994) is ignored but added at the end
NOTE: EPI_ISL_20289638 (identical to EPI_ISL_20236994) is ignored but added at the end
NOTE: EPI_ISL_20289723 (identical to EPI_ISL_20236994) is ignored but added at the end
NOTE: EPI_ISL_20289726 (identical to EPI_ISL_20236994) is ignored but added at the end
NOTE: EPI_ISL_20292453 (identical to EPI_ISL_20236994) is ignored but added at the end
NOTE: EPI_ISL_20253218 (identical to EPI_ISL_20249461) is ignored but added at the end
NOTE: EPI_ISL_20260283 (identical to EPI_ISL_20249461) is ignored but added at the end
NOTE: EPI_ISL_20260286 (identical to EPI_ISL_20249461) is ignored but added at the end
NOTE: EPI_ISL_20266557 (identical to EPI_ISL_20249466) is ignored but added at the end
NOTE: EPI_ISL_20266569 (identical to EPI_ISL_20249466) is ignored but added at the end
NOTE: EPI_ISL_20289619 (identical to EPI_ISL_20249466) is ignored but added at the end
NOTE: EPI_ISL_20289646 (identical to EPI_ISL_20249466) is ignored but added at the end
NOTE: EPI_ISL_20289656 (identical to EPI_ISL_20249466) is ignored but added at the end
NOTE: EPI_ISL_20289743 (identical to EPI_ISL_20249466) is ignored but added at the end
NOTE: EPI_ISL_20292434 (identical to EPI_ISL_20249466) is ignored but added at the end
NOTE: EPI_ISL_20292437 (identical to EPI_ISL_20249466) is ignored but added at the end
Alignment was printed to Manitoba.uniqueseq.phy

For your convenience alignment with unique sequences printed to Manitoba.uniqueseq.phy


Create initial parsimony tree by phylogenetic likelihood library (PLL)... 0.001 seconds
Measuring multi-threading efficiency up to 20 CPU cores
Increase to 10 rounds for branch lengths
5736 trees examined
Threads: 1 / Time: 20.001 sec / Speedup: 1.000 / Efficiency: 100% / LogL: -3338
Threads: 2 / Time: 28.295 sec / Speedup: 0.707 / Efficiency: 35% / LogL: -3338
Determining AUTO threadcount: done in 48.2976 secs using 145.6% CPU
BEST NUMBER OF THREADS: 1

Perform fast likelihood tree search using GTR+I+G model...
Estimate model parameters (epsilon = 5.000)
Perform nearest neighbor interchange...
Optimizing NNI: done in 0.00400162 secs using 93.76% CPU
Estimate model parameters (epsilon = 1.000)
1. Initial log-likelihood: -2795.405
Optimal log-likelihood: -2795.066
Rate parameters:  A-C: 1.18343  A-G: 7.25828  A-T: 0.52649  C-G: 0.00010  C-T: 4.85444  G-T: 1.00000
Warning! Some parameters hit the boundaries
Base frequencies:  A: 0.346  C: 0.192  G: 0.230  T: 0.232
Proportion of invariable sites: 0.482
Gamma shape alpha: 0.199
Parameters optimization took 1 rounds (0.013 sec)
Time for fast ML tree search: 0.047 seconds

NOTE: ModelFinder requires 4 MB RAM!
ModelFinder will test up to 968 DNA models (sample size: 1653 epsilon: 0.100) ...
 No. Model         -LnL         df  AIC          AICc         BIC
  1  JC            2894.758     127 6043.515     6064.834     6730.629
  2  JC+I          2885.921     128 6027.841     6049.511     6720.366
  3  JC+G4         2886.886     128 6029.773     6051.442     6722.297
  4  JC+I+G4       2885.972     129 6029.944     6051.966     6727.879
  5  JC+R2         2890.208     129 6038.415     6060.437     6736.350
  6  JC+R3         2888.827     131 6039.654     6062.392     6748.409
 14  JC+I+R2       2886.967     130 6033.934     6056.312     6737.279
 15  JC+I+R3       2886.151     132 6036.301     6059.401     6750.467
 24  JC+I          2885.921     128 6027.841     6049.511     6720.366
 25  JC+G4         2886.886     128 6029.773     6051.442     6722.297
 26  JC+I+G4       2885.972     129 6029.944     6051.966     6727.879
 46  F81+I         2885.921     128 6027.841     6049.510     6720.366
 47  F81+G4        2886.886     128 6029.773     6051.442     6722.297
 48  F81+I+G4      2885.972     129 6029.944     6051.966     6727.879
 68  F81+F+I       2837.127     131 5936.253     5958.991     6645.009
 69  F81+F+G4      2838.007     131 5938.014     5960.752     6646.770
 70  F81+F+I+G4    2837.181     132 5938.362     5961.462     6652.528
 90  K2P+I         2848.128     129 5954.257     5976.279     6652.191
 91  K2P+G4        2849.139     129 5956.278     5978.301     6654.213
 92  K2P+I+G4      2848.174     130 5956.349     5978.727     6659.694
112  K2P+I         2848.128     129 5954.257     5976.279     6652.191
113  K2P+G4        2849.139     129 5956.278     5978.301     6654.213
114  K2P+I+G4      2848.174     130 5956.349     5978.727     6659.694
134  HKY+I         2848.106     129 5954.211     5976.233     6652.146
135  HKY+G4        2849.116     129 5956.233     5978.255     6654.168
136  HKY+I+G4      2848.152     130 5956.303     5978.682     6659.648
156  HKY+F+I       2800.586     132 5865.171     5888.271     6579.337
157  HKY+F+G4      2801.237     132 5866.473     5889.573     6580.639
158  HKY+F+I+G4    2800.687     133 5867.374     5890.839     6586.950
178  TNe+I         2842.261     130 5944.522     5966.901     6647.867
179  TNe+G4        2843.195     130 5946.391     5968.769     6649.736
180  TNe+I+G4      2842.343     131 5946.686     5969.423     6655.441
200  TNe+I         2842.261     130 5944.522     5966.901     6647.867
201  TNe+G4        2843.195     130 5946.391     5968.769     6649.736
202  TNe+I+G4      2842.343     131 5946.686     5969.423     6655.441
222  TN+I          2842.261     130 5944.522     5966.901     6647.867
223  TN+G4         2843.195     130 5946.391     5968.769     6649.736
224  TN+I+G4       2842.343     131 5946.685     5969.423     6655.441
244  TN+F+I        2796.434     133 5858.869     5882.334     6578.445
245  TN+F+G4       2797.046     133 5860.092     5883.558     6579.668
246  TN+F+I+G4     2796.569     134 5861.138     5884.972     6586.125
266  K3P+I         2844.443     130 5948.886     5971.265     6652.231
267  K3P+G4        2845.422     130 5950.843     5973.222     6654.188
268  K3P+I+G4      2844.493     131 5950.986     5973.723     6659.741
288  K3P+I         2844.443     130 5948.886     5971.265     6652.231
289  K3P+G4        2845.422     130 5950.843     5973.222     6654.188
290  K3P+I+G4      2844.493     131 5950.986     5973.723     6659.741
310  K3Pu+I        2844.444     130 5948.888     5971.267     6652.233
311  K3Pu+G4       2845.424     130 5950.848     5973.226     6654.193
312  K3Pu+I+G4     2844.493     131 5950.985     5973.723     6659.741
332  K3Pu+F+I      2796.797     133 5859.594     5883.059     6579.170
333  K3Pu+F+G4     2797.417     133 5860.834     5884.299     6580.410
334  K3Pu+F+I+G4   2796.898     134 5861.795     5885.629     6586.782
354  TPM2+I        2842.232     130 5944.465     5966.843     6647.810
355  TPM2+G4       2843.396     130 5946.792     5969.170     6650.137
356  TPM2+I+G4     2842.266     131 5946.533     5969.270     6655.288
376  TPM2+I        2842.232     130 5944.465     5966.843     6647.810
377  TPM2+G4       2843.396     130 5946.792     5969.170     6650.137
378  TPM2+I+G4     2842.266     131 5946.533     5969.270     6655.288
398  TPM2u+I       2842.234     130 5944.469     5966.847     6647.814
399  TPM2u+G4      2843.394     130 5946.787     5969.166     6650.132
400  TPM2u+I+G4    2842.266     131 5946.532     5969.270     6655.288
420  TPM2u+F+I     2795.331     133 5856.661     5880.127     6576.238
421  TPM2u+F+G4    2796.030     133 5858.060     5881.526     6577.637
422  TPM2u+F+I+G4  2795.414     134 5858.827     5882.661     6583.814
442  TPM3+I        2844.874     130 5949.747     5972.126     6653.093
443  TPM3+G4       2845.841     130 5951.682     5974.061     6655.028
444  TPM3+I+G4     2844.922     131 5951.845     5974.583     6660.600
464  TPM3+I        2844.874     130 5949.748     5972.126     6653.093
465  TPM3+G4       2845.841     130 5951.682     5974.061     6655.028
466  TPM3+I+G4     2844.922     131 5951.845     5974.583     6660.600
486  TPM3u+I       2844.873     130 5949.745     5972.124     6653.090
487  TPM3u+G4      2845.841     130 5951.683     5974.061     6655.028
488  TPM3u+I+G4    2844.922     131 5951.845     5974.583     6660.600
508  TPM3u+F+I     2797.183     133 5860.366     5883.831     6579.942
509  TPM3u+F+G4    2797.801     133 5861.603     5885.068     6581.179
510  TPM3u+F+I+G4  2797.284     134 5862.567     5886.401     6587.554
530  TIMe+I        2841.759     131 5945.519     5968.256     6654.274
531  TIMe+G4       2842.691     131 5947.381     5970.119     6656.137
532  TIMe+I+G4     2841.840     132 5947.681     5970.781     6661.846
552  TIMe+I        2841.759     131 5945.519     5968.256     6654.274
553  TIMe+G4       2842.691     131 5947.381     5970.119     6656.137
554  TIMe+I+G4     2841.840     132 5947.681     5970.781     6661.846
574  TIM+I         2841.759     131 5945.519     5968.256     6654.274
575  TIM+G4        2842.691     131 5947.381     5970.119     6656.137
576  TIM+I+G4      2841.840     132 5947.680     5970.780     6661.846
596  TIM+F+I       2795.894     134 5859.787     5883.621     6584.774
597  TIM+F+G4      2796.495     134 5860.989     5884.823     6585.976
598  TIM+F+I+G4    2796.018     135 5862.036     5886.242     6592.433
618  TIM2e+I       2839.536     131 5941.073     5963.811     6649.828
619  TIM2e+G4      2840.663     131 5943.327     5966.064     6652.082
620  TIM2e+I+G4    2839.590     132 5943.180     5966.280     6657.346
640  TIM2e+I       2839.536     131 5941.073     5963.811     6649.828
641  TIM2e+G4      2840.663     131 5943.327     5966.064     6652.082
642  TIM2e+I+G4    2839.590     132 5943.180     5966.280     6657.346
662  TIM2+I        2839.536     131 5941.073     5963.810     6649.828
663  TIM2+G4       2840.663     131 5943.326     5966.064     6652.082
664  TIM2+I+G4     2839.590     132 5943.180     5966.280     6657.345
684  TIM2+F+I      2794.443     134 5856.885     5880.719     6581.872
685  TIM2+F+G4     2795.124     134 5858.248     5882.082     6583.234
686  TIM2+F+I+G4   2794.554     135 5859.108     5883.313     6589.504
706  TIM3e+I       2842.191     131 5946.382     5969.120     6655.138
707  TIM3e+G4      2843.114     131 5948.228     5970.965     6656.983
708  TIM3e+I+G4    2842.273     132 5948.546     5971.646     6662.712
728  TIM3e+I       2842.191     131 5946.382     5969.120     6655.138
729  TIM3e+G4      2843.114     131 5948.228     5970.965     6656.983
730  TIM3e+I+G4    2842.273     132 5948.546     5971.646     6662.712
750  TIM3+I        2842.191     131 5946.382     5969.120     6655.137
751  TIM3+G4       2843.114     131 5948.227     5970.965     6656.983
752  TIM3+I+G4     2842.273     132 5948.546     5971.646     6662.712
772  TIM3+F+I      2796.280     134 5860.560     5884.394     6585.546
773  TIM3+F+G4     2796.876     134 5861.753     5885.587     6586.739
774  TIM3+F+I+G4   2796.429     135 5862.859     5887.064     6593.255
794  TVMe+I        2841.624     132 5947.248     5970.348     6661.413
795  TVMe+G4       2842.740     132 5949.479     5972.579     6663.645
796  TVMe+I+G4     2841.644     133 5949.287     5972.753     6668.863
816  TVMe+I        2841.624     132 5947.248     5970.348     6661.413
817  TVMe+G4       2842.740     132 5949.479     5972.579     6663.645
818  TVMe+I+G4     2841.644     133 5949.287     5972.753     6668.863
838  TVM+I         2841.618     132 5947.236     5970.336     6661.402
839  TVM+G4        2842.735     132 5949.469     5972.569     6663.635
840  TVM+I+G4      2841.638     133 5949.277     5972.742     6668.853
860  TVM+F+I       2794.506     135 5859.013     5883.218     6589.409
861  TVM+F+G4      2795.199     135 5860.398     5884.603     6590.795
862  TVM+F+I+G4    2794.595     136 5861.191     5885.771     6596.998
882  SYM+I         2838.839     133 5943.678     5967.143     6663.254
883  SYM+G4        2839.961     133 5945.922     5969.387     6665.498
884  SYM+I+G4      2838.890     134 5945.780     5969.614     6670.766
904  SYM+I         2838.839     133 5943.678     5967.143     6663.254
905  SYM+G4        2839.961     133 5945.922     5969.387     6665.498
906  SYM+I+G4      2838.890     134 5945.780     5969.614     6670.766
926  GTR+I         2838.838     133 5943.677     5967.142     6663.253
927  GTR+G4        2839.960     133 5945.919     5969.385     6665.495
928  GTR+I+G4      2838.890     134 5945.779     5969.613     6670.766
948  GTR+F+I       2793.640     136 5859.281     5883.861     6595.088
949  GTR+F+G4      2794.308     136 5860.616     5885.197     6596.423
950  GTR+F+I+G4    2793.761     137 5861.523     5886.481     6602.740
Akaike Information Criterion:           TPM2u+F+I
Corrected Akaike Information Criterion: TPM2u+F+I
Bayesian Information Criterion:         TPM2u+F+I
Best-fit model: TPM2u+F+I chosen according to BIC

All model information printed to Manitoba.model.gz
CPU time for ModelFinder: 71.991 seconds (0h:1m:11s)
Wall-clock time for ModelFinder: 49.889 seconds (0h:0m:49s)
Generating 10000 samples for ultrafast bootstrap (seed: 765129)...

NOTE: 2 MB RAM (0 GB) is required!
Estimate model parameters (epsilon = 0.100)
1. Initial log-likelihood: -2795.579
Optimal log-likelihood: -2795.577
Rate parameters:  A-C: 13.80443  A-G: 109.65090  A-T: 13.80443  C-G: 1.00000  C-T: 109.65090  G-T: 1.00000
Warning! Some parameters hit the boundaries
Base frequencies:  A: 0.346  C: 0.192  G: 0.230  T: 0.232
Proportion of invariable sites: 0.838
Parameters optimization took 1 rounds (0.006 sec)

WARNING: Estimated model parameters are at boundary that can cause numerical instability!

Wrote distance file to... 
Computing ML distances based on estimated model parameters...
Calculating distance matrix: done in 0.00734459 secs using 93.5% CPU
Computing ML distances took 0.008159 sec (of wall-clock time) 0.007033 sec (of CPU time)
Setting up auxiliary I and S matrices: done in 0.000127293 secs
Constructing RapidNJ tree: done in 0.000612157 secs
Computing RapidNJ tree took 0.001291 sec (of wall-clock time) 0.000000 sec (of CPU time)
Log-likelihood of RapidNJ tree: -2795.751
--------------------------------------------------------------------
|             INITIALIZING CANDIDATE TREE SET                      |
--------------------------------------------------------------------
Generating 98 parsimony trees... 0.120 second
Computing log-likelihood of 98 initial trees ... 0.079 seconds
Current best score: -2793.409

Do NNI search on 20 best initial trees
Optimizing NNI: done in 0.0316491 secs using 93.81% CPU
Estimate model parameters (epsilon = 0.100)

WARNING: Estimated model parameters are at boundary that can cause numerical instability!

BETTER TREE FOUND at iteration 1: -2793.409
Optimizing NNI: done in 0.0453373 secs using 93.82% CPU
Optimizing NNI: done in 0.037173 secs using 93.81% CPU
Optimizing NNI: done in 0.0276 secs using 93.82% CPU
Optimizing NNI: done in 0.0342151 secs using 82.68% CPU
Optimizing NNI: done in 0.033415 secs using 93.72% CPU
Optimizing NNI: done in 0.052332 secs using 93.76% CPU
Optimizing NNI: done in 0.0511462 secs using 93.81% CPU
Optimizing NNI: done in 0.0460937 secs using 93.72% CPU
Optimizing NNI: done in 0.0735637 secs using 93.82% CPU
Iteration 10 / LogL: -2794.220 / Time: 0h:0m:50s
Optimizing NNI: done in 0.0219981 secs using 93.82% CPU
Optimizing NNI: done in 0.0228572 secs using 93.81% CPU
Optimizing NNI: done in 0.0199857 secs using 93.8% CPU
Optimizing NNI: done in 0.0182363 secs using 93.81% CPU
Optimizing NNI: done in 0.070018 secs using 93.82% CPU
Optimizing NNI: done in 0.0445676 secs using 93.82% CPU
Optimizing NNI: done in 0.0574592 secs using 93.82% CPU
Optimizing NNI: done in 0.0531842 secs using 93.82% CPU
Optimizing NNI: done in 0.016424 secs using 93.81% CPU
Optimizing NNI: done in 0.0406865 secs using 93.82% CPU
Iteration 20 / LogL: -2795.574 / Time: 0h:0m:51s
Finish initializing candidate tree set (20)
Current best tree score: -2793.409 / CPU time: 1.058
Number of iterations: 20
--------------------------------------------------------------------
|               OPTIMIZING CANDIDATE TREE SET                      |
--------------------------------------------------------------------
Optimizing NNI: done in 0.0594024 secs using 93.82% CPU
Optimizing NNI: done in 0.0512508 secs using 93.82% CPU
Optimizing NNI: done in 0.0439975 secs using 93.82% CPU
Optimizing NNI: done in 0.0384806 secs using 93.82% CPU
Optimizing NNI: done in 0.0406113 secs using 93.82% CPU
Optimizing NNI: done in 0.0348803 secs using 93.82% CPU
Optimizing NNI: done in 0.0328792 secs using 82.88% CPU
Optimizing NNI: done in 0.0554723 secs using 93.74% CPU
Optimizing NNI: done in 0.0332792 secs using 82.65% CPU
Optimizing NNI: done in 0.0525921 secs using 86.73% CPU
Iteration 30 / LogL: -2798.876 / Time: 0h:0m:51s (0h:0m:4s left)
Optimizing NNI: done in 0.0407137 secs using 84.55% CPU
Optimizing NNI: done in 0.0357919 secs using 93.82% CPU
Optimizing NNI: done in 0.0475255 secs using 85.93% CPU
Optimizing NNI: done in 0.0363699 secs using 93.81% CPU
Optimizing NNI: done in 0.0355743 secs using 93.63% CPU
Optimizing NNI: done in 0.0519273 secs using 93.82% CPU
Optimizing NNI: done in 0.0417115 secs using 93.82% CPU
Optimizing NNI: done in 0.0532378 secs using 86.74% CPU
Optimizing NNI: done in 0.0576741 secs using 87.4% CPU
Optimizing NNI: done in 0.015741 secs using 93.6% CPU
Iteration 40 / LogL: -2814.497 / Time: 0h:0m:52s (0h:0m:3s left)
Optimizing NNI: done in 0.0407074 secs using 93.78% CPU
Optimizing NNI: done in 0.0317914 secs using 93.82% CPU
Optimizing NNI: done in 0.0659119 secs using 93.82% CPU
Optimizing NNI: done in 0.0173685 secs using 93.81% CPU
Optimizing NNI: done in 0.0363525 secs using 93.82% CPU
Optimizing NNI: done in 0.0360546 secs using 93.82% CPU
Optimizing NNI: done in 0.0287961 secs using 81.15% CPU
Optimizing NNI: done in 0.0348116 secs using 93.77% CPU
Optimizing NNI: done in 0.061462 secs using 93.81% CPU
Optimizing NNI: done in 0.0621654 secs using 87.78% CPU
Iteration 50 / LogL: -2793.425 / Time: 0h:0m:52s (0h:0m:3s left)
Log-likelihood cutoff on original alignment: -2819.727
Optimizing NNI: done in 0.0598155 secs using 84.59% CPU
Optimizing NNI: done in 0.0526077 secs using 90.9% CPU
Optimizing NNI: done in 0.0379361 secs using 90.9% CPU
Optimizing NNI: done in 0.0555456 secs using 84.58% CPU
Optimizing NNI: done in 0.0441259 secs using 90.84% CPU
Optimizing NNI: done in 0.0552228 secs using 90.89% CPU
Optimizing NNI: done in 0.0370554 secs using 90.9% CPU
Optimizing NNI: done in 0.0196542 secs using 90.89% CPU
Optimizing NNI: done in 0.0492216 secs using 90.9% CPU
Optimizing NNI: done in 0.0342849 secs using 90.89% CPU
Iteration 60 / LogL: -2807.685 / Time: 0h:0m:54s (0h:0m:3s left)
Optimizing NNI: done in 0.0329775 secs using 80.5% CPU
Optimizing NNI: done in 0.0521117 secs using 90.9% CPU
Optimizing NNI: done in 0.0373799 secs using 90.9% CPU
Optimizing NNI: done in 0.053947 secs using 90.9% CPU
Optimizing NNI: done in 0.0326154 secs using 90.9% CPU
Optimizing NNI: done in 0.0518288 secs using 90.9% CPU
Optimizing NNI: done in 0.0316092 secs using 90.9% CPU
Optimizing NNI: done in 0.0462345 secs using 90.9% CPU
Optimizing NNI: done in 0.0869867 secs using 90.9% CPU
Optimizing NNI: done in 0.060682 secs using 90.9% CPU
Iteration 70 / LogL: -2793.437 / Time: 0h:0m:55s (0h:0m:2s left)
Optimizing NNI: done in 0.0500942 secs using 90.9% CPU
Optimizing NNI: done in 0.0601661 secs using 90.9% CPU
Optimizing NNI: done in 0.0329469 secs using 90.9% CPU
Optimizing NNI: done in 0.0647346 secs using 86.08% CPU
Optimizing NNI: done in 0.0476554 secs using 90.9% CPU
Optimizing NNI: done in 0.0512925 secs using 90.9% CPU
Optimizing NNI: done in 0.0448989 secs using 90.9% CPU
Optimizing NNI: done in 0.0366363 secs using 81.52% CPU
Optimizing NNI: done in 0.0347437 secs using 80.26% CPU
Optimizing NNI: done in 0.0383475 secs using 90.83% CPU
Iteration 80 / LogL: -2793.434 / Time: 0h:0m:56s (0h:0m:1s left)
Optimizing NNI: done in 0.0487264 secs using 90.9% CPU
Optimizing NNI: done in 0.0375252 secs using 90.9% CPU
Optimizing NNI: done in 0.0667731 secs using 90.9% CPU
Optimizing NNI: done in 0.052786 secs using 90.9% CPU
Optimizing NNI: done in 0.0519563 secs using 83.62% CPU
Optimizing NNI: done in 0.0363134 secs using 90.9% CPU
Optimizing NNI: done in 0.0652846 secs using 85.28% CPU
Optimizing NNI: done in 0.0213802 secs using 80% CPU
Optimizing NNI: done in 0.0659045 secs using 85.37% CPU
Optimizing NNI: done in 0.0355414 secs using 80.44% CPU
Iteration 90 / LogL: -2793.432 / Time: 0h:0m:57s (0h:0m:0s left)
Optimizing NNI: done in 0.0685641 secs using 90.8% CPU
Optimizing NNI: done in 0.0395053 secs using 90.9% CPU
Optimizing NNI: done in 0.0356492 secs using 90.9% CPU
Optimizing NNI: done in 0.046122 secs using 90.9% CPU
Optimizing NNI: done in 0.0470482 secs using 90.9% CPU
Optimizing NNI: done in 0.0518411 secs using 84.41% CPU
Optimizing NNI: done in 0.0505331 secs using 90.9% CPU
Optimizing NNI: done in 0.0633302 secs using 85.25% CPU
Optimizing NNI: done in 0.0744315 secs using 90.89% CPU
Optimizing NNI: done in 0.0368711 secs using 90.9% CPU
Iteration 100 / LogL: -2807.678 / Time: 0h:0m:57s (0h:0m:0s left)
Log-likelihood cutoff on original alignment: -2821.837
NOTE: Bootstrap correlation coefficient of split occurrence frequencies: 0.995
Optimizing NNI: done in 0.0325423 secs using 79.2% CPU
Optimizing NNI: done in 0.0490487 secs using 90.9% CPU
TREE SEARCH COMPLETED AFTER 102 ITERATIONS / Time: 0h:0m:58s

--------------------------------------------------------------------
|                    FINALIZING TREE SEARCH                        |
--------------------------------------------------------------------
Performs final model parameters optimization
Estimate model parameters (epsilon = 0.010)
1. Initial log-likelihood: -2793.409
Optimal log-likelihood: -2793.409
Rate parameters:  A-C: 13.80443  A-G: 109.65090  A-T: 13.80443  C-G: 1.00000  C-T: 109.65090  G-T: 1.00000
Warning! Some parameters hit the boundaries
Base frequencies:  A: 0.346  C: 0.192  G: 0.230  T: 0.232
Proportion of invariable sites: 0.837
Parameters optimization took 1 rounds (0.005 sec)

WARNING: Estimated model parameters are at boundary that can cause numerical instability!

BEST SCORE FOUND : -2793.409

Testing tree branches by SH-like aLRT with 10000 replicates...
1.717 sec.
Creating bootstrap support values...
Split supports printed to NEXUS file Manitoba.splits.nex
Total tree length: 0.041

Total number of iterations: 102
CPU time used for tree search: 7.805 sec (0h:0m:7s)
Wall-clock time used for tree search: 8.936 sec (0h:0m:8s)
Total CPU time used: 82.534 sec (0h:1m:22s)
Total wall-clock time used: 62.389 sec (0h:1m:2s)

Computing bootstrap consensus tree...
Reading input file Manitoba.splits.nex...
65 taxa and 2563 splits.
Consensus tree written to Manitoba.contree
Reading input trees file Manitoba.contree
Log-likelihood of consensus tree: -2794.396

Analysis results written to: 
  IQ-TREE report:                Manitoba.iqtree
  Maximum-likelihood tree:       Manitoba.treefile
  Likelihood distances:          Manitoba.mldist

Ultrafast bootstrap approximation results written to:
  Split support values:          Manitoba.splits.nex
  Consensus tree:                Manitoba.contree
  Screen log file:               Manitoba.log

Date and Time: Fri Jan  9 09:21:38 2026
