IQ-TREE version 3.0.1 for Linux x86 64-bit built Jul  9 2025
Developed by Bui Quang Minh, Thomas Wong, Nhan Ly-Trong, Huaiyan Ren
Contributed by Lam-Tung Nguyen, Dominik Schrempf, Chris Bielow,
Olga Chernomor, Michael Woodhams, Diep Thi Hoang, Heiko Schmidt

Host:    ON44C03637251 (AVX2, FMA3, 31 GB RAM)
Command: iqtree -s ../CanadianKCladeTempestFiltered/New_Brunswick.fasta -m MFP -B 10000 -alrt 10000 --prefix New_Brunswick -T auto
Seed:    765115 (Using SPRNG - Scalable Parallel Random Number Generator)
Time:    Fri Jan  9 09:20:38 2026
Kernel:  AVX+FMA - auto-detect threads (20 CPU cores detected)

Reading alignment file ../CanadianKCladeTempestFiltered/New_Brunswick.fasta ... Fasta format detected
Reading fasta file: done in 0.0545471 secs
Alignment most likely contains DNA/RNA sequences
Constructing alignment: done in 0.00213673 secs using 244.1% CPU
Alignment has 79 sequences with 1653 columns, 38 distinct patterns
11 parsimony-informative, 17 singleton sites, 1625 constant sites
                  Gap/Ambiguity  Composition  p-value
Analyzing sequences: done in 0.0799409 secs using 260.7% CPU
   1  EPI_ISL_20244506    0.06%    passed     99.99%
   2  EPI_ISL_20244507    0.00%    passed    100.00%
   3  EPI_ISL_20244508    0.06%    passed    100.00%
   4  EPI_ISL_20244509    0.00%    passed    100.00%
   5  EPI_ISL_20244510    0.00%    passed    100.00%
   6  EPI_ISL_20244511    0.06%    passed    100.00%
   7  EPI_ISL_20244512    0.00%    passed    100.00%
   8  EPI_ISL_20244513    0.06%    passed     99.99%
   9  EPI_ISL_20255430    0.00%    passed    100.00%
  10  EPI_ISL_20255431    0.00%    passed    100.00%
  11  EPI_ISL_20255434    0.00%    passed    100.00%
  12  EPI_ISL_20255435    0.00%    passed    100.00%
  13  EPI_ISL_20255436    0.00%    passed     99.99%
  14  EPI_ISL_20255437    0.00%    passed    100.00%
  15  EPI_ISL_20255438    0.00%    passed    100.00%
  16  EPI_ISL_20255439    0.18%    passed    100.00%
  17  EPI_ISL_20266574    0.00%    passed    100.00%
  18  EPI_ISL_20266578    0.00%    passed    100.00%
  19  EPI_ISL_20267205    0.00%    passed    100.00%
  20  EPI_ISL_20267208    0.06%    passed    100.00%
  21  EPI_ISL_20267209    0.00%    passed    100.00%
  22  EPI_ISL_20267210    0.00%    passed     99.97%
  23  EPI_ISL_20267212    0.00%    passed    100.00%
  24  EPI_ISL_20267213    0.06%    passed    100.00%
  25  EPI_ISL_20267214    0.00%    passed     99.99%
  26  EPI_ISL_20267215    0.00%    passed    100.00%
  27  EPI_ISL_20267216    0.00%    passed     99.94%
  28  EPI_ISL_20267217    0.06%    passed     99.88%
  29  EPI_ISL_20267219    0.00%    passed    100.00%
  30  EPI_ISL_20267221    0.00%    passed     99.94%
  31  EPI_ISL_20267223    0.06%    passed     99.88%
  32  EPI_ISL_20267224    0.00%    passed     99.94%
  33  EPI_ISL_20267227    0.00%    passed    100.00%
  34  EPI_ISL_20267228    0.00%    passed    100.00%
  35  EPI_ISL_20267229    0.00%    passed    100.00%
  36  EPI_ISL_20267230    0.00%    passed    100.00%
  37  EPI_ISL_20267231    0.00%    passed    100.00%
  38  EPI_ISL_20267232    0.00%    passed    100.00%
  39  EPI_ISL_20267233    0.00%    passed    100.00%
  40  EPI_ISL_20267234    0.00%    passed    100.00%
  41  EPI_ISL_20267235    0.12%    passed     99.98%
  42  EPI_ISL_20267236    0.00%    passed     99.94%
  43  EPI_ISL_20267237    0.00%    passed    100.00%
  44  EPI_ISL_20267238    0.00%    passed     99.94%
  45  EPI_ISL_20267239    0.00%    passed     99.94%
  46  EPI_ISL_20267240    0.06%    passed     99.99%
  47  EPI_ISL_20283194    0.00%    passed     99.99%
  48  EPI_ISL_20283195    0.06%    passed     99.90%
  49  EPI_ISL_20283196    0.00%    passed     99.98%
  50  EPI_ISL_20283197    0.00%    passed     99.94%
  51  EPI_ISL_20283199    0.00%    passed     99.99%
  52  EPI_ISL_20283200    0.00%    passed     99.99%
  53  EPI_ISL_20283201    0.00%    passed     99.95%
  54  EPI_ISL_20283202    0.00%    passed    100.00%
  55  EPI_ISL_20283204    0.00%    passed     99.96%
  56  EPI_ISL_20283205    0.06%    passed     99.99%
  57  EPI_ISL_20283206    0.00%    passed     99.94%
  58  EPI_ISL_20283207    0.00%    passed    100.00%
  59  EPI_ISL_20283209    0.00%    passed     99.98%
  60  EPI_ISL_20283211    0.00%    passed    100.00%
  61  EPI_ISL_20283212    0.00%    passed     99.94%
  62  EPI_ISL_20283213    0.00%    passed     99.93%
  63  EPI_ISL_20283214    0.00%    passed    100.00%
  64  EPI_ISL_20289538    0.00%    passed    100.00%
  65  EPI_ISL_20289540    0.12%    passed     99.99%
  66  EPI_ISL_20289542    0.00%    passed    100.00%
  67  EPI_ISL_20289544    0.00%    passed    100.00%
  68  EPI_ISL_20289546    0.00%    passed    100.00%
  69  EPI_ISL_20289552    0.00%    passed    100.00%
  70  EPI_ISL_20289554    0.00%    passed    100.00%
  71  EPI_ISL_20292432    0.00%    passed    100.00%
  72  EPI_ISL_20292457    0.00%    passed    100.00%
  73  EPI_ISL_20292459    0.00%    passed    100.00%
  74  EPI_ISL_20292461    0.00%    passed     99.94%
  75  EPI_ISL_20292462    0.00%    passed    100.00%
  76  EPI_ISL_20292464    0.00%    passed    100.00%
  77  EPI_ISL_20292465    0.00%    passed    100.00%
  78  EPI_ISL_20292466    0.00%    passed    100.00%
  79  EPI_ISL_20292467    0.00%    passed    100.00%
****  TOTAL               0.01%  0 sequences failed composition chi2 test (p-value<5%; df=3)
NOTE: EPI_ISL_20267240 is identical to EPI_ISL_20244506 but kept for subsequent analysis
NOTE: EPI_ISL_20244509 is identical to EPI_ISL_20244507 but kept for subsequent analysis
NOTE: EPI_ISL_20267213 is identical to EPI_ISL_20244511 but kept for subsequent analysis
NOTE: EPI_ISL_20292464 is identical to EPI_ISL_20266578 but kept for subsequent analysis
NOTE: EPI_ISL_20267221 is identical to EPI_ISL_20267216 but kept for subsequent analysis
Checking for duplicate sequences: done in 0.049029 secs using 267.7% CPU
Identifying sites to remove: done in 0.000435631 secs using 90.44% CPU
NOTE: 47 identical sequences (see below) will be ignored for subsequent analysis
NOTE: EPI_ISL_20283205 (identical to EPI_ISL_20244506) is ignored but added at the end
NOTE: EPI_ISL_20244510 (identical to EPI_ISL_20244507) is ignored but added at the end
NOTE: EPI_ISL_20244512 (identical to EPI_ISL_20244507) is ignored but added at the end
NOTE: EPI_ISL_20255430 (identical to EPI_ISL_20244507) is ignored but added at the end
NOTE: EPI_ISL_20255431 (identical to EPI_ISL_20244507) is ignored but added at the end
NOTE: EPI_ISL_20255434 (identical to EPI_ISL_20244507) is ignored but added at the end
NOTE: EPI_ISL_20255435 (identical to EPI_ISL_20244507) is ignored but added at the end
NOTE: EPI_ISL_20255437 (identical to EPI_ISL_20244507) is ignored but added at the end
NOTE: EPI_ISL_20255438 (identical to EPI_ISL_20244507) is ignored but added at the end
NOTE: EPI_ISL_20266574 (identical to EPI_ISL_20244507) is ignored but added at the end
NOTE: EPI_ISL_20267205 (identical to EPI_ISL_20244507) is ignored but added at the end
NOTE: EPI_ISL_20267209 (identical to EPI_ISL_20244507) is ignored but added at the end
NOTE: EPI_ISL_20267215 (identical to EPI_ISL_20244507) is ignored but added at the end
NOTE: EPI_ISL_20267219 (identical to EPI_ISL_20244507) is ignored but added at the end
NOTE: EPI_ISL_20267227 (identical to EPI_ISL_20244507) is ignored but added at the end
NOTE: EPI_ISL_20267228 (identical to EPI_ISL_20244507) is ignored but added at the end
NOTE: EPI_ISL_20267229 (identical to EPI_ISL_20244507) is ignored but added at the end
NOTE: EPI_ISL_20267230 (identical to EPI_ISL_20244507) is ignored but added at the end
NOTE: EPI_ISL_20267231 (identical to EPI_ISL_20244507) is ignored but added at the end
NOTE: EPI_ISL_20267232 (identical to EPI_ISL_20244507) is ignored but added at the end
NOTE: EPI_ISL_20267233 (identical to EPI_ISL_20244507) is ignored but added at the end
NOTE: EPI_ISL_20267234 (identical to EPI_ISL_20244507) is ignored but added at the end
NOTE: EPI_ISL_20267237 (identical to EPI_ISL_20244507) is ignored but added at the end
NOTE: EPI_ISL_20283202 (identical to EPI_ISL_20244507) is ignored but added at the end
NOTE: EPI_ISL_20283207 (identical to EPI_ISL_20244507) is ignored but added at the end
NOTE: EPI_ISL_20283211 (identical to EPI_ISL_20244507) is ignored but added at the end
NOTE: EPI_ISL_20283214 (identical to EPI_ISL_20244507) is ignored but added at the end
NOTE: EPI_ISL_20289538 (identical to EPI_ISL_20244507) is ignored but added at the end
NOTE: EPI_ISL_20289542 (identical to EPI_ISL_20244507) is ignored but added at the end
NOTE: EPI_ISL_20289544 (identical to EPI_ISL_20244507) is ignored but added at the end
NOTE: EPI_ISL_20289546 (identical to EPI_ISL_20244507) is ignored but added at the end
NOTE: EPI_ISL_20289552 (identical to EPI_ISL_20244507) is ignored but added at the end
NOTE: EPI_ISL_20289554 (identical to EPI_ISL_20244507) is ignored but added at the end
NOTE: EPI_ISL_20292432 (identical to EPI_ISL_20244507) is ignored but added at the end
NOTE: EPI_ISL_20292457 (identical to EPI_ISL_20244507) is ignored but added at the end
NOTE: EPI_ISL_20292459 (identical to EPI_ISL_20244507) is ignored but added at the end
NOTE: EPI_ISL_20292462 (identical to EPI_ISL_20244507) is ignored but added at the end
NOTE: EPI_ISL_20292465 (identical to EPI_ISL_20244507) is ignored but added at the end
NOTE: EPI_ISL_20292467 (identical to EPI_ISL_20244507) is ignored but added at the end
NOTE: EPI_ISL_20267224 (identical to EPI_ISL_20267216) is ignored but added at the end
NOTE: EPI_ISL_20267236 (identical to EPI_ISL_20267216) is ignored but added at the end
NOTE: EPI_ISL_20267238 (identical to EPI_ISL_20267216) is ignored but added at the end
NOTE: EPI_ISL_20267239 (identical to EPI_ISL_20267216) is ignored but added at the end
NOTE: EPI_ISL_20283197 (identical to EPI_ISL_20267216) is ignored but added at the end
NOTE: EPI_ISL_20283206 (identical to EPI_ISL_20267216) is ignored but added at the end
NOTE: EPI_ISL_20283212 (identical to EPI_ISL_20267216) is ignored but added at the end
NOTE: EPI_ISL_20292461 (identical to EPI_ISL_20267216) is ignored but added at the end
Alignment was printed to New_Brunswick.uniqueseq.phy

For your convenience alignment with unique sequences printed to New_Brunswick.uniqueseq.phy


Create initial parsimony tree by phylogenetic likelihood library (PLL)... 0.028 seconds
Measuring multi-threading efficiency up to 20 CPU cores
Increase to 10 rounds for branch lengths
19756 trees examined
Threads: 1 / Time: 20.000 sec / Speedup: 1.000 / Efficiency: 100% / LogL: -2737
Threads: 2 / Time: 29.048 sec / Speedup: 0.689 / Efficiency: 34% / LogL: -2737
Determining AUTO threadcount: done in 49.0491 secs using 145.6% CPU
BEST NUMBER OF THREADS: 1

Perform fast likelihood tree search using GTR+I+G model...
Estimate model parameters (epsilon = 5.000)
Perform nearest neighbor interchange...
Optimizing NNI: done in 0.00348682 secs using 93.7% CPU
Estimate model parameters (epsilon = 1.000)
1. Initial log-likelihood: -2482.044
Optimal log-likelihood: -2482.043
Rate parameters:  A-C: 8.25045  A-G: 96.22981  A-T: 6.37263  C-G: 0.00010  C-T: 82.17736  G-T: 1.00000
Warning! Some parameters hit the boundaries
Base frequencies:  A: 0.346  C: 0.191  G: 0.230  T: 0.233
Proportion of invariable sites: 0.491
Gamma shape alpha: 998.448
Parameters optimization took 1 rounds (0.006 sec)
Time for fast ML tree search: 0.031 seconds

NOTE: ModelFinder requires 2 MB RAM!
ModelFinder will test up to 968 DNA models (sample size: 1653 epsilon: 0.100) ...
 No. Model         -LnL         df  AIC          AICc         BIC
  1  JC            2543.974     61  5209.949     5214.703     5539.980
  2  JC+I          2543.974     62  5211.949     5216.862     5547.390
  3  JC+G4         2543.975     62  5211.949     5216.862     5547.391
  4  JC+I+G4       2544.184     63  5214.369     5219.443     5555.220
  5  JC+R2         2543.974     63  5213.949     5219.024     5554.801
  6  JC+R3         2543.974     65  5217.949     5223.355     5569.621
 14  JC+I+R2       2544.184     64  5216.368     5221.608     5562.630
 15  JC+I+R3       2544.184     66  5220.367     5225.944     5577.450
 23  JC            2543.974     61  5209.949     5214.703     5539.980
 24  JC+I          2543.974     62  5211.949     5216.862     5547.390
 25  JC+G4         2543.975     62  5211.949     5216.862     5547.391
 45  F81           2543.974     61  5209.949     5214.703     5539.980
 46  F81+I         2543.974     62  5211.949     5216.862     5547.390
 47  F81+G4        2543.975     62  5211.949     5216.862     5547.391
 67  F81+F         2500.169     64  5128.338     5133.578     5474.600
 68  F81+F+I       2500.169     65  5130.338     5135.745     5482.011
 69  F81+F+G4      2500.169     65  5130.339     5135.745     5482.011
 89  K2P           2524.816     62  5173.632     5178.545     5509.074
 90  K2P+I         2524.816     63  5175.632     5180.707     5516.484
 91  K2P+G4        2524.816     63  5175.632     5180.707     5516.484
111  K2P           2524.816     62  5173.632     5178.545     5509.074
112  K2P+I         2524.816     63  5175.632     5180.707     5516.484
113  K2P+G4        2524.816     63  5175.632     5180.707     5516.484
133  HKY           2524.816     62  5173.632     5178.545     5509.074
134  HKY+I         2524.816     63  5175.632     5180.707     5516.484
135  HKY+G4        2524.816     63  5175.632     5180.707     5516.484
155  HKY+F         2481.267     65  5092.534     5097.940     5444.206
156  HKY+F+I       2481.267     66  5094.534     5100.110     5451.616
157  HKY+F+G4      2481.267     66  5094.534     5100.110     5451.617
177  TNe           2524.246     63  5174.492     5179.567     5515.344
178  TNe+I         2524.246     64  5176.492     5181.731     5522.754
179  TNe+G4        2524.246     64  5176.492     5181.731     5522.754
199  TNe           2524.246     63  5174.492     5179.567     5515.344
200  TNe+I         2524.246     64  5176.492     5181.731     5522.754
201  TNe+G4        2524.246     64  5176.492     5181.731     5522.754
221  TN            2524.246     63  5174.492     5179.567     5515.344
222  TN+I          2524.246     64  5176.492     5181.731     5522.754
223  TN+G4         2524.246     64  5176.492     5181.731     5522.754
243  TN+F          2481.184     66  5094.368     5099.944     5451.451
244  TN+F+I        2481.184     67  5096.368     5102.117     5458.861
245  TN+F+G4       2481.184     67  5096.369     5102.117     5458.862
265  K3P           2524.646     63  5175.291     5180.366     5516.143
266  K3P+I         2524.646     64  5177.291     5182.531     5523.554
267  K3P+G4        2524.646     64  5177.292     5182.531     5523.554
287  K3P           2524.646     63  5175.291     5180.366     5516.143
288  K3P+I         2524.646     64  5177.291     5182.531     5523.554
289  K3P+G4        2524.646     64  5177.292     5182.531     5523.554
309  K3Pu          2524.646     63  5175.291     5180.366     5516.143
310  K3Pu+I        2524.646     64  5177.291     5182.531     5523.554
311  K3Pu+G4       2524.646     64  5177.292     5182.531     5523.554
331  K3Pu+F        2481.077     66  5094.154     5099.730     5451.237
332  K3Pu+F+I      2481.077     67  5096.154     5101.903     5458.647
333  K3Pu+F+G4     2481.077     67  5096.155     5101.903     5458.648
353  TPM2          2524.779     63  5175.558     5180.633     5516.410
354  TPM2+I        2524.779     64  5177.558     5182.797     5523.820
355  TPM2+G4       2524.779     64  5177.558     5182.797     5523.820
375  TPM2          2524.779     63  5175.558     5180.633     5516.410
376  TPM2+I        2524.779     64  5177.558     5182.797     5523.820
377  TPM2+G4       2524.779     64  5177.558     5182.797     5523.820
397  TPM2u         2524.776     63  5175.551     5180.626     5516.403
398  TPM2u+I       2524.747     64  5177.494     5182.733     5523.756
399  TPM2u+G4      2524.743     64  5177.487     5182.726     5523.749
419  TPM2u+F       2481.241     66  5094.482     5100.059     5451.565
420  TPM2u+F+I     2481.241     67  5096.482     5102.231     5458.975
421  TPM2u+F+G4    2481.241     67  5096.482     5102.231     5458.976
441  TPM3          2524.686     63  5175.371     5180.446     5516.223
442  TPM3+I        2524.686     64  5177.371     5182.610     5523.633
443  TPM3+G4       2524.686     64  5177.371     5182.611     5523.634
463  TPM3          2524.686     63  5175.371     5180.446     5516.223
464  TPM3+I        2524.686     64  5177.371     5182.610     5523.633
465  TPM3+G4       2524.686     64  5177.371     5182.611     5523.634
485  TPM3u         2524.686     63  5175.371     5180.446     5516.223
486  TPM3u+I       2524.686     64  5177.371     5182.610     5523.633
487  TPM3u+G4      2524.686     64  5177.371     5182.611     5523.634
507  TPM3u+F       2481.184     66  5094.367     5099.943     5451.450
508  TPM3u+F+I     2481.184     67  5096.367     5102.116     5458.860
509  TPM3u+F+G4    2481.184     67  5096.367     5102.116     5458.861
529  TIMe          2524.075     64  5176.149     5181.388     5522.411
530  TIMe+I        2524.075     65  5178.149     5183.556     5529.822
531  TIMe+G4       2524.075     65  5178.149     5183.556     5529.822
551  TIMe          2524.075     64  5176.149     5181.388     5522.411
552  TIMe+I        2524.075     65  5178.149     5183.556     5529.822
553  TIMe+G4       2524.075     65  5178.149     5183.556     5529.822
573  TIM           2524.075     64  5176.149     5181.388     5522.411
574  TIM+I         2524.075     65  5178.149     5183.556     5529.822
575  TIM+G4        2524.075     65  5178.149     5183.556     5529.822
595  TIM+F         2480.997     67  5095.994     5101.742     5458.487
596  TIM+F+I       2480.997     68  5097.995     5103.919     5465.899
597  TIM+F+G4      2480.998     68  5097.996     5103.920     5465.899
617  TIM2e         2524.207     64  5176.414     5181.653     5522.676
618  TIM2e+I       2524.207     65  5178.413     5183.819     5530.086
619  TIM2e+G4      2524.207     65  5178.413     5183.820     5530.086
639  TIM2e         2524.207     64  5176.414     5181.653     5522.676
640  TIM2e+I       2524.207     65  5178.413     5183.819     5530.086
641  TIM2e+G4      2524.207     65  5178.413     5183.820     5530.086
661  TIM2          2524.207     64  5176.413     5181.652     5522.675
662  TIM2+I        2524.206     65  5178.413     5183.819     5530.085
663  TIM2+G4       2524.206     65  5178.413     5183.819     5530.085
683  TIM2+F        2481.172     67  5096.345     5102.093     5458.838
684  TIM2+F+I      2481.172     68  5098.345     5104.269     5466.248
685  TIM2+F+G4     2481.173     68  5098.345     5104.269     5466.249
705  TIM3e         2524.128     64  5176.257     5181.496     5522.519
706  TIM3e+I       2524.128     65  5178.256     5183.663     5529.929
707  TIM3e+G4      2524.128     65  5178.257     5183.663     5529.929
727  TIM3e         2524.128     64  5176.257     5181.496     5522.519
728  TIM3e+I       2524.128     65  5178.256     5183.663     5529.929
729  TIM3e+G4      2524.128     65  5178.257     5183.663     5529.929
749  TIM3          2524.128     64  5176.256     5181.496     5522.519
750  TIM3+I        2524.128     65  5178.256     5183.663     5529.929
751  TIM3+G4       2524.128     65  5178.256     5183.663     5529.929
771  TIM3+F        2481.097     67  5096.195     5101.943     5458.688
772  TIM3+F+I      2481.098     68  5098.196     5104.120     5466.099
773  TIM3+F+G4     2481.110     68  5098.220     5104.144     5466.123
793  TVMe          2524.099     65  5178.197     5183.604     5529.870
794  TVMe+I        2524.098     66  5180.197     5185.773     5537.280
795  TVMe+G4       2524.099     66  5180.197     5185.773     5537.280
815  TVMe          2524.099     65  5178.197     5183.604     5529.870
816  TVMe+I        2524.098     66  5180.197     5185.773     5537.280
817  TVMe+G4       2524.099     66  5180.197     5185.773     5537.280
837  TVM           2524.098     65  5178.197     5183.603     5529.869
838  TVM+I         2524.098     66  5180.197     5185.773     5537.280
839  TVM+G4        2524.098     66  5180.197     5185.773     5537.280
859  TVM+F         2480.643     68  5097.287     5103.211     5465.190
860  TVM+F+I       2480.638     69  5099.276     5105.378     5472.590
861  TVM+F+G4      2480.644     69  5099.289     5105.391     5472.603
881  SYM           2523.523     66  5179.046     5184.623     5536.129
882  SYM+I         2523.523     67  5181.046     5186.795     5543.540
883  SYM+G4        2523.523     67  5181.047     5186.795     5543.540
903  SYM           2523.523     66  5179.046     5184.623     5536.129
904  SYM+I         2523.523     67  5181.046     5186.795     5543.540
905  SYM+G4        2523.523     67  5181.047     5186.795     5543.540
925  GTR           2523.523     66  5179.046     5184.623     5536.129
926  GTR+I         2523.523     67  5181.046     5186.795     5543.540
927  GTR+G4        2523.523     67  5181.047     5186.795     5543.540
947  GTR+F         2480.573     69  5099.146     5105.248     5472.460
948  GTR+F+I       2480.557     70  5101.113     5107.396     5479.837
949  GTR+F+G4      2480.570     70  5101.140     5107.423     5479.864
Akaike Information Criterion:           HKY+F
Corrected Akaike Information Criterion: HKY+F
Bayesian Information Criterion:         HKY+F
Best-fit model: HKY+F chosen according to BIC

All model information printed to New_Brunswick.model.gz
CPU time for ModelFinder: 72.165 seconds (0h:1m:12s)
Wall-clock time for ModelFinder: 49.625 seconds (0h:0m:49s)
Generating 10000 samples for ultrafast bootstrap (seed: 765115)...

NOTE: 1 MB RAM (0 GB) is required!
Estimate model parameters (epsilon = 0.100)
1. Initial log-likelihood: -2481.294
Optimal log-likelihood: -2481.271
Rate parameters:  A-C: 1.00000  A-G: 15.55331  A-T: 1.00000  C-G: 1.00000  C-T: 15.55331  G-T: 1.00000
Base frequencies:  A: 0.346  C: 0.191  G: 0.230  T: 0.233
Parameters optimization took 1 rounds (0.002 sec)
Wrote distance file to... 
Computing ML distances based on estimated model parameters...
Calculating distance matrix: done in 0.00267018 secs using 93.74% CPU
Computing ML distances took 0.003575 sec (of wall-clock time) 0.002683 sec (of CPU time)
Setting up auxiliary I and S matrices: done in 7.7615e-05 secs
Constructing RapidNJ tree: done in 0.000216862 secs
Computing RapidNJ tree took 0.000913 sec (of wall-clock time) 0.000000 sec (of CPU time)
Log-likelihood of RapidNJ tree: -2481.320
--------------------------------------------------------------------
|             INITIALIZING CANDIDATE TREE SET                      |
--------------------------------------------------------------------
Generating 98 parsimony trees... 0.046 second
Computing log-likelihood of 98 initial trees ... 0.031 seconds
Current best score: -2481.271

Do NNI search on 20 best initial trees
Optimizing NNI: done in 0.0176494 secs using 93.56% CPU
Estimate model parameters (epsilon = 0.100)
BETTER TREE FOUND at iteration 1: -2481.271
Optimizing NNI: done in 0.0155656 secs using 93.8% CPU
Optimizing NNI: done in 0.0106659 secs using 93.8% CPU
Optimizing NNI: done in 0.0126296 secs using 93.8% CPU
Optimizing NNI: done in 0.00775375 secs using 93.79% CPU
Optimizing NNI: done in 0.00810791 secs using 93.8% CPU
Optimizing NNI: done in 0.0146021 secs using 93.8% CPU
Optimizing NNI: done in 0.00886536 secs using 93.79% CPU
Optimizing NNI: done in 0.00928419 secs using 93.77% CPU
Optimizing NNI: done in 0.0112438 secs using 93.79% CPU
Iteration 10 / LogL: -2481.271 / Time: 0h:0m:49s
Optimizing NNI: done in 0.0095633 secs using 93.7% CPU
Optimizing NNI: done in 0.00775179 secs using 93.81% CPU
Optimizing NNI: done in 0.0084743 secs using 93.79% CPU
Optimizing NNI: done in 0.0102175 secs using 93.79% CPU
Optimizing NNI: done in 0.0107318 secs using 93.8% CPU
Optimizing NNI: done in 0.00841948 secs using 93.78% CPU
Optimizing NNI: done in 0.00879459 secs using 93.77% CPU
Optimizing NNI: done in 0.00703276 secs using 93.79% CPU
Optimizing NNI: done in 0.00850451 secs using 93.77% CPU
Optimizing NNI: done in 0.0104451 secs using 93.79% CPU
Iteration 20 / LogL: -2481.271 / Time: 0h:0m:50s
Finish initializing candidate tree set (20)
Current best tree score: -2481.271 / CPU time: 0.320
Number of iterations: 20
--------------------------------------------------------------------
|               OPTIMIZING CANDIDATE TREE SET                      |
--------------------------------------------------------------------
Optimizing NNI: done in 0.024227 secs using 93.59% CPU
Optimizing NNI: done in 0.00710837 secs using 41.77% CPU
Optimizing NNI: done in 0.00956383 secs using 93.78% CPU
Optimizing NNI: done in 0.00867561 secs using 93.8% CPU
Optimizing NNI: done in 0.00970867 secs using 71.19% CPU
Optimizing NNI: done in 0.0124001 secs using 93.32% CPU
Optimizing NNI: done in 0.00974841 secs using 93.74% CPU
Optimizing NNI: done in 0.0223157 secs using 93.79% CPU
Optimizing NNI: done in 0.0186903 secs using 93.8% CPU
Optimizing NNI: done in 0.0122007 secs using 93.81% CPU
Iteration 30 / LogL: -2487.373 / Time: 0h:0m:50s (0h:0m:1s left)
Optimizing NNI: done in 0.0226855 secs using 93.8% CPU
Optimizing NNI: done in 0.011306 secs using 93.27% CPU
Optimizing NNI: done in 0.0130047 secs using 93.32% CPU
Optimizing NNI: done in 0.00773937 secs using 93.79% CPU
Optimizing NNI: done in 0.00869501 secs using 51.34% CPU
Optimizing NNI: done in 0.0056168 secs using 93.77% CPU
Optimizing NNI: done in 0.0214352 secs using 76.79% CPU
Optimizing NNI: done in 0.00608647 secs using 93.78% CPU
Optimizing NNI: done in 0.0109837 secs using 93.8% CPU
Optimizing NNI: done in 0.0145756 secs using 93.81% CPU
Iteration 40 / LogL: -2481.279 / Time: 0h:0m:50s (0h:0m:1s left)
Optimizing NNI: done in 0.0118688 secs using 93.78% CPU
Optimizing NNI: done in 0.0192161 secs using 93.8% CPU
BETTER TREE FOUND at iteration 42: -2481.271
Optimizing NNI: done in 0.00987568 secs using 93.79% CPU
Optimizing NNI: done in 0.0262243 secs using 93.79% CPU
Optimizing NNI: done in 0.0211603 secs using 93.8% CPU
Optimizing NNI: done in 0.0108206 secs using 93.81% CPU
Optimizing NNI: done in 0.0145564 secs using 93.8% CPU
Optimizing NNI: done in 0.0132629 secs using 93.8% CPU
Optimizing NNI: done in 0.0184187 secs using 93.8% CPU
Optimizing NNI: done in 0.0105691 secs using 93.78% CPU
Iteration 50 / LogL: -2481.279 / Time: 0h:0m:51s (0h:0m:2s left)
Log-likelihood cutoff on original alignment: -2503.003
Optimizing NNI: done in 0.0137796 secs using 93.66% CPU
Optimizing NNI: done in 0.0122448 secs using 93.81% CPU
Optimizing NNI: done in 0.00450438 secs using 93.8% CPU
Optimizing NNI: done in 0.0177684 secs using 93.76% CPU
Optimizing NNI: done in 0.00707377 secs using 93.78% CPU
Optimizing NNI: done in 0.0163626 secs using 93.62% CPU
Optimizing NNI: done in 0.0107839 secs using 93.81% CPU
Optimizing NNI: done in 0.010277 secs using 93.8% CPU
Optimizing NNI: done in 0.0106029 secs using 93.34% CPU
Optimizing NNI: done in 0.00706961 secs using 92.57% CPU
Iteration 60 / LogL: -2481.279 / Time: 0h:0m:51s (0h:0m:3s left)
Optimizing NNI: done in 0.00668959 secs using 38.1% CPU
Optimizing NNI: done in 0.00873249 secs using 93.33% CPU
Optimizing NNI: done in 0.0107178 secs using 93.8% CPU
Optimizing NNI: done in 0.00634137 secs using 93.73% CPU
Optimizing NNI: done in 0.0107215 secs using 93.17% CPU
Optimizing NNI: done in 0.00774879 secs using 92.43% CPU
Optimizing NNI: done in 0.00940739 secs using 93.12% CPU
Optimizing NNI: done in 0.0112066 secs using 93.53% CPU
Optimizing NNI: done in 0.00683582 secs using 93.8% CPU
Optimizing NNI: done in 0.0110729 secs using 93.28% CPU
Iteration 70 / LogL: -2481.271 / Time: 0h:0m:52s (0h:0m:2s left)
Optimizing NNI: done in 0.0119267 secs using 93.09% CPU
Optimizing NNI: done in 0.00664727 secs using 93.8% CPU
Optimizing NNI: done in 0.0114474 secs using 93.75% CPU
BETTER TREE FOUND at iteration 73: -2481.271
Optimizing NNI: done in 0.0123043 secs using 93.45% CPU
Optimizing NNI: done in 0.013564 secs using 93.8% CPU
Optimizing NNI: done in 0.0102502 secs using 57.54% CPU
Optimizing NNI: done in 0.0115565 secs using 93.79% CPU
Optimizing NNI: done in 0.0108884 secs using 93.8% CPU
Optimizing NNI: done in 0.0101925 secs using 93.79% CPU
Optimizing NNI: done in 0.0154993 secs using 93.8% CPU
Iteration 80 / LogL: -2481.276 / Time: 0h:0m:52s (0h:0m:3s left)
Optimizing NNI: done in 0.0106951 secs using 93.81% CPU
Optimizing NNI: done in 0.0167411 secs using 93.75% CPU
Optimizing NNI: done in 0.00596139 secs using 93.77% CPU
Optimizing NNI: done in 0.00980204 secs using 93.8% CPU
Optimizing NNI: done in 0.0105767 secs using 93.81% CPU
Optimizing NNI: done in 0.0104918 secs using 93.81% CPU
Optimizing NNI: done in 0.00954378 secs using 93.8% CPU
Optimizing NNI: done in 0.00822322 secs using 93.5% CPU
Optimizing NNI: done in 0.0105434 secs using 93.8% CPU
Optimizing NNI: done in 0.0089376 secs using 93.81% CPU
Iteration 90 / LogL: -2481.282 / Time: 0h:0m:52s (0h:0m:2s left)
Optimizing NNI: done in 0.0107432 secs using 93.73% CPU
Optimizing NNI: done in 0.0138469 secs using 93.79% CPU
Optimizing NNI: done in 0.0104768 secs using 93.8% CPU
BETTER TREE FOUND at iteration 93: -2481.271
Optimizing NNI: done in 0.00875696 secs using 93.8% CPU
Optimizing NNI: done in 0.00196356 secs using 93.76% CPU
Optimizing NNI: done in 0.00652239 secs using 39.6% CPU
Optimizing NNI: done in 0.0125639 secs using 93.82% CPU
Optimizing NNI: done in 0.00938106 secs using 93.8% CPU
Optimizing NNI: done in 0.0108831 secs using 93.81% CPU
Optimizing NNI: done in 0.00963077 secs using 93.81% CPU
Iteration 100 / LogL: -2488.086 / Time: 0h:0m:53s (0h:0m:3s left)
Log-likelihood cutoff on original alignment: -2504.085
NOTE: Bootstrap correlation coefficient of split occurrence frequencies: 0.937
NOTE: UFBoot does not converge, continue at least 100 more iterations
Optimizing NNI: done in 0.0129719 secs using 90.88% CPU
Optimizing NNI: done in 0.0107353 secs using 90.85% CPU
Optimizing NNI: done in 0.00196051 secs using 90.79% CPU
Optimizing NNI: done in 0.00892084 secs using 90.88% CPU
Optimizing NNI: done in 0.00927757 secs using 90.89% CPU
Optimizing NNI: done in 0.0106872 secs using 90.88% CPU
Optimizing NNI: done in 0.0169128 secs using 90.9% CPU
Optimizing NNI: done in 0.0110089 secs using 90.88% CPU
Optimizing NNI: done in 0.0159574 secs using 90.89% CPU
Optimizing NNI: done in 0.0113661 secs using 90.88% CPU
Iteration 110 / LogL: -2481.274 / Time: 0h:0m:53s (0h:0m:3s left)
Optimizing NNI: done in 0.0118924 secs using 90.89% CPU
Optimizing NNI: done in 0.00726871 secs using 45.37% CPU
Optimizing NNI: done in 0.00979443 secs using 90.88% CPU
Optimizing NNI: done in 0.00891413 secs using 90.88% CPU
Optimizing NNI: done in 0.0110407 secs using 90.86% CPU
Optimizing NNI: done in 0.0106402 secs using 90.87% CPU
Optimizing NNI: done in 0.0177502 secs using 90.71% CPU
Optimizing NNI: done in 0.00671941 secs using 90.87% CPU
Optimizing NNI: done in 0.0107034 secs using 90.89% CPU
Optimizing NNI: done in 0.00589817 secs using 90.88% CPU
Iteration 120 / LogL: -2481.273 / Time: 0h:0m:54s (0h:0m:3s left)
Optimizing NNI: done in 0.00369367 secs using 90.83% CPU
Optimizing NNI: done in 0.0119813 secs using 90.89% CPU
Optimizing NNI: done in 0.0105617 secs using 90.89% CPU
Optimizing NNI: done in 0.0115525 secs using 60.61% CPU
Optimizing NNI: done in 0.00766854 secs using 90.88% CPU
Optimizing NNI: done in 0.0130178 secs using 90.67% CPU
Optimizing NNI: done in 0.0142517 secs using 90.89% CPU
Optimizing NNI: done in 0.010032 secs using 90.89% CPU
Optimizing NNI: done in 0.00629334 secs using 90.87% CPU
Optimizing NNI: done in 0.0101086 secs using 90.87% CPU
Iteration 130 / LogL: -2481.272 / Time: 0h:0m:54s (0h:0m:2s left)
Optimizing NNI: done in 0.0061398 secs using 90.39% CPU
BETTER TREE FOUND at iteration 131: -2481.271
Optimizing NNI: done in 0.0121732 secs using 90.87% CPU
Optimizing NNI: done in 0.0100476 secs using 90.81% CPU
Optimizing NNI: done in 0.00851184 secs using 90.89% CPU
Optimizing NNI: done in 0.0139402 secs using 90.89% CPU
Optimizing NNI: done in 0.0070197 secs using 90.87% CPU
Optimizing NNI: done in 0.00903334 secs using 90.86% CPU
Optimizing NNI: done in 0.0098025 secs using 90.87% CPU
Optimizing NNI: done in 0.011862 secs using 90.9% CPU
Optimizing NNI: done in 0.0062335 secs using 90.86% CPU
Iteration 140 / LogL: -2486.701 / Time: 0h:0m:54s (0h:0m:3s left)
Optimizing NNI: done in 0.0109833 secs using 90.88% CPU
Optimizing NNI: done in 0.0132116 secs using 90.88% CPU
Optimizing NNI: done in 0.0145918 secs using 90.89% CPU
Optimizing NNI: done in 0.0223988 secs using 90.89% CPU
Optimizing NNI: done in 0.0115632 secs using 90.89% CPU
Optimizing NNI: done in 0.0100365 secs using 90.88% CPU
Optimizing NNI: done in 0.00951736 secs using 90.89% CPU
Optimizing NNI: done in 0.00585587 secs using 90.85% CPU
Optimizing NNI: done in 0.0115063 secs using 90.87% CPU
Optimizing NNI: done in 0.0131163 secs using 90.89% CPU
Iteration 150 / LogL: -2481.280 / Time: 0h:0m:55s (0h:0m:3s left)
Log-likelihood cutoff on original alignment: -2504.650
Optimizing NNI: done in 0.0193135 secs using 90.89% CPU
Optimizing NNI: done in 0.0127024 secs using 90.89% CPU
Optimizing NNI: done in 0.00702459 secs using 90.88% CPU
Optimizing NNI: done in 0.00833443 secs using 90.88% CPU
Optimizing NNI: done in 0.00987625 secs using 90.88% CPU
Optimizing NNI: done in 0.00667542 secs using 90.86% CPU
Optimizing NNI: done in 0.0115124 secs using 90.88% CPU
Optimizing NNI: done in 0.0102423 secs using 90.89% CPU
Optimizing NNI: done in 0.0131805 secs using 90.89% CPU
Optimizing NNI: done in 0.00692972 secs using 90.86% CPU
Iteration 160 / LogL: -2502.057 / Time: 0h:0m:55s (0h:0m:2s left)
Optimizing NNI: done in 0.00750607 secs using 90.87% CPU
Optimizing NNI: done in 0.0111697 secs using 90.89% CPU
Optimizing NNI: done in 0.00725305 secs using 90.89% CPU
Optimizing NNI: done in 0.00944415 secs using 90.87% CPU
Optimizing NNI: done in 0.0160467 secs using 71.82% CPU
Optimizing NNI: done in 0.0120005 secs using 90.59% CPU
Optimizing NNI: done in 0.0149153 secs using 90.89% CPU
Optimizing NNI: done in 0.00651964 secs using 90.86% CPU
Optimizing NNI: done in 0.0075772 secs using 90.88% CPU
Optimizing NNI: done in 0.00978617 secs using 90.88% CPU
Iteration 170 / LogL: -2488.084 / Time: 0h:0m:56s (0h:0m:2s left)
Optimizing NNI: done in 0.00645379 secs using 90.88% CPU
Optimizing NNI: done in 0.00995114 secs using 90.88% CPU
Optimizing NNI: done in 0.00558604 secs using 90.85% CPU
BETTER TREE FOUND at iteration 173: -2481.271
Optimizing NNI: done in 0.01024 secs using 90.87% CPU
BETTER TREE FOUND at iteration 174: -2481.271
Optimizing NNI: done in 0.013576 secs using 90.64% CPU
Optimizing NNI: done in 0.0103046 secs using 90.87% CPU
Optimizing NNI: done in 0.0162866 secs using 90.87% CPU
Optimizing NNI: done in 0.0209497 secs using 90.88% CPU
Optimizing NNI: done in 0.0116433 secs using 90.88% CPU
Optimizing NNI: done in 0.00981088 secs using 90.89% CPU
Iteration 180 / LogL: -2481.273 / Time: 0h:0m:56s (0h:0m:3s left)
Optimizing NNI: done in 0.0160208 secs using 90.89% CPU
Optimizing NNI: done in 0.0072898 secs using 90.89% CPU
Optimizing NNI: done in 0.0138171 secs using 90.89% CPU
Optimizing NNI: done in 0.00737667 secs using 90.89% CPU
Optimizing NNI: done in 0.015193 secs using 90.82% CPU
Optimizing NNI: done in 0.0107703 secs using 90.88% CPU
Optimizing NNI: done in 0.0103229 secs using 90.87% CPU
Optimizing NNI: done in 0.01244 secs using 90.89% CPU
Optimizing NNI: done in 0.00960306 secs using 90.88% CPU
Optimizing NNI: done in 0.0123656 secs using 90.88% CPU
Iteration 190 / LogL: -2481.284 / Time: 0h:0m:57s (0h:0m:3s left)
Optimizing NNI: done in 0.0126291 secs using 90.89% CPU
Optimizing NNI: done in 0.012381 secs using 90.89% CPU
Optimizing NNI: done in 0.0106352 secs using 90.88% CPU
Optimizing NNI: done in 0.0117374 secs using 90.88% CPU
Optimizing NNI: done in 0.00993326 secs using 90.88% CPU
Optimizing NNI: done in 0.0119114 secs using 90.87% CPU
Optimizing NNI: done in 0.0127613 secs using 90.85% CPU
Optimizing NNI: done in 0.0182615 secs using 90.89% CPU
Optimizing NNI: done in 0.0079634 secs using 90.89% CPU
Optimizing NNI: done in 0.0101468 secs using 61.76% CPU
Iteration 200 / LogL: -2486.173 / Time: 0h:0m:57s (0h:0m:2s left)
Log-likelihood cutoff on original alignment: -2509.413
NOTE: Bootstrap correlation coefficient of split occurrence frequencies: 0.935
NOTE: UFBoot does not converge, continue at least 100 more iterations
Optimizing NNI: done in 0.0113516 secs using 90.89% CPU
Optimizing NNI: done in 0.0147424 secs using 90.89% CPU
Optimizing NNI: done in 0.0126687 secs using 90.89% CPU
Optimizing NNI: done in 0.0124661 secs using 90.89% CPU
Optimizing NNI: done in 0.0119648 secs using 90.9% CPU
Optimizing NNI: done in 0.0113129 secs using 90.89% CPU
Optimizing NNI: done in 0.011362 secs using 90.89% CPU
Optimizing NNI: done in 0.00682941 secs using 90.87% CPU
Optimizing NNI: done in 0.014608 secs using 90.9% CPU
Optimizing NNI: done in 0.00562362 secs using 90.85% CPU
Iteration 210 / LogL: -2481.271 / Time: 0h:0m:58s (0h:0m:3s left)
Optimizing NNI: done in 0.00604718 secs using 90.85% CPU
Optimizing NNI: done in 0.00958893 secs using 90.89% CPU
Optimizing NNI: done in 0.0152697 secs using 90.89% CPU
Optimizing NNI: done in 0.00979561 secs using 62.09% CPU
Optimizing NNI: done in 0.0117969 secs using 90.9% CPU
Optimizing NNI: done in 0.00555281 secs using 90.85% CPU
Optimizing NNI: done in 0.0112224 secs using 90.89% CPU
Optimizing NNI: done in 0.0112676 secs using 90.89% CPU
Optimizing NNI: done in 0.00545056 secs using 90.87% CPU
Optimizing NNI: done in 0.0161117 secs using 90.82% CPU
Iteration 220 / LogL: -2481.275 / Time: 0h:0m:58s (0h:0m:3s left)
Optimizing NNI: done in 0.0106702 secs using 90.89% CPU
Optimizing NNI: done in 0.0127626 secs using 90.89% CPU
Optimizing NNI: done in 0.00523183 secs using 90.87% CPU
Optimizing NNI: done in 0.0115153 secs using 90.9% CPU
Optimizing NNI: done in 0.0119428 secs using 90.88% CPU
Optimizing NNI: done in 0.0147122 secs using 68.05% CPU
Optimizing NNI: done in 0.0162651 secs using 90.9% CPU
Optimizing NNI: done in 0.0169544 secs using 69.27% CPU
Optimizing NNI: done in 0.0126482 secs using 90.88% CPU
Optimizing NNI: done in 0.0100009 secs using 90.88% CPU
Iteration 230 / LogL: -2486.701 / Time: 0h:0m:58s (0h:0m:2s left)
Optimizing NNI: done in 0.0100092 secs using 90.87% CPU
Optimizing NNI: done in 0.0156651 secs using 90.9% CPU
Optimizing NNI: done in 0.0103335 secs using 90.77% CPU
Optimizing NNI: done in 0.00552284 secs using 90.86% CPU
Optimizing NNI: done in 0.0103588 secs using 90.87% CPU
Optimizing NNI: done in 0.00600936 secs using 90.86% CPU
Optimizing NNI: done in 0.00558901 secs using 90.86% CPU
Optimizing NNI: done in 0.0142296 secs using 90.89% CPU
Optimizing NNI: done in 0.0147137 secs using 90.88% CPU
Optimizing NNI: done in 0.0131973 secs using 90.87% CPU
Iteration 240 / LogL: -2502.094 / Time: 0h:0m:59s (0h:0m:2s left)
Optimizing NNI: done in 0.0115739 secs using 90.89% CPU
Optimizing NNI: done in 0.00868869 secs using 90.88% CPU
Optimizing NNI: done in 0.0107021 secs using 90.9% CPU
Optimizing NNI: done in 0.0118211 secs using 90.87% CPU
Optimizing NNI: done in 0.0135811 secs using 90.88% CPU
Optimizing NNI: done in 0.0118684 secs using 90.87% CPU
Optimizing NNI: done in 0.0246435 secs using 90.9% CPU
Optimizing NNI: done in 0.0118046 secs using 90.89% CPU
Optimizing NNI: done in 0.0123383 secs using 90.89% CPU
Optimizing NNI: done in 0.00897648 secs using 90.86% CPU
Iteration 250 / LogL: -2492.535 / Time: 0h:0m:59s (0h:0m:2s left)
Log-likelihood cutoff on original alignment: -2513.417
Optimizing NNI: done in 0.0168668 secs using 95.82% CPU
Optimizing NNI: done in 0.00982215 secs using 95.69% CPU
Optimizing NNI: done in 0.00689742 secs using 95.79% CPU
Optimizing NNI: done in 0.00884106 secs using 95.8% CPU
Optimizing NNI: done in 0.00822095 secs using 95.82% CPU
Optimizing NNI: done in 0.0106785 secs using 95.79% CPU
Optimizing NNI: done in 0.00926751 secs using 95.75% CPU
Optimizing NNI: done in 0.0156316 secs using 95.81% CPU
Optimizing NNI: done in 0.00724306 secs using 95.79% CPU
Optimizing NNI: done in 0.0129512 secs using 95.81% CPU
Iteration 260 / LogL: -2481.273 / Time: 0h:1m:0s (0h:0m:1s left)
Optimizing NNI: done in 0.0084841 secs using 95.8% CPU
Optimizing NNI: done in 0.0123239 secs using 95.81% CPU
Optimizing NNI: done in 0.0132659 secs using 95.81% CPU
Optimizing NNI: done in 0.009294 secs using 95.8% CPU
BETTER TREE FOUND at iteration 264: -2481.271
Optimizing NNI: done in 0.00665259 secs using 45.17% CPU
Optimizing NNI: done in 0.00621828 secs using 95.77% CPU
Optimizing NNI: done in 0.0103837 secs using 95.8% CPU
Optimizing NNI: done in 0.0106108 secs using 95.78% CPU
Optimizing NNI: done in 0.0107395 secs using 61.27% CPU
Optimizing NNI: done in 0.0112215 secs using 95.81% CPU
Iteration 270 / LogL: -2481.277 / Time: 0h:1m:0s (0h:0m:3s left)
Optimizing NNI: done in 0.00714484 secs using 95.82% CPU
BETTER TREE FOUND at iteration 271: -2481.271
Optimizing NNI: done in 0.00988658 secs using 95.16% CPU
Optimizing NNI: done in 0.00666125 secs using 95.78% CPU
Optimizing NNI: done in 0.00215327 secs using 95.76% CPU
Optimizing NNI: done in 0.0103602 secs using 95.8% CPU
Optimizing NNI: done in 0.0104066 secs using 61.39% CPU
Optimizing NNI: done in 0.0116378 secs using 95.28% CPU
Optimizing NNI: done in 0.00486273 secs using 95.75% CPU
Optimizing NNI: done in 0.00667766 secs using 95.65% CPU
Optimizing NNI: done in 0.0105209 secs using 95.81% CPU
Iteration 280 / LogL: -2481.273 / Time: 0h:1m:1s (0h:0m:3s left)
Optimizing NNI: done in 0.0117343 secs using 95.8% CPU
Optimizing NNI: done in 0.0122009 secs using 95.82% CPU
Optimizing NNI: done in 0.0104258 secs using 95.82% CPU
Optimizing NNI: done in 0.0189633 secs using 95.82% CPU
Optimizing NNI: done in 0.0114979 secs using 95.77% CPU
Optimizing NNI: done in 0.00196802 secs using 93.14% CPU
Optimizing NNI: done in 0.0166818 secs using 73.34% CPU
Optimizing NNI: done in 0.0111872 secs using 95.72% CPU
Optimizing NNI: done in 0.00998219 secs using 95.73% CPU
Optimizing NNI: done in 0.0158753 secs using 72.02% CPU
Iteration 290 / LogL: -2481.279 / Time: 0h:1m:1s (0h:0m:3s left)
Optimizing NNI: done in 0.0141205 secs using 95.61% CPU
Optimizing NNI: done in 0.0148622 secs using 95.47% CPU
Optimizing NNI: done in 0.0147489 secs using 95.82% CPU
Optimizing NNI: done in 0.0144236 secs using 95.54% CPU
Optimizing NNI: done in 0.0151152 secs using 95.41% CPU
Optimizing NNI: done in 0.00975189 secs using 94.56% CPU
Optimizing NNI: done in 0.00991459 secs using 94.41% CPU
Optimizing NNI: done in 0.011955 secs using 94.15% CPU
Optimizing NNI: done in 0.0103925 secs using 94.56% CPU
Optimizing NNI: done in 0.0135591 secs using 94.57% CPU
Iteration 300 / LogL: -2481.275 / Time: 0h:1m:2s (0h:0m:2s left)
Log-likelihood cutoff on original alignment: -2515.973
NOTE: Bootstrap correlation coefficient of split occurrence frequencies: 0.922
NOTE: UFBoot does not converge, continue at least 100 more iterations
Optimizing NNI: done in 0.0101845 secs using 93.99% CPU
Optimizing NNI: done in 0.0139577 secs using 93.86% CPU
Optimizing NNI: done in 0.00644853 secs using 94.55% CPU
Optimizing NNI: done in 0.0124587 secs using 94.57% CPU
Optimizing NNI: done in 0.017251 secs using 94.57% CPU
Optimizing NNI: done in 0.0128354 secs using 94.55% CPU
Optimizing NNI: done in 0.0161877 secs using 94.55% CPU
Optimizing NNI: done in 0.0134389 secs using 94.11% CPU
Optimizing NNI: done in 0.0103661 secs using 94.37% CPU
Optimizing NNI: done in 0.017441 secs using 73.21% CPU
Iteration 310 / LogL: -2481.277 / Time: 0h:1m:2s (0h:0m:3s left)
Optimizing NNI: done in 0.00736537 secs using 94.55% CPU
Optimizing NNI: done in 0.0100409 secs using 94.56% CPU
Optimizing NNI: done in 0.0123968 secs using 94.52% CPU
Optimizing NNI: done in 0.00988817 secs using 94.57% CPU
Optimizing NNI: done in 0.0110362 secs using 94.57% CPU
Optimizing NNI: done in 0.0080163 secs using 94.53% CPU
Optimizing NNI: done in 0.0137481 secs using 94.23% CPU
Optimizing NNI: done in 0.0165185 secs using 94.34% CPU
Optimizing NNI: done in 0.0105097 secs using 94.56% CPU
Optimizing NNI: done in 0.00952302 secs using 94.56% CPU
Iteration 320 / LogL: -2481.278 / Time: 0h:1m:3s (0h:0m:3s left)
Optimizing NNI: done in 0.0102195 secs using 94.56% CPU
Optimizing NNI: done in 0.00715293 secs using 94.53% CPU
Optimizing NNI: done in 0.012061 secs using 94.56% CPU
Optimizing NNI: done in 0.0136105 secs using 94.22% CPU
Optimizing NNI: done in 0.0108292 secs using 94.57% CPU
Optimizing NNI: done in 0.0100735 secs using 94.55% CPU
Optimizing NNI: done in 0.0111718 secs using 94.56% CPU
Optimizing NNI: done in 0.0147111 secs using 94.57% CPU
Optimizing NNI: done in 0.00948829 secs using 93.96% CPU
Optimizing NNI: done in 0.0114524 secs using 94.56% CPU
Iteration 330 / LogL: -2481.279 / Time: 0h:1m:3s (0h:0m:2s left)
Optimizing NNI: done in 0.0107292 secs using 94.56% CPU
Optimizing NNI: done in 0.0159832 secs using 94.57% CPU
Optimizing NNI: done in 0.0161354 secs using 76.63% CPU
Optimizing NNI: done in 0.011493 secs using 94.19% CPU
Optimizing NNI: done in 0.0101033 secs using 57.83% CPU
Optimizing NNI: done in 0.00961406 secs using 94.38% CPU
Optimizing NNI: done in 0.00856123 secs using 94.33% CPU
Optimizing NNI: done in 0.0138158 secs using 67.47% CPU
Optimizing NNI: done in 0.0143345 secs using 94.58% CPU
Optimizing NNI: done in 0.0120783 secs using 63.49% CPU
Iteration 340 / LogL: -2481.279 / Time: 0h:1m:3s (0h:0m:2s left)
Optimizing NNI: done in 0.0155141 secs using 70.41% CPU
Optimizing NNI: done in 0.0152087 secs using 94.43% CPU
Optimizing NNI: done in 0.0163427 secs using 94.54% CPU
Optimizing NNI: done in 0.0119137 secs using 94.57% CPU
Optimizing NNI: done in 0.012011 secs using 94.56% CPU
Optimizing NNI: done in 0.013221 secs using 94.3% CPU
Optimizing NNI: done in 0.0176344 secs using 94.58% CPU
Optimizing NNI: done in 0.0141292 secs using 94.56% CPU
Optimizing NNI: done in 0.0100787 secs using 94.57% CPU
Optimizing NNI: done in 0.0159569 secs using 94.56% CPU
Iteration 350 / LogL: -2486.681 / Time: 0h:1m:4s (0h:0m:2s left)
Log-likelihood cutoff on original alignment: -2518.289
Optimizing NNI: done in 0.0131492 secs using 94.27% CPU
Optimizing NNI: done in 0.00931132 secs using 54.91% CPU
Optimizing NNI: done in 0.00888527 secs using 94.27% CPU
Optimizing NNI: done in 0.0138568 secs using 94.21% CPU
Optimizing NNI: done in 0.0104325 secs using 94.56% CPU
Optimizing NNI: done in 0.0146926 secs using 94.5% CPU
Optimizing NNI: done in 0.0179304 secs using 94.2% CPU
Optimizing NNI: done in 0.0021063 secs using 94.53% CPU
Optimizing NNI: done in 0.00846056 secs using 94.54% CPU
Optimizing NNI: done in 0.0162974 secs using 71.44% CPU
Iteration 360 / LogL: -2486.684 / Time: 0h:1m:5s (0h:0m:1s left)
Optimizing NNI: done in 0.0143739 secs using 94.13% CPU
Optimizing NNI: done in 0.00651628 secs using 94.47% CPU
Optimizing NNI: done in 0.0138003 secs using 94.52% CPU
Optimizing NNI: done in 0.0149039 secs using 94.57% CPU
Optimizing NNI: done in 0.00999702 secs using 94.57% CPU
Optimizing NNI: done in 0.00272716 secs using 94.53% CPU
Optimizing NNI: done in 0.0128964 secs using 94.56% CPU
Optimizing NNI: done in 0.0122678 secs using 94.32% CPU
Optimizing NNI: done in 0.0126233 secs using 94.41% CPU
Optimizing NNI: done in 0.00914735 secs using 94.22% CPU
Iteration 370 / LogL: -2488.086 / Time: 0h:1m:5s (0h:0m:1s left)
Optimizing NNI: done in 0.0105581 secs using 93.9% CPU
Optimizing NNI: done in 0.0128166 secs using 94.51% CPU
Optimizing NNI: done in 0.0111926 secs using 94.56% CPU
Optimizing NNI: done in 0.0156605 secs using 94.57% CPU
Optimizing NNI: done in 0.0109751 secs using 93.87% CPU
Optimizing NNI: done in 0.00985576 secs using 94.07% CPU
Optimizing NNI: done in 0.0105391 secs using 94.56% CPU
Optimizing NNI: done in 0.0125241 secs using 94.57% CPU
Optimizing NNI: done in 0.00935322 secs using 94.56% CPU
Optimizing NNI: done in 0.00621189 secs using 94.54% CPU
Iteration 380 / LogL: -2481.273 / Time: 0h:1m:5s (0h:0m:0s left)
Optimizing NNI: done in 0.011109 secs using 93.88% CPU
Optimizing NNI: done in 0.0149611 secs using 94.51% CPU
Optimizing NNI: done in 0.0115866 secs using 94.21% CPU
Optimizing NNI: done in 0.0103702 secs using 58.06% CPU
Optimizing NNI: done in 0.00880845 secs using 94.57% CPU
Optimizing NNI: done in 0.0166804 secs using 94.58% CPU
Optimizing NNI: done in 0.010859 secs using 94.57% CPU
Optimizing NNI: done in 0.0144998 secs using 94.57% CPU
Optimizing NNI: done in 0.0143914 secs using 94.57% CPU
Optimizing NNI: done in 0.0114558 secs using 94.23% CPU
Iteration 390 / LogL: -2481.281 / Time: 0h:1m:6s (0h:0m:0s left)
Optimizing NNI: done in 0.0179299 secs using 94.58% CPU
Optimizing NNI: done in 0.0138574 secs using 94.56% CPU
Optimizing NNI: done in 0.00938867 secs using 94.57% CPU
Optimizing NNI: done in 0.00736131 secs using 94.55% CPU
Optimizing NNI: done in 0.0110232 secs using 94.56% CPU
Optimizing NNI: done in 0.0104105 secs using 94.56% CPU
Optimizing NNI: done in 0.00716352 secs using 94.56% CPU
Optimizing NNI: done in 0.0139974 secs using 94.57% CPU
Optimizing NNI: done in 0.0113325 secs using 94.55% CPU
BETTER TREE FOUND at iteration 399: -2481.271
Optimizing NNI: done in 0.00953976 secs using 94.1% CPU
Iteration 400 / LogL: -2486.706 / Time: 0h:1m:6s (0h:0m:4s left)
Log-likelihood cutoff on original alignment: -2518.289
NOTE: Bootstrap correlation coefficient of split occurrence frequencies: 0.899
NOTE: UFBoot does not converge, continue at least 100 more iterations
Optimizing NNI: done in 0.0128581 secs using 94.27% CPU
Optimizing NNI: done in 0.017898 secs using 73.76% CPU
Optimizing NNI: done in 0.0110849 secs using 94.26% CPU
Optimizing NNI: done in 0.00522125 secs using 94.54% CPU
Optimizing NNI: done in 0.00682472 secs using 94.57% CPU
Optimizing NNI: done in 0.0125076 secs using 94.57% CPU
Optimizing NNI: done in 0.0119275 secs using 94.58% CPU
Optimizing NNI: done in 0.0056517 secs using 94.52% CPU
Optimizing NNI: done in 0.0131637 secs using 94.57% CPU
Optimizing NNI: done in 0.00679923 secs using 94.55% CPU
Iteration 410 / LogL: -2500.186 / Time: 0h:1m:7s (0h:0m:3s left)
Optimizing NNI: done in 0.0114425 secs using 62.13% CPU
Optimizing NNI: done in 0.00624526 secs using 94.47% CPU
Optimizing NNI: done in 0.018283 secs using 94.5% CPU
Optimizing NNI: done in 0.0113252 secs using 94.56% CPU
Optimizing NNI: done in 0.00734073 secs using 94.54% CPU
Optimizing NNI: done in 0.017856 secs using 94.5% CPU
Optimizing NNI: done in 0.0133958 secs using 94.57% CPU
Optimizing NNI: done in 0.00919931 secs using 94.56% CPU
Optimizing NNI: done in 0.00614532 secs using 94.56% CPU
Optimizing NNI: done in 0.0125132 secs using 94.57% CPU
Iteration 420 / LogL: -2481.275 / Time: 0h:1m:7s (0h:0m:3s left)
Optimizing NNI: done in 0.0071527 secs using 94.57% CPU
Optimizing NNI: done in 0.0115865 secs using 94.28% CPU
Optimizing NNI: done in 0.00650493 secs using 94.53% CPU
Optimizing NNI: done in 0.00806779 secs using 94.55% CPU
Optimizing NNI: done in 0.0144007 secs using 94.53% CPU
Optimizing NNI: done in 0.0103793 secs using 94.27% CPU
Optimizing NNI: done in 0.00599701 secs using 94.38% CPU
Optimizing NNI: done in 0.011368 secs using 94.56% CPU
Optimizing NNI: done in 0.0137724 secs using 94.56% CPU
BETTER TREE FOUND at iteration 429: -2481.271
Optimizing NNI: done in 0.00560538 secs using 93.8% CPU
Iteration 430 / LogL: -2505.658 / Time: 0h:1m:8s (0h:0m:4s left)
Optimizing NNI: done in 0.0103178 secs using 94.54% CPU
Optimizing NNI: done in 0.0134536 secs using 94.55% CPU
Optimizing NNI: done in 0.0105908 secs using 94.48% CPU
Optimizing NNI: done in 0.0138434 secs using 94.56% CPU
Optimizing NNI: done in 0.0141407 secs using 94.57% CPU
Optimizing NNI: done in 0.00929143 secs using 94.19% CPU
Optimizing NNI: done in 0.00952776 secs using 94.11% CPU
Optimizing NNI: done in 0.010877 secs using 70.77% CPU
Optimizing NNI: done in 0.00803083 secs using 94.24% CPU
Optimizing NNI: done in 0.011508 secs using 94.55% CPU
Iteration 440 / LogL: -2481.276 / Time: 0h:1m:8s (0h:0m:3s left)
Optimizing NNI: done in 0.0064865 secs using 94.52% CPU
Optimizing NNI: done in 0.0111658 secs using 61.55% CPU
Optimizing NNI: done in 0.00691089 secs using 94.53% CPU
Optimizing NNI: done in 0.0114156 secs using 94.55% CPU
Optimizing NNI: done in 0.00795581 secs using 94.56% CPU
Optimizing NNI: done in 0.0106373 secs using 94.55% CPU
Optimizing NNI: done in 0.0103986 secs using 94.23% CPU
Optimizing NNI: done in 0.0115123 secs using 76.83% CPU
Optimizing NNI: done in 0.0146336 secs using 94.57% CPU
Optimizing NNI: done in 0.00616283 secs using 94.52% CPU
Iteration 450 / LogL: -2505.653 / Time: 0h:1m:9s (0h:0m:3s left)
Log-likelihood cutoff on original alignment: -2518.781
Optimizing NNI: done in 0.00647151 secs using 94.55% CPU
Optimizing NNI: done in 0.00915427 secs using 94.32% CPU
Optimizing NNI: done in 0.0140623 secs using 68.15% CPU
Optimizing NNI: done in 0.00890737 secs using 94.42% CPU
Optimizing NNI: done in 0.0127624 secs using 94.57% CPU
Optimizing NNI: done in 0.00963475 secs using 94.13% CPU
Optimizing NNI: done in 0.010389 secs using 94.55% CPU
Optimizing NNI: done in 0.00947648 secs using 94.57% CPU
Optimizing NNI: done in 0.0172847 secs using 94.58% CPU
Optimizing NNI: done in 0.00821935 secs using 94.57% CPU
Iteration 460 / LogL: -2481.275 / Time: 0h:1m:9s (0h:0m:3s left)
Optimizing NNI: done in 0.0132115 secs using 94.56% CPU
Optimizing NNI: done in 0.0156164 secs using 94.58% CPU
Optimizing NNI: done in 0.00923202 secs using 94.56% CPU
Optimizing NNI: done in 0.0111359 secs using 94.57% CPU
Optimizing NNI: done in 0.00922511 secs using 94.64% CPU
Optimizing NNI: done in 0.00831934 secs using 94.36% CPU
Optimizing NNI: done in 0.00573407 secs using 94.59% CPU
Optimizing NNI: done in 0.0136222 secs using 94.43% CPU
Optimizing NNI: done in 0.00967502 secs using 94.73% CPU
Optimizing NNI: done in 0.0135942 secs using 94.66% CPU
Iteration 470 / LogL: -2481.275 / Time: 0h:1m:10s (0h:0m:2s left)
Optimizing NNI: done in 0.0198068 secs using 94.64% CPU
Optimizing NNI: done in 0.00970505 secs using 94.72% CPU
Optimizing NNI: done in 0.00829443 secs using 94.71% CPU
Optimizing NNI: done in 0.0143188 secs using 94.73% CPU
Optimizing NNI: done in 0.00864566 secs using 94.72% CPU
Optimizing NNI: done in 0.0163846 secs using 94.74% CPU
Optimizing NNI: done in 0.0105774 secs using 94.74% CPU
Optimizing NNI: done in 0.0126541 secs using 94.74% CPU
Optimizing NNI: done in 0.0101531 secs using 94.5% CPU
Optimizing NNI: done in 0.00717547 secs using 94.73% CPU
Iteration 480 / LogL: -2488.084 / Time: 0h:1m:10s (0h:0m:2s left)
Optimizing NNI: done in 0.0136533 secs using 67.79% CPU
Optimizing NNI: done in 0.0159618 secs using 94.48% CPU
Optimizing NNI: done in 0.00928504 secs using 94.66% CPU
Optimizing NNI: done in 0.00622873 secs using 34.63% CPU
Optimizing NNI: done in 0.0141528 secs using 94.73% CPU
Optimizing NNI: done in 0.0109948 secs using 94.73% CPU
Optimizing NNI: done in 0.0144807 secs using 69.09% CPU
Optimizing NNI: done in 0.0101195 secs using 94.52% CPU
Optimizing NNI: done in 0.0152632 secs using 94.61% CPU
Optimizing NNI: done in 0.0104909 secs using 94.72% CPU
Iteration 490 / LogL: -2486.702 / Time: 0h:1m:11s (0h:0m:1s left)
Optimizing NNI: done in 0.0106522 secs using 94.73% CPU
Optimizing NNI: done in 0.0094926 secs using 94.73% CPU
Optimizing NNI: done in 0.00995503 secs using 94.74% CPU
Optimizing NNI: done in 0.00488791 secs using 94.09% CPU
Optimizing NNI: done in 0.00887865 secs using 94.45% CPU
Optimizing NNI: done in 0.017269 secs using 94.41% CPU
Optimizing NNI: done in 0.0130976 secs using 94.74% CPU
Optimizing NNI: done in 0.0091701 secs using 94.72% CPU
Optimizing NNI: done in 0.0148599 secs using 69.79% CPU
Optimizing NNI: done in 0.0243623 secs using 94.6% CPU
Iteration 500 / LogL: -2481.283 / Time: 0h:1m:11s (0h:0m:1s left)
Log-likelihood cutoff on original alignment: -2519.179
NOTE: Bootstrap correlation coefficient of split occurrence frequencies: 0.918
NOTE: UFBoot does not converge, continue at least 100 more iterations
Optimizing NNI: done in 0.00710823 secs using 94.72% CPU
Optimizing NNI: done in 0.0128378 secs using 94.74% CPU
Optimizing NNI: done in 0.00599522 secs using 94.51% CPU
Optimizing NNI: done in 0.0121621 secs using 94.73% CPU
Optimizing NNI: done in 0.00618477 secs using 94.7% CPU
Optimizing NNI: done in 0.011236 secs using 94.63% CPU
Optimizing NNI: done in 0.0129309 secs using 94.63% CPU
Optimizing NNI: done in 0.0163803 secs using 94.58% CPU
Optimizing NNI: done in 0.0151405 secs using 94.71% CPU
Optimizing NNI: done in 0.00852601 secs using 94.71% CPU
Iteration 510 / LogL: -2481.271 / Time: 0h:1m:12s (0h:0m:4s left)
Optimizing NNI: done in 0.00931231 secs using 94.73% CPU
Optimizing NNI: done in 0.00757421 secs using 94.29% CPU
Optimizing NNI: done in 0.0141112 secs using 94.74% CPU
Optimizing NNI: done in 0.0144059 secs using 94.74% CPU
Optimizing NNI: done in 0.0101869 secs using 94.72% CPU
Optimizing NNI: done in 0.00963123 secs using 94.7% CPU
Optimizing NNI: done in 0.00670855 secs using 94.7% CPU
Optimizing NNI: done in 0.0139395 secs using 94.69% CPU
Optimizing NNI: done in 0.00805425 secs using 94.72% CPU
Optimizing NNI: done in 0.00635266 secs using 94.34% CPU
Iteration 520 / LogL: -2481.273 / Time: 0h:1m:12s (0h:0m:3s left)
Optimizing NNI: done in 0.0160393 secs using 94.74% CPU
Optimizing NNI: done in 0.0103229 secs using 94.73% CPU
Optimizing NNI: done in 0.010596 secs using 59.79% CPU
Optimizing NNI: done in 0.0139988 secs using 94.45% CPU
Optimizing NNI: done in 0.0130125 secs using 94.74% CPU
Optimizing NNI: done in 0.0141965 secs using 94.74% CPU
Optimizing NNI: done in 0.00948574 secs using 94.74% CPU
Optimizing NNI: done in 0.0134648 secs using 94.74% CPU
Optimizing NNI: done in 0.015536 secs using 94.73% CPU
Optimizing NNI: done in 0.00881936 secs using 94.49% CPU
Iteration 530 / LogL: -2481.274 / Time: 0h:1m:13s (0h:0m:3s left)
Optimizing NNI: done in 0.0159314 secs using 94.72% CPU
Optimizing NNI: done in 0.00935838 secs using 94.66% CPU
Optimizing NNI: done in 0.00950456 secs using 94.72% CPU
Optimizing NNI: done in 0.00910483 secs using 94.73% CPU
Optimizing NNI: done in 0.00941233 secs using 94.67% CPU
Optimizing NNI: done in 0.00782841 secs using 94.73% CPU
Optimizing NNI: done in 0.0119579 secs using 94.72% CPU
Optimizing NNI: done in 0.00661987 secs using 94.67% CPU
Optimizing NNI: done in 0.0118612 secs using 63.05% CPU
Optimizing NNI: done in 0.010591 secs using 94.71% CPU
Iteration 540 / LogL: -2481.273 / Time: 0h:1m:13s (0h:0m:2s left)
Optimizing NNI: done in 0.00966345 secs using 94.73% CPU
Optimizing NNI: done in 0.0147179 secs using 94.73% CPU
Optimizing NNI: done in 0.0110333 secs using 94.73% CPU
Optimizing NNI: done in 0.0134635 secs using 94.44% CPU
Optimizing NNI: done in 0.0148789 secs using 94.25% CPU
Optimizing NNI: done in 0.0122234 secs using 94.74% CPU
Optimizing NNI: done in 0.0054815 secs using 94.72% CPU
Optimizing NNI: done in 0.0101329 secs using 94.72% CPU
Optimizing NNI: done in 0.0129513 secs using 94.73% CPU
Optimizing NNI: done in 0.00903024 secs using 94.48% CPU
Iteration 550 / LogL: -2481.274 / Time: 0h:1m:14s (0h:0m:2s left)
Log-likelihood cutoff on original alignment: -2520.123
Optimizing NNI: done in 0.0166735 secs using 94.74% CPU
Optimizing NNI: done in 0.0116388 secs using 94.73% CPU
Optimizing NNI: done in 0.0100012 secs using 94.73% CPU
Optimizing NNI: done in 0.0163719 secs using 94.74% CPU
Optimizing NNI: done in 0.010845 secs using 94.73% CPU
Optimizing NNI: done in 0.0099142 secs using 94.37% CPU
Optimizing NNI: done in 0.0127107 secs using 94.73% CPU
Optimizing NNI: done in 0.00613576 secs using 94.71% CPU
Optimizing NNI: done in 0.0112794 secs using 61.6% CPU
Optimizing NNI: done in 0.00771628 secs using 94.31% CPU
Iteration 560 / LogL: -2481.273 / Time: 0h:1m:15s (0h:0m:1s left)
Optimizing NNI: done in 0.00981327 secs using 94.59% CPU
Optimizing NNI: done in 0.00808314 secs using 94.73% CPU
Optimizing NNI: done in 0.0144626 secs using 94.73% CPU
Optimizing NNI: done in 0.0117949 secs using 94.74% CPU
Optimizing NNI: done in 0.0115827 secs using 94.73% CPU
Optimizing NNI: done in 0.0193853 secs using 94.74% CPU
Optimizing NNI: done in 0.00955189 secs using 94.72% CPU
Optimizing NNI: done in 0.0109772 secs using 94.71% CPU
Optimizing NNI: done in 0.0145197 secs using 94.73% CPU
Optimizing NNI: done in 0.0135985 secs using 94.74% CPU
Iteration 570 / LogL: -2481.273 / Time: 0h:1m:15s (0h:0m:1s left)
Optimizing NNI: done in 0.012609 secs using 94.73% CPU
Optimizing NNI: done in 0.0094806 secs using 94.73% CPU
Optimizing NNI: done in 0.0112044 secs using 94.71% CPU
Optimizing NNI: done in 0.0144949 secs using 94.73% CPU
Optimizing NNI: done in 0.00887103 secs using 94.71% CPU
Optimizing NNI: done in 0.0130158 secs using 65.94% CPU
Optimizing NNI: done in 0.0121034 secs using 94.73% CPU
Optimizing NNI: done in 0.00978059 secs using 94.56% CPU
Optimizing NNI: done in 0.0135981 secs using 94.73% CPU
Optimizing NNI: done in 0.0102837 secs using 94.74% CPU
Iteration 580 / LogL: -2488.087 / Time: 0h:1m:16s (0h:0m:0s left)
Optimizing NNI: done in 0.011352 secs using 94.73% CPU
Optimizing NNI: done in 0.00900755 secs using 94.72% CPU
BETTER TREE FOUND at iteration 582: -2481.271
Optimizing NNI: done in 0.00678522 secs using 94.69% CPU
Optimizing NNI: done in 0.00709577 secs using 94.7% CPU
Optimizing NNI: done in 0.0104441 secs using 94.71% CPU
Optimizing NNI: done in 0.0195608 secs using 94.74% CPU
Optimizing NNI: done in 0.0100828 secs using 94.71% CPU
Optimizing NNI: done in 0.00991597 secs using 94.73% CPU
Optimizing NNI: done in 0.00605108 secs using 94.68% CPU
Optimizing NNI: done in 0.0137254 secs using 94.67% CPU
Iteration 590 / LogL: -2486.678 / Time: 0h:1m:16s (0h:0m:4s left)
Optimizing NNI: done in 0.0137687 secs using 94.42% CPU
Optimizing NNI: done in 0.0121926 secs using 94.69% CPU
Optimizing NNI: done in 0.00982627 secs using 94.74% CPU
Optimizing NNI: done in 0.00978382 secs using 94.73% CPU
Optimizing NNI: done in 0.00904668 secs using 94.39% CPU
Optimizing NNI: done in 0.0102963 secs using 94.73% CPU
Optimizing NNI: done in 0.00558627 secs using 94.71% CPU
Optimizing NNI: done in 0.00616936 secs using 94.71% CPU
Optimizing NNI: done in 0.0099178 secs using 64.48% CPU
Optimizing NNI: done in 0.00879633 secs using 94.48% CPU
Iteration 600 / LogL: -2481.271 / Time: 0h:1m:16s (0h:0m:3s left)
Log-likelihood cutoff on original alignment: -2520.597
NOTE: Bootstrap correlation coefficient of split occurrence frequencies: 0.950
NOTE: UFBoot does not converge, continue at least 100 more iterations
Optimizing NNI: done in 0.0135925 secs using 94.44% CPU
Optimizing NNI: done in 0.00981011 secs using 94.72% CPU
Optimizing NNI: done in 0.0110635 secs using 94.73% CPU
Optimizing NNI: done in 0.0101307 secs using 94.72% CPU
Optimizing NNI: done in 0.00694962 secs using 40.42% CPU
Optimizing NNI: done in 0.0203003 secs using 94.67% CPU
Optimizing NNI: done in 0.0122213 secs using 94.73% CPU
Optimizing NNI: done in 0.011455 secs using 94.24% CPU
Optimizing NNI: done in 0.0119674 secs using 63.69% CPU
Optimizing NNI: done in 0.00959228 secs using 94.33% CPU
Iteration 610 / LogL: -2481.279 / Time: 0h:1m:17s (0h:0m:4s left)
Optimizing NNI: done in 0.0112184 secs using 94.74% CPU
Optimizing NNI: done in 0.0135233 secs using 94.59% CPU
Optimizing NNI: done in 0.0184365 secs using 74.34% CPU
Optimizing NNI: done in 0.0135285 secs using 94.3% CPU
Optimizing NNI: done in 0.00960665 secs using 94.73% CPU
Optimizing NNI: done in 0.0111008 secs using 94.73% CPU
Optimizing NNI: done in 0.0142443 secs using 94.59% CPU
Optimizing NNI: done in 0.0099843 secs using 94.74% CPU
Optimizing NNI: done in 0.013673 secs using 67.64% CPU
Optimizing NNI: done in 0.011991 secs using 94.71% CPU
Iteration 620 / LogL: -2481.275 / Time: 0h:1m:18s (0h:0m:3s left)
Optimizing NNI: done in 0.0128328 secs using 94.54% CPU
Optimizing NNI: done in 0.0104858 secs using 94.72% CPU
Optimizing NNI: done in 0.0130354 secs using 94.73% CPU
Optimizing NNI: done in 0.0100486 secs using 94.72% CPU
Optimizing NNI: done in 0.0124382 secs using 94.73% CPU
Optimizing NNI: done in 0.0115067 secs using 94.48% CPU
Optimizing NNI: done in 0.00976792 secs using 94.47% CPU
Optimizing NNI: done in 0.0120803 secs using 94.48% CPU
Optimizing NNI: done in 0.00967094 secs using 94.47% CPU
Optimizing NNI: done in 0.00947624 secs using 94.48% CPU
Iteration 630 / LogL: -2486.175 / Time: 0h:1m:18s (0h:0m:3s left)
Optimizing NNI: done in 0.0110139 secs using 94.48% CPU
Optimizing NNI: done in 0.0134339 secs using 94.49% CPU
Optimizing NNI: done in 0.00589932 secs using 94.45% CPU
Optimizing NNI: done in 0.0102474 secs using 94.47% CPU
Optimizing NNI: done in 0.0166174 secs using 94.49% CPU
Optimizing NNI: done in 0.0109545 secs using 94.47% CPU
Optimizing NNI: done in 0.010317 secs using 94.48% CPU
Optimizing NNI: done in 0.00998217 secs using 94.47% CPU
Optimizing NNI: done in 0.00888638 secs using 94.48% CPU
Optimizing NNI: done in 0.00510126 secs using 94.45% CPU
Iteration 640 / LogL: -2481.271 / Time: 0h:1m:19s (0h:0m:2s left)
Optimizing NNI: done in 0.0051227 secs using 94.44% CPU
Optimizing NNI: done in 0.0158884 secs using 65.92% CPU
Optimizing NNI: done in 0.0142088 secs using 69.52% CPU
Optimizing NNI: done in 0.00935108 secs using 94.47% CPU
Optimizing NNI: done in 0.0153933 secs using 94.01% CPU
Optimizing NNI: done in 0.00723078 secs using 94.47% CPU
Optimizing NNI: done in 0.00633019 secs using 93.58% CPU
Optimizing NNI: done in 0.0157 secs using 70.22% CPU
Optimizing NNI: done in 0.00687548 secs using 94.48% CPU
Optimizing NNI: done in 0.0104996 secs using 94.48% CPU
Iteration 650 / LogL: -2481.279 / Time: 0h:1m:19s (0h:0m:2s left)
Log-likelihood cutoff on original alignment: -2520.662
Optimizing NNI: done in 0.0154421 secs using 94.24% CPU
Optimizing NNI: done in 0.0140134 secs using 94.5% CPU
Optimizing NNI: done in 0.0132262 secs using 94.25% CPU
Optimizing NNI: done in 0.0143282 secs using 94.48% CPU
Optimizing NNI: done in 0.015879 secs using 94.49% CPU
Optimizing NNI: done in 0.0110539 secs using 94.47% CPU
Optimizing NNI: done in 0.0117996 secs using 94.48% CPU
Optimizing NNI: done in 0.0125265 secs using 94.49% CPU
Optimizing NNI: done in 0.0107837 secs using 94.49% CPU
Optimizing NNI: done in 0.0148327 secs using 94.49% CPU
Iteration 660 / LogL: -2481.276 / Time: 0h:1m:20s (0h:0m:1s left)
Optimizing NNI: done in 0.00857767 secs using 94.29% CPU
Optimizing NNI: done in 0.0123337 secs using 94.34% CPU
Optimizing NNI: done in 0.0119134 secs using 62.78% CPU
Optimizing NNI: done in 0.0171111 secs using 94.44% CPU
Optimizing NNI: done in 0.0110531 secs using 94.49% CPU
Optimizing NNI: done in 0.0100658 secs using 94.12% CPU
Optimizing NNI: done in 0.0111347 secs using 94.34% CPU
Optimizing NNI: done in 0.0130686 secs using 94.48% CPU
Optimizing NNI: done in 0.0108028 secs using 94.48% CPU
Optimizing NNI: done in 0.0131164 secs using 94.48% CPU
Iteration 670 / LogL: -2481.276 / Time: 0h:1m:20s (0h:0m:1s left)
Optimizing NNI: done in 0.00878342 secs using 94.47% CPU
Optimizing NNI: done in 0.00983371 secs using 94.48% CPU
Optimizing NNI: done in 0.00913513 secs using 94.48% CPU
Optimizing NNI: done in 0.0112704 secs using 94.49% CPU
Optimizing NNI: done in 0.0107631 secs using 94.49% CPU
Optimizing NNI: done in 0.0111715 secs using 94.47% CPU
Optimizing NNI: done in 0.00520043 secs using 94.43% CPU
Optimizing NNI: done in 0.00596386 secs using 94.42% CPU
Optimizing NNI: done in 0.00958204 secs using 94.45% CPU
Optimizing NNI: done in 0.0106572 secs using 94.46% CPU
Iteration 680 / LogL: -2488.089 / Time: 0h:1m:21s (0h:0m:0s left)
Optimizing NNI: done in 0.00906929 secs using 94.46% CPU
Optimizing NNI: done in 0.00941818 secs using 94.47% CPU
Optimizing NNI: done in 0.00663489 secs using 94.44% CPU
Optimizing NNI: done in 0.00919707 secs using 94.48% CPU
Optimizing NNI: done in 0.00850203 secs using 94.47% CPU
Optimizing NNI: done in 0.0104899 secs using 94.47% CPU
BETTER TREE FOUND at iteration 686: -2481.271
Optimizing NNI: done in 0.0146388 secs using 94.04% CPU
Optimizing NNI: done in 0.0134986 secs using 94.19% CPU
Optimizing NNI: done in 0.0147849 secs using 94.28% CPU
Optimizing NNI: done in 0.0099344 secs using 94.47% CPU
Iteration 690 / LogL: -2481.273 / Time: 0h:1m:21s (0h:0m:4s left)
Optimizing NNI: done in 0.0128851 secs using 94.49% CPU
Optimizing NNI: done in 0.00629128 secs using 94.45% CPU
Optimizing NNI: done in 0.00927343 secs using 94.47% CPU
Optimizing NNI: done in 0.0118875 secs using 94.49% CPU
Optimizing NNI: done in 0.0137892 secs using 68.1% CPU
Optimizing NNI: done in 0.00855872 secs using 94.47% CPU
Optimizing NNI: done in 0.009393 secs using 94.34% CPU
Optimizing NNI: done in 0.0142696 secs using 68.67% CPU
Optimizing NNI: done in 0.00997668 secs using 94.47% CPU
Optimizing NNI: done in 0.00967207 secs using 94.47% CPU
Iteration 700 / LogL: -2481.276 / Time: 0h:1m:22s (0h:0m:4s left)
Log-likelihood cutoff on original alignment: -2521.789
NOTE: Bootstrap correlation coefficient of split occurrence frequencies: 0.956
NOTE: UFBoot does not converge, continue at least 100 more iterations
Optimizing NNI: done in 0.0115522 secs using 94.44% CPU
Optimizing NNI: done in 0.00859325 secs using 94.29% CPU
Optimizing NNI: done in 0.0100281 secs using 93.99% CPU
Optimizing NNI: done in 0.0158389 secs using 70.73% CPU
Optimizing NNI: done in 0.0114241 secs using 94.48% CPU
Optimizing NNI: done in 0.0100028 secs using 94.29% CPU
Optimizing NNI: done in 0.0132258 secs using 94.48% CPU
Optimizing NNI: done in 0.0109242 secs using 94.47% CPU
Optimizing NNI: done in 0.0129805 secs using 94.46% CPU
Optimizing NNI: done in 0.0130527 secs using 94.47% CPU
Iteration 710 / LogL: -2481.279 / Time: 0h:1m:23s (0h:0m:4s left)
Optimizing NNI: done in 0.0138526 secs using 94.47% CPU
Optimizing NNI: done in 0.0130858 secs using 94.48% CPU
Optimizing NNI: done in 0.00840218 secs using 94.48% CPU
Optimizing NNI: done in 0.0118971 secs using 94.49% CPU
Optimizing NNI: done in 0.0118812 secs using 94.48% CPU
BETTER TREE FOUND at iteration 715: -2481.271
Optimizing NNI: done in 0.00931445 secs using 94.25% CPU
Optimizing NNI: done in 0.0138076 secs using 93.93% CPU
Optimizing NNI: done in 0.0137647 secs using 94.49% CPU
Optimizing NNI: done in 0.0103199 secs using 94.49% CPU
Optimizing NNI: done in 0.0143984 secs using 94.48% CPU
Iteration 720 / LogL: -2481.274 / Time: 0h:1m:23s (0h:0m:4s left)
Optimizing NNI: done in 0.0100053 secs using 94.48% CPU
Optimizing NNI: done in 0.0156964 secs using 94.49% CPU
Optimizing NNI: done in 0.0184382 secs using 74.41% CPU
Optimizing NNI: done in 0.0123367 secs using 94.24% CPU
Optimizing NNI: done in 0.0105204 secs using 94.47% CPU
Optimizing NNI: done in 0.0145946 secs using 94.47% CPU
Optimizing NNI: done in 0.0151289 secs using 94.49% CPU
Optimizing NNI: done in 0.0145003 secs using 94.48% CPU
Optimizing NNI: done in 0.0104034 secs using 94.47% CPU
Optimizing NNI: done in 0.00899754 secs using 94.47% CPU
Iteration 730 / LogL: -2502.056 / Time: 0h:1m:24s (0h:0m:4s left)
Optimizing NNI: done in 0.0146017 secs using 94.11% CPU
Optimizing NNI: done in 0.0137491 secs using 94.49% CPU
Optimizing NNI: done in 0.0162911 secs using 94.49% CPU
Optimizing NNI: done in 0.0140098 secs using 94.32% CPU
Optimizing NNI: done in 0.00918665 secs using 94.47% CPU
Optimizing NNI: done in 0.00979951 secs using 94.23% CPU
Optimizing NNI: done in 0.0156597 secs using 94.47% CPU
Optimizing NNI: done in 0.0146443 secs using 94% CPU
Optimizing NNI: done in 0.0114507 secs using 61.69% CPU
Optimizing NNI: done in 0.0108928 secs using 93.88% CPU
Iteration 740 / LogL: -2481.284 / Time: 0h:1m:24s (0h:0m:3s left)
Optimizing NNI: done in 0.00993564 secs using 93.84% CPU
Optimizing NNI: done in 0.0111028 secs using 94.48% CPU
Optimizing NNI: done in 0.00954701 secs using 55.61% CPU
Optimizing NNI: done in 0.0106704 secs using 93.9% CPU
Optimizing NNI: done in 0.0102836 secs using 94.15% CPU
Optimizing NNI: done in 0.00906733 secs using 94.47% CPU
Optimizing NNI: done in 0.0100041 secs using 94.48% CPU
Optimizing NNI: done in 0.00879076 secs using 94.49% CPU
Optimizing NNI: done in 0.0095906 secs using 94.09% CPU
Optimizing NNI: done in 0.00901275 secs using 52.43% CPU
Iteration 750 / LogL: -2481.276 / Time: 0h:1m:25s (0h:0m:3s left)
Log-likelihood cutoff on original alignment: -2521.668
Optimizing NNI: done in 0.0102976 secs using 94.48% CPU
Optimizing NNI: done in 0.00648434 secs using 94.24% CPU
Optimizing NNI: done in 0.0093096 secs using 94.47% CPU
Optimizing NNI: done in 0.00995711 secs using 56.69% CPU
Optimizing NNI: done in 0.0113181 secs using 94.47% CPU
Optimizing NNI: done in 0.00939001 secs using 94.48% CPU
Optimizing NNI: done in 0.0116708 secs using 94.48% CPU
Optimizing NNI: done in 0.0096515 secs using 94.48% CPU
Optimizing NNI: done in 0.00892542 secs using 94.49% CPU
Optimizing NNI: done in 0.0144226 secs using 94.48% CPU
Iteration 760 / LogL: -2481.273 / Time: 0h:1m:26s (0h:0m:2s left)
Optimizing NNI: done in 0.0158125 secs using 94.48% CPU
Optimizing NNI: done in 0.00708453 secs using 94.47% CPU
Optimizing NNI: done in 0.00815383 secs using 94.48% CPU
Optimizing NNI: done in 0.00639587 secs using 93.9% CPU
Optimizing NNI: done in 0.0185481 secs using 74.35% CPU
Optimizing NNI: done in 0.0110421 secs using 94.33% CPU
Optimizing NNI: done in 0.00971772 secs using 94.48% CPU
Optimizing NNI: done in 0.0126886 secs using 94.49% CPU
Optimizing NNI: done in 0.00947929 secs using 94.48% CPU
Optimizing NNI: done in 0.013672 secs using 94.48% CPU
Iteration 770 / LogL: -2486.190 / Time: 0h:1m:26s (0h:0m:2s left)
Optimizing NNI: done in 0.0102781 secs using 94.48% CPU
Optimizing NNI: done in 0.0111873 secs using 94.49% CPU
Optimizing NNI: done in 0.00935031 secs using 94.48% CPU
Optimizing NNI: done in 0.0091259 secs using 94.48% CPU
Optimizing NNI: done in 0.00988585 secs using 94.48% CPU
Optimizing NNI: done in 0.0112287 secs using 94.48% CPU
Optimizing NNI: done in 0.00967577 secs using 94.48% CPU
Optimizing NNI: done in 0.00924025 secs using 94.42% CPU
Optimizing NNI: done in 0.0104122 secs using 94.49% CPU
Optimizing NNI: done in 0.00896956 secs using 94.48% CPU
Iteration 780 / LogL: -2502.053 / Time: 0h:1m:27s (0h:0m:1s left)
Optimizing NNI: done in 0.00957741 secs using 94.47% CPU
Optimizing NNI: done in 0.0134003 secs using 94.48% CPU
Optimizing NNI: done in 0.00917932 secs using 94.48% CPU
Optimizing NNI: done in 0.0118875 secs using 94.49% CPU
Optimizing NNI: done in 0.00990973 secs using 94.49% CPU
Optimizing NNI: done in 0.0173396 secs using 94.47% CPU
Optimizing NNI: done in 0.0127981 secs using 94.48% CPU
Optimizing NNI: done in 0.00877559 secs using 94.48% CPU
Optimizing NNI: done in 0.015133 secs using 94.48% CPU
Optimizing NNI: done in 0.0147419 secs using 94.3% CPU
Iteration 790 / LogL: -2481.289 / Time: 0h:1m:27s (0h:0m:1s left)
Optimizing NNI: done in 0.0112025 secs using 94.49% CPU
Optimizing NNI: done in 0.0129834 secs using 94.49% CPU
Optimizing NNI: done in 0.0095024 secs using 94.48% CPU
Optimizing NNI: done in 0.00922113 secs using 94.49% CPU
Optimizing NNI: done in 0.0127192 secs using 94.49% CPU
Optimizing NNI: done in 0.00999887 secs using 94.47% CPU
Optimizing NNI: done in 0.0116919 secs using 94.48% CPU
Optimizing NNI: done in 0.00953965 secs using 94.49% CPU
Optimizing NNI: done in 0.00948614 secs using 94.47% CPU
Optimizing NNI: done in 0.0110695 secs using 94.48% CPU
Iteration 800 / LogL: -2481.273 / Time: 0h:1m:28s (0h:0m:0s left)
Log-likelihood cutoff on original alignment: -2521.668
NOTE: Bootstrap correlation coefficient of split occurrence frequencies: 0.951
NOTE: UFBoot does not converge, continue at least 100 more iterations
Optimizing NNI: done in 0.0144919 secs using 94.47% CPU
Optimizing NNI: done in 0.0180284 secs using 73.92% CPU
Optimizing NNI: done in 0.0138288 secs using 92.28% CPU
Optimizing NNI: done in 0.0144557 secs using 92.28% CPU
Optimizing NNI: done in 0.0142612 secs using 92.27% CPU
Optimizing NNI: done in 0.0149123 secs using 92.27% CPU
Optimizing NNI: done in 0.0106169 secs using 57.92% CPU
Optimizing NNI: done in 0.0152365 secs using 92.25% CPU
Optimizing NNI: done in 0.0129496 secs using 92.18% CPU
Optimizing NNI: done in 0.01325 secs using 63.85% CPU
Iteration 810 / LogL: -2486.692 / Time: 0h:1m:29s (0h:0m:4s left)
Optimizing NNI: done in 0.0157567 secs using 92.21% CPU
Optimizing NNI: done in 0.00949568 secs using 92.26% CPU
Optimizing NNI: done in 0.0104647 secs using 92.27% CPU
Optimizing NNI: done in 0.00636138 secs using 92.24% CPU
Optimizing NNI: done in 0.00931236 secs using 51.94% CPU
Optimizing NNI: done in 0.0163592 secs using 92.27% CPU
Optimizing NNI: done in 0.00992153 secs using 92.26% CPU
Optimizing NNI: done in 0.00962193 secs using 92.27% CPU
Optimizing NNI: done in 0.0116284 secs using 92.27% CPU
Optimizing NNI: done in 0.00970953 secs using 92.26% CPU
Iteration 820 / LogL: -2481.273 / Time: 0h:1m:29s (0h:0m:3s left)
Optimizing NNI: done in 0.00671087 secs using 92.27% CPU
Optimizing NNI: done in 0.00591725 secs using 92.26% CPU
Optimizing NNI: done in 0.0123954 secs using 92.27% CPU
Optimizing NNI: done in 0.00806063 secs using 92.26% CPU
Optimizing NNI: done in 0.0159113 secs using 92.27% CPU
Optimizing NNI: done in 0.0102715 secs using 92.27% CPU
Optimizing NNI: done in 0.0144174 secs using 92.28% CPU
Optimizing NNI: done in 0.0098944 secs using 92.27% CPU
Optimizing NNI: done in 0.0178588 secs using 92.28% CPU
Optimizing NNI: done in 0.0113901 secs using 92.27% CPU
Iteration 830 / LogL: -2481.273 / Time: 0h:1m:30s (0h:0m:3s left)
Optimizing NNI: done in 0.0106657 secs using 92.27% CPU
Optimizing NNI: done in 0.0102969 secs using 91.84% CPU
Optimizing NNI: done in 0.0146951 secs using 92.28% CPU
Optimizing NNI: done in 0.00618253 secs using 92.26% CPU
Optimizing NNI: done in 0.0100111 secs using 92.26% CPU
BETTER TREE FOUND at iteration 835: -2481.271
Optimizing NNI: done in 0.0107518 secs using 92.25% CPU
Optimizing NNI: done in 0.00834925 secs using 92.25% CPU
Optimizing NNI: done in 0.0235459 secs using 77.59% CPU
Optimizing NNI: done in 0.00832677 secs using 92.12% CPU
Optimizing NNI: done in 0.0110375 secs using 92.27% CPU
Iteration 840 / LogL: -2481.278 / Time: 0h:1m:30s (0h:0m:4s left)
Optimizing NNI: done in 0.00925605 secs using 92.26% CPU
Optimizing NNI: done in 0.0174235 secs using 92.28% CPU
Optimizing NNI: done in 0.00983601 secs using 92.25% CPU
Optimizing NNI: done in 0.0104364 secs using 92.26% CPU
Optimizing NNI: done in 0.0128793 secs using 92.26% CPU
Optimizing NNI: done in 0.0139727 secs using 92.27% CPU
Optimizing NNI: done in 0.0101863 secs using 92.26% CPU
Optimizing NNI: done in 0.0119378 secs using 92.27% CPU
Optimizing NNI: done in 0.0103826 secs using 92.27% CPU
Optimizing NNI: done in 0.0136104 secs using 92.28% CPU
Iteration 850 / LogL: -2481.281 / Time: 0h:1m:31s (0h:0m:4s left)
Log-likelihood cutoff on original alignment: -2522.287
Optimizing NNI: done in 0.0101871 secs using 92.26% CPU
Optimizing NNI: done in 0.0112352 secs using 92.27% CPU
Optimizing NNI: done in 0.0106137 secs using 60.45% CPU
Optimizing NNI: done in 0.0117716 secs using 60.38% CPU
Optimizing NNI: done in 0.00934383 secs using 92.26% CPU
Optimizing NNI: done in 0.0128031 secs using 92.27% CPU
Optimizing NNI: done in 0.00498584 secs using 92.26% CPU
Optimizing NNI: done in 0.00988479 secs using 92.26% CPU
Optimizing NNI: done in 0.0148836 secs using 92.27% CPU
Optimizing NNI: done in 0.0114827 secs using 92.27% CPU
Iteration 860 / LogL: -2486.684 / Time: 0h:1m:32s (0h:0m:3s left)
Optimizing NNI: done in 0.0101818 secs using 92.27% CPU
Optimizing NNI: done in 0.010125 secs using 92.26% CPU
Optimizing NNI: done in 0.00686888 secs using 92.08% CPU
Optimizing NNI: done in 0.00637687 secs using 92.26% CPU
Optimizing NNI: done in 0.0176876 secs using 92.28% CPU
Optimizing NNI: done in 0.00597443 secs using 92.26% CPU
Optimizing NNI: done in 0.00994033 secs using 92.26% CPU
Optimizing NNI: done in 0.0139201 secs using 92.27% CPU
Optimizing NNI: done in 0.00744913 secs using 92.27% CPU
BETTER TREE FOUND at iteration 869: -2481.271
Optimizing NNI: done in 0.0125034 secs using 92.25% CPU
Iteration 870 / LogL: -2481.275 / Time: 0h:1m:33s (0h:0m:4s left)
Optimizing NNI: done in 0.00960153 secs using 92.27% CPU
Optimizing NNI: done in 0.0137267 secs using 92.27% CPU
Optimizing NNI: done in 0.0102096 secs using 92.26% CPU
Optimizing NNI: done in 0.00942849 secs using 92.26% CPU
Optimizing NNI: done in 0.00978082 secs using 92.26% CPU
Optimizing NNI: done in 0.00956584 secs using 92.27% CPU
Optimizing NNI: done in 0.0102513 secs using 92.27% CPU
Optimizing NNI: done in 0.0142277 secs using 92.26% CPU
Optimizing NNI: done in 0.00974488 secs using 92.27% CPU
Optimizing NNI: done in 0.0115706 secs using 92.28% CPU
Iteration 880 / LogL: -2481.275 / Time: 0h:1m:33s (0h:0m:4s left)
Optimizing NNI: done in 0.00958945 secs using 92.26% CPU
Optimizing NNI: done in 0.0109948 secs using 92.25% CPU
Optimizing NNI: done in 0.00765389 secs using 92.25% CPU
Optimizing NNI: done in 0.0163991 secs using 92.28% CPU
Optimizing NNI: done in 0.0100618 secs using 92.26% CPU
BETTER TREE FOUND at iteration 885: -2481.271
Optimizing NNI: done in 0.0116149 secs using 92.27% CPU
Optimizing NNI: done in 0.0164962 secs using 92.28% CPU
Optimizing NNI: done in 0.00819851 secs using 92.26% CPU
Optimizing NNI: done in 0.0095195 secs using 92.26% CPU
Optimizing NNI: done in 0.016316 secs using 74.17% CPU
Iteration 890 / LogL: -2490.370 / Time: 0h:1m:34s (0h:0m:4s left)
Optimizing NNI: done in 0.00934803 secs using 92.27% CPU
Optimizing NNI: done in 0.0114272 secs using 92.25% CPU
Optimizing NNI: done in 0.0172386 secs using 92.28% CPU
Optimizing NNI: done in 0.0137671 secs using 92.28% CPU
Optimizing NNI: done in 0.0143754 secs using 92.26% CPU
Optimizing NNI: done in 0.0181099 secs using 92.27% CPU
Optimizing NNI: done in 0.0109377 secs using 92.27% CPU
Optimizing NNI: done in 0.0095025 secs using 92.27% CPU
Optimizing NNI: done in 0.00946497 secs using 92.27% CPU
Optimizing NNI: done in 0.00956689 secs using 92.26% CPU
Iteration 900 / LogL: -2481.275 / Time: 0h:1m:34s (0h:0m:4s left)
Log-likelihood cutoff on original alignment: -2522.826
NOTE: Bootstrap correlation coefficient of split occurrence frequencies: 0.941
NOTE: UFBoot does not converge, continue at least 100 more iterations
Optimizing NNI: done in 0.0147298 secs using 92.26% CPU
Optimizing NNI: done in 0.010027 secs using 92.26% CPU
Optimizing NNI: done in 0.00866154 secs using 92.25% CPU
Optimizing NNI: done in 0.00898948 secs using 55.42% CPU
Optimizing NNI: done in 0.00986096 secs using 92.22% CPU
Optimizing NNI: done in 0.0105712 secs using 91.88% CPU
Optimizing NNI: done in 0.00601113 secs using 92.25% CPU
Optimizing NNI: done in 0.0133207 secs using 92.27% CPU
Optimizing NNI: done in 0.00687739 secs using 92.26% CPU
Optimizing NNI: done in 0.00758986 secs using 92.25% CPU
Iteration 910 / LogL: -2481.276 / Time: 0h:1m:35s (0h:0m:4s left)
Optimizing NNI: done in 0.00998878 secs using 92.27% CPU
Optimizing NNI: done in 0.0156041 secs using 92.28% CPU
Optimizing NNI: done in 0.0126648 secs using 92.28% CPU
Optimizing NNI: done in 0.00882755 secs using 92.27% CPU
Optimizing NNI: done in 0.0136193 secs using 92.27% CPU
Optimizing NNI: done in 0.0112362 secs using 60.64% CPU
Optimizing NNI: done in 0.0114172 secs using 59.84% CPU
Optimizing NNI: done in 0.0101401 secs using 92.26% CPU
Optimizing NNI: done in 0.00934854 secs using 52.66% CPU
Optimizing NNI: done in 0.0109912 secs using 92.27% CPU
Iteration 920 / LogL: -2481.277 / Time: 0h:1m:36s (0h:0m:4s left)
Optimizing NNI: done in 0.0135995 secs using 92.28% CPU
Optimizing NNI: done in 0.0132119 secs using 92.27% CPU
Optimizing NNI: done in 0.0101092 secs using 92.26% CPU
Optimizing NNI: done in 0.0077022 secs using 92.25% CPU
Optimizing NNI: done in 0.0151539 secs using 95.82% CPU
Optimizing NNI: done in 0.00968524 secs using 95.81% CPU
Optimizing NNI: done in 0.00969714 secs using 95.81% CPU
Optimizing NNI: done in 0.00999856 secs using 95.82% CPU
Optimizing NNI: done in 0.00927932 secs using 95.7% CPU
Optimizing NNI: done in 0.00842932 secs using 95.69% CPU
Iteration 930 / LogL: -2510.220 / Time: 0h:1m:36s (0h:0m:3s left)
Optimizing NNI: done in 0.00626212 secs using 95.8% CPU
Optimizing NNI: done in 0.00963425 secs using 95.81% CPU
Optimizing NNI: done in 0.00996762 secs using 95.35% CPU
Optimizing NNI: done in 0.0102809 secs using 95.55% CPU
Optimizing NNI: done in 0.0171042 secs using 95.78% CPU
Optimizing NNI: done in 0.0102155 secs using 95.8% CPU
Optimizing NNI: done in 0.0154605 secs using 95.82% CPU
Optimizing NNI: done in 0.00830366 secs using 95.55% CPU
Optimizing NNI: done in 0.00801716 secs using 95.77% CPU
Optimizing NNI: done in 0.00942925 secs using 94.01% CPU
Iteration 940 / LogL: -2481.283 / Time: 0h:1m:37s (0h:0m:3s left)
Optimizing NNI: done in 0.00629537 secs using 94.31% CPU
Optimizing NNI: done in 0.00573908 secs using 94.32% CPU
Optimizing NNI: done in 0.00968649 secs using 94.34% CPU
Optimizing NNI: done in 0.00869533 secs using 94.03% CPU
Optimizing NNI: done in 0.0131947 secs using 94.33% CPU
Optimizing NNI: done in 0.00965098 secs using 94.33% CPU
Optimizing NNI: done in 0.0103764 secs using 94.33% CPU
Optimizing NNI: done in 0.00950126 secs using 94.31% CPU
Optimizing NNI: done in 0.00911665 secs using 94.31% CPU
Optimizing NNI: done in 0.0157258 secs using 94.33% CPU
Iteration 950 / LogL: -2481.276 / Time: 0h:1m:38s (0h:0m:2s left)
Log-likelihood cutoff on original alignment: -2522.826
Optimizing NNI: done in 0.00918816 secs using 94.3% CPU
Optimizing NNI: done in 0.012633 secs using 94.33% CPU
BETTER TREE FOUND at iteration 952: -2481.271
Optimizing NNI: done in 0.00942225 secs using 94% CPU
Optimizing NNI: done in 0.013515 secs using 94.26% CPU
Optimizing NNI: done in 0.0124769 secs using 94.12% CPU
Optimizing NNI: done in 0.00811395 secs using 94.32% CPU
Optimizing NNI: done in 0.00889788 secs using 94.11% CPU
Optimizing NNI: done in 0.0126671 secs using 94.33% CPU
Optimizing NNI: done in 0.00645094 secs using 94.33% CPU
Optimizing NNI: done in 0.0148496 secs using 94.33% CPU
Iteration 960 / LogL: -2481.271 / Time: 0h:1m:39s (0h:0m:4s left)
Optimizing NNI: done in 0.00950345 secs using 94.01% CPU
Optimizing NNI: done in 0.0103548 secs using 94.16% CPU
Optimizing NNI: done in 0.00924743 secs using 94.32% CPU
Optimizing NNI: done in 0.0087883 secs using 94.32% CPU
Optimizing NNI: done in 0.0145217 secs using 68.51% CPU
Optimizing NNI: done in 0.00934037 secs using 94.21% CPU
Optimizing NNI: done in 0.00996333 secs using 93.88% CPU
Optimizing NNI: done in 0.0138492 secs using 67.17% CPU
Optimizing NNI: done in 0.0134462 secs using 94.34% CPU
Optimizing NNI: done in 0.0089302 secs using 94.12% CPU
Iteration 970 / LogL: -2481.283 / Time: 0h:1m:39s (0h:0m:4s left)
Optimizing NNI: done in 0.00896146 secs using 94.33% CPU
Optimizing NNI: done in 0.00832863 secs using 93.27% CPU
Optimizing NNI: done in 0.0143826 secs using 94.24% CPU
Optimizing NNI: done in 0.0155384 secs using 94.15% CPU
Optimizing NNI: done in 0.00926655 secs using 94.05% CPU
Optimizing NNI: done in 0.0145648 secs using 94.28% CPU
Optimizing NNI: done in 0.0152995 secs using 94.34% CPU
Optimizing NNI: done in 0.00663073 secs using 94.32% CPU
Optimizing NNI: done in 0.00830315 secs using 49.13% CPU
Optimizing NNI: done in 0.0125436 secs using 94.15% CPU
Iteration 980 / LogL: -2481.286 / Time: 0h:1m:40s (0h:0m:3s left)
Optimizing NNI: done in 0.00562034 secs using 93.87% CPU
Optimizing NNI: done in 0.00802684 secs using 94.32% CPU
Optimizing NNI: done in 0.0136769 secs using 94.33% CPU
Optimizing NNI: done in 0.00853631 secs using 94.31% CPU
Optimizing NNI: done in 0.00826312 secs using 94.23% CPU
Optimizing NNI: done in 0.0109891 secs using 93.77% CPU
Optimizing NNI: done in 0.00866619 secs using 94.33% CPU
Optimizing NNI: done in 0.0147945 secs using 94.35% CPU
Optimizing NNI: done in 0.0133279 secs using 94.34% CPU
Optimizing NNI: done in 0.0101506 secs using 94.13% CPU
Iteration 990 / LogL: -2481.275 / Time: 0h:1m:40s (0h:0m:3s left)
Optimizing NNI: done in 0.00659425 secs using 94.32% CPU
Optimizing NNI: done in 0.00901551 secs using 94.33% CPU
Optimizing NNI: done in 0.0120037 secs using 94.35% CPU
Optimizing NNI: done in 0.0132201 secs using 94.33% CPU
Optimizing NNI: done in 0.0133734 secs using 94.31% CPU
Optimizing NNI: done in 0.0136015 secs using 94.2% CPU
Optimizing NNI: done in 0.0156145 secs using 94.21% CPU
Optimizing NNI: done in 0.0101076 secs using 94.33% CPU
Optimizing NNI: done in 0.00945525 secs using 93.96% CPU
Optimizing NNI: done in 0.0102492 secs using 94.07% CPU
Iteration 1000 / LogL: -2481.274 / Time: 0h:1m:41s (0h:0m:2s left)
Log-likelihood cutoff on original alignment: -2524.376
NOTE: Bootstrap correlation coefficient of split occurrence frequencies: 0.937
NOTE: UFBoot does not converge, continue at least 100 more iterations
Optimizing NNI: done in 0.0101034 secs using 94.32% CPU
WARNING: bootstrap analysis did not converge. You should rerun with higher number of iterations (-nm option)
TREE SEARCH COMPLETED AFTER 1001 ITERATIONS / Time: 0h:1m:41s

--------------------------------------------------------------------
|                    FINALIZING TREE SEARCH                        |
--------------------------------------------------------------------
Performs final model parameters optimization
Estimate model parameters (epsilon = 0.010)
1. Initial log-likelihood: -2481.271
Optimal log-likelihood: -2481.271
Rate parameters:  A-C: 1.00000  A-G: 15.57237  A-T: 1.00000  C-G: 1.00000  C-T: 15.57237  G-T: 1.00000
Base frequencies:  A: 0.346  C: 0.191  G: 0.230  T: 0.233
Parameters optimization took 1 rounds (0.001 sec)
BEST SCORE FOUND : -2481.271

Testing tree branches by SH-like aLRT with 10000 replicates...
0.399 sec.
Creating bootstrap support values...
Split supports printed to NEXUS file New_Brunswick.splits.nex
Total tree length: 0.017

Total number of iterations: 1001
CPU time used for tree search: 47.404 sec (0h:0m:47s)
Wall-clock time used for tree search: 52.125 sec (0h:0m:52s)
Total CPU time used: 120.418 sec (0h:2m:0s)
Total wall-clock time used: 103.050 sec (0h:1m:43s)

Computing bootstrap consensus tree...
Reading input file New_Brunswick.splits.nex...
32 taxa and 1589 splits.
Consensus tree written to New_Brunswick.contree
Reading input trees file New_Brunswick.contree
Log-likelihood of consensus tree: -2481.350

Analysis results written to: 
  IQ-TREE report:                New_Brunswick.iqtree
  Maximum-likelihood tree:       New_Brunswick.treefile
  Likelihood distances:          New_Brunswick.mldist

Ultrafast bootstrap approximation results written to:
  Split support values:          New_Brunswick.splits.nex
  Consensus tree:                New_Brunswick.contree
  Screen log file:               New_Brunswick.log

Date and Time: Fri Jan  9 09:22:16 2026
